{"/Users/gp/Documents/ensurancePharmacy/ensurance/src/components/ApiDiagnostics.vue": {"path":"/Users/gp/Documents/ensurancePharmacy/ensurance/src/components/ApiDiagnostics.vue","all":false,"statementMap":{"0":{"start":{"line":1,"column":0},"end":{"line":1,"column":10}},"1":{"start":{"line":2,"column":0},"end":{"line":2,"column":71}},"2":{"start":{"line":3,"column":0},"end":{"line":3,"column":64}},"4":{"start":{"line":5,"column":0},"end":{"line":5,"column":22}},"5":{"start":{"line":6,"column":0},"end":{"line":6,"column":22}},"7":{"start":{"line":8,"column":0},"end":{"line":8,"column":10}},"8":{"start":{"line":9,"column":0},"end":{"line":9,"column":13}},"9":{"start":{"line":10,"column":0},"end":{"line":10,"column":28}},"10":{"start":{"line":11,"column":0},"end":{"line":11,"column":27}},"11":{"start":{"line":12,"column":0},"end":{"line":12,"column":98}},"13":{"start":{"line":14,"column":0},"end":{"line":14,"column":69}},"14":{"start":{"line":15,"column":0},"end":{"line":15,"column":15}},"15":{"start":{"line":16,"column":0},"end":{"line":16,"column":10}},"17":{"start":{"line":18,"column":0},"end":{"line":18,"column":55}},"18":{"start":{"line":19,"column":0},"end":{"line":19,"column":31}},"19":{"start":{"line":20,"column":0},"end":{"line":20,"column":41}},"20":{"start":{"line":21,"column":0},"end":{"line":21,"column":70}},"21":{"start":{"line":22,"column":0},"end":{"line":22,"column":38}},"23":{"start":{"line":24,"column":0},"end":{"line":24,"column":15}},"24":{"start":{"line":25,"column":0},"end":{"line":25,"column":21}},"34":{"start":{"line":35,"column":0},"end":{"line":35,"column":44}},"40":{"start":{"line":41,"column":0},"end":{"line":41,"column":17}},"41":{"start":{"line":42,"column":0},"end":{"line":42,"column":12}},"42":{"start":{"line":43,"column":0},"end":{"line":43,"column":68}},"43":{"start":{"line":44,"column":0},"end":{"line":44,"column":12}},"44":{"start":{"line":45,"column":0},"end":{"line":45,"column":45}},"45":{"start":{"line":46,"column":0},"end":{"line":46,"column":77}},"47":{"start":{"line":48,"column":0},"end":{"line":48,"column":69}},"48":{"start":{"line":49,"column":0},"end":{"line":49,"column":14}},"49":{"start":{"line":50,"column":0},"end":{"line":50,"column":12}},"50":{"start":{"line":51,"column":0},"end":{"line":51,"column":43}},"51":{"start":{"line":52,"column":0},"end":{"line":52,"column":88}},"53":{"start":{"line":54,"column":0},"end":{"line":54,"column":42}},"54":{"start":{"line":55,"column":0},"end":{"line":55,"column":14}},"55":{"start":{"line":56,"column":0},"end":{"line":56,"column":15}},"56":{"start":{"line":57,"column":0},"end":{"line":57,"column":42}},"57":{"start":{"line":58,"column":0},"end":{"line":58,"column":29}},"58":{"start":{"line":59,"column":0},"end":{"line":59,"column":108}},"59":{"start":{"line":60,"column":0},"end":{"line":60,"column":9}},"61":{"start":{"line":62,"column":0},"end":{"line":62,"column":17}},"62":{"start":{"line":63,"column":0},"end":{"line":63,"column":12}},"64":{"start":{"line":65,"column":0},"end":{"line":65,"column":30}},"65":{"start":{"line":66,"column":0},"end":{"line":66,"column":41}},"66":{"start":{"line":67,"column":0},"end":{"line":67,"column":72}},"67":{"start":{"line":68,"column":0},"end":{"line":68,"column":38}},"69":{"start":{"line":70,"column":0},"end":{"line":70,"column":15}},"70":{"start":{"line":71,"column":0},"end":{"line":71,"column":21}},"80":{"start":{"line":81,"column":0},"end":{"line":81,"column":43}},"86":{"start":{"line":87,"column":0},"end":{"line":87,"column":17}},"87":{"start":{"line":88,"column":0},"end":{"line":88,"column":12}},"88":{"start":{"line":89,"column":0},"end":{"line":89,"column":67}},"89":{"start":{"line":90,"column":0},"end":{"line":90,"column":12}},"90":{"start":{"line":91,"column":0},"end":{"line":91,"column":44}},"91":{"start":{"line":92,"column":0},"end":{"line":92,"column":77}},"93":{"start":{"line":94,"column":0},"end":{"line":94,"column":68}},"94":{"start":{"line":95,"column":0},"end":{"line":95,"column":14}},"95":{"start":{"line":96,"column":0},"end":{"line":96,"column":12}},"96":{"start":{"line":97,"column":0},"end":{"line":97,"column":42}},"97":{"start":{"line":98,"column":0},"end":{"line":98,"column":88}},"99":{"start":{"line":100,"column":0},"end":{"line":100,"column":41}},"100":{"start":{"line":101,"column":0},"end":{"line":101,"column":14}},"101":{"start":{"line":102,"column":0},"end":{"line":102,"column":15}},"102":{"start":{"line":103,"column":0},"end":{"line":103,"column":41}},"103":{"start":{"line":104,"column":0},"end":{"line":104,"column":29}},"104":{"start":{"line":105,"column":0},"end":{"line":105,"column":108}},"105":{"start":{"line":106,"column":0},"end":{"line":106,"column":9}},"107":{"start":{"line":108,"column":0},"end":{"line":108,"column":17}},"108":{"start":{"line":109,"column":0},"end":{"line":109,"column":12}},"110":{"start":{"line":111,"column":0},"end":{"line":111,"column":30}},"111":{"start":{"line":112,"column":0},"end":{"line":112,"column":41}},"112":{"start":{"line":113,"column":0},"end":{"line":113,"column":71}},"113":{"start":{"line":114,"column":0},"end":{"line":114,"column":38}},"115":{"start":{"line":116,"column":0},"end":{"line":116,"column":15}},"116":{"start":{"line":117,"column":0},"end":{"line":117,"column":21}},"126":{"start":{"line":127,"column":0},"end":{"line":127,"column":43}},"132":{"start":{"line":133,"column":0},"end":{"line":133,"column":17}},"133":{"start":{"line":134,"column":0},"end":{"line":134,"column":12}},"134":{"start":{"line":135,"column":0},"end":{"line":135,"column":67}},"135":{"start":{"line":136,"column":0},"end":{"line":136,"column":12}},"136":{"start":{"line":137,"column":0},"end":{"line":137,"column":44}},"137":{"start":{"line":138,"column":0},"end":{"line":138,"column":77}},"139":{"start":{"line":140,"column":0},"end":{"line":140,"column":68}},"140":{"start":{"line":141,"column":0},"end":{"line":141,"column":14}},"141":{"start":{"line":142,"column":0},"end":{"line":142,"column":12}},"142":{"start":{"line":143,"column":0},"end":{"line":143,"column":42}},"143":{"start":{"line":144,"column":0},"end":{"line":144,"column":88}},"145":{"start":{"line":146,"column":0},"end":{"line":146,"column":41}},"146":{"start":{"line":147,"column":0},"end":{"line":147,"column":14}},"147":{"start":{"line":148,"column":0},"end":{"line":148,"column":15}},"148":{"start":{"line":149,"column":0},"end":{"line":149,"column":41}},"149":{"start":{"line":150,"column":0},"end":{"line":150,"column":29}},"150":{"start":{"line":151,"column":0},"end":{"line":151,"column":108}},"151":{"start":{"line":152,"column":0},"end":{"line":152,"column":9}},"153":{"start":{"line":154,"column":0},"end":{"line":154,"column":17}},"154":{"start":{"line":155,"column":0},"end":{"line":155,"column":12}},"155":{"start":{"line":156,"column":0},"end":{"line":156,"column":10}},"185":{"start":{"line":186,"column":0},"end":{"line":186,"column":8}},"189":{"start":{"line":190,"column":0},"end":{"line":190,"column":37}},"190":{"start":{"line":191,"column":0},"end":{"line":191,"column":26}},"191":{"start":{"line":192,"column":0},"end":{"line":192,"column":79}},"194":{"start":{"line":195,"column":0},"end":{"line":195,"column":60}},"195":{"start":{"line":196,"column":0},"end":{"line":196,"column":59}},"196":{"start":{"line":197,"column":0},"end":{"line":197,"column":59}},"199":{"start":{"line":200,"column":0},"end":{"line":200,"column":25}},"200":{"start":{"line":201,"column":0},"end":{"line":201,"column":78}},"201":{"start":{"line":202,"column":0},"end":{"line":202,"column":77}},"202":{"start":{"line":203,"column":0},"end":{"line":203,"column":24}},"203":{"start":{"line":204,"column":0},"end":{"line":204,"column":76}},"206":{"start":{"line":207,"column":0},"end":{"line":207,"column":39}},"207":{"start":{"line":208,"column":0},"end":{"line":208,"column":37}},"208":{"start":{"line":209,"column":0},"end":{"line":209,"column":37}},"211":{"start":{"line":212,"column":0},"end":{"line":212,"column":27}},"212":{"start":{"line":213,"column":0},"end":{"line":213,"column":25}},"213":{"start":{"line":214,"column":0},"end":{"line":214,"column":36}},"214":{"start":{"line":215,"column":0},"end":{"line":215,"column":35}},"215":{"start":{"line":216,"column":0},"end":{"line":216,"column":35}},"216":{"start":{"line":217,"column":0},"end":{"line":217,"column":32}},"217":{"start":{"line":218,"column":0},"end":{"line":218,"column":31}},"218":{"start":{"line":219,"column":0},"end":{"line":219,"column":31}},"219":{"start":{"line":220,"column":0},"end":{"line":220,"column":40}},"220":{"start":{"line":221,"column":0},"end":{"line":221,"column":39}},"221":{"start":{"line":222,"column":0},"end":{"line":222,"column":39}},"222":{"start":{"line":223,"column":0},"end":{"line":223,"column":3}},"225":{"start":{"line":226,"column":0},"end":{"line":226,"column":45}},"226":{"start":{"line":227,"column":0},"end":{"line":227,"column":23}},"227":{"start":{"line":228,"column":0},"end":{"line":228,"column":37}},"228":{"start":{"line":229,"column":0},"end":{"line":229,"column":44}},"229":{"start":{"line":230,"column":0},"end":{"line":230,"column":42}},"231":{"start":{"line":232,"column":0},"end":{"line":232,"column":7}},"233":{"start":{"line":234,"column":0},"end":{"line":234,"column":45}},"234":{"start":{"line":235,"column":0},"end":{"line":235,"column":39}},"235":{"start":{"line":236,"column":0},"end":{"line":236,"column":48}},"236":{"start":{"line":237,"column":0},"end":{"line":237,"column":19}},"237":{"start":{"line":238,"column":0},"end":{"line":238,"column":62}},"238":{"start":{"line":239,"column":0},"end":{"line":239,"column":40}},"239":{"start":{"line":240,"column":0},"end":{"line":240,"column":33}},"240":{"start":{"line":241,"column":0},"end":{"line":241,"column":55}},"241":{"start":{"line":242,"column":0},"end":{"line":242,"column":12}},"242":{"start":{"line":243,"column":0},"end":{"line":243,"column":40}},"243":{"start":{"line":244,"column":0},"end":{"line":244,"column":66}},"244":{"start":{"line":245,"column":0},"end":{"line":245,"column":5}},"245":{"start":{"line":246,"column":0},"end":{"line":246,"column":13}},"246":{"start":{"line":247,"column":0},"end":{"line":247,"column":26}},"247":{"start":{"line":248,"column":0},"end":{"line":248,"column":3}},"248":{"start":{"line":249,"column":0},"end":{"line":249,"column":2}},"251":{"start":{"line":252,"column":0},"end":{"line":252,"column":44}},"252":{"start":{"line":253,"column":0},"end":{"line":253,"column":23}},"253":{"start":{"line":254,"column":0},"end":{"line":254,"column":36}},"254":{"start":{"line":255,"column":0},"end":{"line":255,"column":43}},"255":{"start":{"line":256,"column":0},"end":{"line":256,"column":41}},"257":{"start":{"line":258,"column":0},"end":{"line":258,"column":7}},"259":{"start":{"line":260,"column":0},"end":{"line":260,"column":45}},"260":{"start":{"line":261,"column":0},"end":{"line":261,"column":38}},"261":{"start":{"line":262,"column":0},"end":{"line":262,"column":47}},"262":{"start":{"line":263,"column":0},"end":{"line":263,"column":19}},"263":{"start":{"line":264,"column":0},"end":{"line":264,"column":61}},"266":{"start":{"line":267,"column":0},"end":{"line":267,"column":9}},"267":{"start":{"line":268,"column":0},"end":{"line":268,"column":47}},"268":{"start":{"line":269,"column":0},"end":{"line":269,"column":43}},"269":{"start":{"line":270,"column":0},"end":{"line":270,"column":8}},"270":{"start":{"line":271,"column":0},"end":{"line":271,"column":40}},"271":{"start":{"line":272,"column":0},"end":{"line":272,"column":64}},"272":{"start":{"line":273,"column":0},"end":{"line":273,"column":29}},"273":{"start":{"line":274,"column":0},"end":{"line":274,"column":41}},"274":{"start":{"line":275,"column":0},"end":{"line":275,"column":35}},"275":{"start":{"line":276,"column":0},"end":{"line":276,"column":56}},"276":{"start":{"line":277,"column":0},"end":{"line":277,"column":14}},"277":{"start":{"line":278,"column":0},"end":{"line":278,"column":41}},"278":{"start":{"line":279,"column":0},"end":{"line":279,"column":70}},"279":{"start":{"line":280,"column":0},"end":{"line":280,"column":7}},"280":{"start":{"line":281,"column":0},"end":{"line":281,"column":5}},"281":{"start":{"line":282,"column":0},"end":{"line":282,"column":13}},"282":{"start":{"line":283,"column":0},"end":{"line":283,"column":26}},"283":{"start":{"line":284,"column":0},"end":{"line":284,"column":3}},"284":{"start":{"line":285,"column":0},"end":{"line":285,"column":2}},"287":{"start":{"line":288,"column":0},"end":{"line":288,"column":44}},"288":{"start":{"line":289,"column":0},"end":{"line":289,"column":23}},"289":{"start":{"line":290,"column":0},"end":{"line":290,"column":36}},"290":{"start":{"line":291,"column":0},"end":{"line":291,"column":43}},"291":{"start":{"line":292,"column":0},"end":{"line":292,"column":41}},"293":{"start":{"line":294,"column":0},"end":{"line":294,"column":7}},"294":{"start":{"line":295,"column":0},"end":{"line":295,"column":23}},"295":{"start":{"line":296,"column":0},"end":{"line":296,"column":38}},"296":{"start":{"line":297,"column":0},"end":{"line":297,"column":40}},"297":{"start":{"line":298,"column":0},"end":{"line":298,"column":46}},"298":{"start":{"line":299,"column":0},"end":{"line":299,"column":6}},"300":{"start":{"line":301,"column":0},"end":{"line":301,"column":26}},"302":{"start":{"line":303,"column":0},"end":{"line":303,"column":39}},"303":{"start":{"line":304,"column":0},"end":{"line":304,"column":11}},"304":{"start":{"line":305,"column":0},"end":{"line":305,"column":51}},"305":{"start":{"line":306,"column":0},"end":{"line":306,"column":42}},"306":{"start":{"line":307,"column":0},"end":{"line":307,"column":58}},"307":{"start":{"line":308,"column":0},"end":{"line":308,"column":25}},"308":{"start":{"line":309,"column":0},"end":{"line":309,"column":14}},"309":{"start":{"line":310,"column":0},"end":{"line":310,"column":31}},"310":{"start":{"line":311,"column":0},"end":{"line":311,"column":20}},"311":{"start":{"line":312,"column":0},"end":{"line":312,"column":70}},"312":{"start":{"line":313,"column":0},"end":{"line":313,"column":10}},"313":{"start":{"line":314,"column":0},"end":{"line":314,"column":7}},"314":{"start":{"line":315,"column":0},"end":{"line":315,"column":5}},"316":{"start":{"line":317,"column":0},"end":{"line":317,"column":21}},"317":{"start":{"line":318,"column":0},"end":{"line":318,"column":66}},"318":{"start":{"line":319,"column":0},"end":{"line":319,"column":5}},"319":{"start":{"line":320,"column":0},"end":{"line":320,"column":19}},"320":{"start":{"line":321,"column":0},"end":{"line":321,"column":61}},"321":{"start":{"line":322,"column":0},"end":{"line":322,"column":39}},"322":{"start":{"line":323,"column":0},"end":{"line":323,"column":33}},"323":{"start":{"line":324,"column":0},"end":{"line":324,"column":54}},"324":{"start":{"line":325,"column":0},"end":{"line":325,"column":12}},"325":{"start":{"line":326,"column":0},"end":{"line":326,"column":39}},"326":{"start":{"line":327,"column":0},"end":{"line":327,"column":67}},"327":{"start":{"line":328,"column":0},"end":{"line":328,"column":5}},"328":{"start":{"line":329,"column":0},"end":{"line":329,"column":13}},"329":{"start":{"line":330,"column":0},"end":{"line":330,"column":26}},"330":{"start":{"line":331,"column":0},"end":{"line":331,"column":3}},"331":{"start":{"line":332,"column":0},"end":{"line":332,"column":2}},"334":{"start":{"line":335,"column":0},"end":{"line":335,"column":33}},"335":{"start":{"line":336,"column":0},"end":{"line":336,"column":23}},"336":{"start":{"line":337,"column":0},"end":{"line":337,"column":34}},"337":{"start":{"line":338,"column":0},"end":{"line":338,"column":33}},"338":{"start":{"line":339,"column":0},"end":{"line":339,"column":33}},"339":{"start":{"line":340,"column":0},"end":{"line":340,"column":24}},"340":{"start":{"line":341,"column":0},"end":{"line":341,"column":2}},"342":{"start":{"line":343,"column":0},"end":{"line":343,"column":17}},"345":{"start":{"line":346,"column":0},"end":{"line":346,"column":3}}},"s":{"0":9,"1":1,"2":1,"4":1,"5":1,"7":1,"8":1,"9":1,"10":1,"11":1,"13":1,"14":1,"15":1,"17":1,"18":1,"19":1,"20":1,"21":1,"23":1,"24":1,"34":1,"40":1,"41":1,"42":1,"43":1,"44":1,"45":6,"47":6,"48":1,"49":1,"50":1,"51":2,"53":2,"54":1,"55":1,"56":1,"57":1,"58":1,"59":1,"61":1,"62":1,"64":1,"65":1,"66":1,"67":1,"69":1,"70":1,"80":1,"86":1,"87":1,"88":1,"89":1,"90":1,"91":4,"93":4,"94":1,"95":1,"96":1,"97":2,"99":2,"100":1,"101":1,"102":1,"103":1,"104":1,"105":1,"107":1,"108":1,"110":1,"111":1,"112":1,"113":1,"115":1,"116":1,"126":1,"132":1,"133":1,"134":1,"135":1,"136":1,"137":2,"139":2,"140":1,"141":1,"142":1,"143":1,"145":1,"146":1,"147":1,"148":1,"149":1,"150":1,"151":1,"153":1,"154":1,"155":1,"185":1,"189":1,"190":1,"191":1,"194":1,"195":1,"196":1,"199":1,"200":1,"201":1,"202":1,"203":1,"206":1,"207":1,"208":1,"211":1,"212":1,"213":1,"214":1,"215":1,"216":1,"217":1,"218":1,"219":1,"220":1,"221":1,"222":1,"225":1,"226":4,"227":4,"228":4,"229":4,"231":4,"233":4,"234":2,"235":2,"236":2,"237":2,"238":2,"239":2,"240":1,"241":1,"242":1,"243":1,"244":1,"245":4,"246":4,"247":4,"248":4,"251":1,"252":4,"253":4,"254":4,"255":4,"257":4,"259":4,"260":0,"261":0,"262":4,"263":4,"266":4,"267":4,"268":4,"269":4,"270":2,"271":2,"272":2,"273":2,"274":2,"275":1,"276":1,"277":1,"278":1,"279":1,"280":2,"281":4,"282":4,"283":4,"284":4,"287":1,"288":3,"289":3,"290":3,"291":3,"293":3,"294":3,"295":3,"296":3,"297":3,"298":3,"300":3,"302":3,"303":7,"304":7,"305":2,"306":2,"307":2,"308":2,"309":7,"310":5,"311":5,"312":5,"313":5,"314":7,"316":3,"317":1,"318":1,"319":3,"320":1,"321":1,"322":1,"323":1,"324":1,"325":0,"326":0,"327":0,"328":3,"329":3,"330":3,"331":3,"334":1,"335":1,"336":1,"337":1,"338":1,"339":1,"340":1,"342":1,"345":1},"branchMap":{"0":{"type":"branch","line":195,"loc":{"start":{"line":195,"column":37},"end":{"line":195,"column":60}},"locations":[{"start":{"line":195,"column":37},"end":{"line":195,"column":60}}]},"1":{"type":"branch","line":196,"loc":{"start":{"line":196,"column":36},"end":{"line":196,"column":59}},"locations":[{"start":{"line":196,"column":36},"end":{"line":196,"column":59}}]},"2":{"type":"branch","line":197,"loc":{"start":{"line":197,"column":36},"end":{"line":197,"column":59}},"locations":[{"start":{"line":197,"column":36},"end":{"line":197,"column":59}}]},"3":{"type":"branch","line":226,"loc":{"start":{"line":226,"column":32},"end":{"line":249,"column":2}},"locations":[{"start":{"line":226,"column":32},"end":{"line":249,"column":2}}]},"4":{"type":"branch","line":234,"loc":{"start":{"line":234,"column":43},"end":{"line":246,"column":4}},"locations":[{"start":{"line":234,"column":43},"end":{"line":246,"column":4}}]},"5":{"type":"branch","line":240,"loc":{"start":{"line":240,"column":32},"end":{"line":245,"column":5}},"locations":[{"start":{"line":240,"column":32},"end":{"line":245,"column":5}}]},"6":{"type":"branch","line":252,"loc":{"start":{"line":252,"column":31},"end":{"line":285,"column":2}},"locations":[{"start":{"line":252,"column":31},"end":{"line":285,"column":2}}]},"7":{"type":"branch","line":260,"loc":{"start":{"line":260,"column":43},"end":{"line":263,"column":11}},"locations":[{"start":{"line":260,"column":43},"end":{"line":263,"column":11}}]},"8":{"type":"branch","line":270,"loc":{"start":{"line":270,"column":6},"end":{"line":281,"column":5}},"locations":[{"start":{"line":270,"column":6},"end":{"line":281,"column":5}}]},"9":{"type":"branch","line":275,"loc":{"start":{"line":275,"column":34},"end":{"line":280,"column":7}},"locations":[{"start":{"line":275,"column":34},"end":{"line":280,"column":7}}]},"10":{"type":"branch","line":288,"loc":{"start":{"line":288,"column":31},"end":{"line":332,"column":2}},"locations":[{"start":{"line":288,"column":31},"end":{"line":332,"column":2}}]},"11":{"type":"branch","line":303,"loc":{"start":{"line":303,"column":38},"end":{"line":315,"column":5}},"locations":[{"start":{"line":303,"column":38},"end":{"line":315,"column":5}}]},"12":{"type":"branch","line":305,"loc":{"start":{"line":305,"column":49},"end":{"line":310,"column":15}},"locations":[{"start":{"line":305,"column":49},"end":{"line":310,"column":15}}]},"13":{"type":"branch","line":310,"loc":{"start":{"line":310,"column":6},"end":{"line":314,"column":7}},"locations":[{"start":{"line":310,"column":6},"end":{"line":314,"column":7}}]},"14":{"type":"branch","line":317,"loc":{"start":{"line":317,"column":20},"end":{"line":319,"column":5}},"locations":[{"start":{"line":317,"column":20},"end":{"line":319,"column":5}}]},"15":{"type":"branch","line":320,"loc":{"start":{"line":320,"column":2},"end":{"line":329,"column":4}},"locations":[{"start":{"line":320,"column":2},"end":{"line":329,"column":4}}]},"16":{"type":"branch","line":325,"loc":{"start":{"line":325,"column":4},"end":{"line":328,"column":5}},"locations":[{"start":{"line":325,"column":4},"end":{"line":328,"column":5}}]},"17":{"type":"branch","line":335,"loc":{"start":{"line":335,"column":20},"end":{"line":341,"column":2}},"locations":[{"start":{"line":335,"column":20},"end":{"line":341,"column":2}}]},"18":{"type":"branch","line":343,"loc":{"start":{"line":343,"column":10},"end":{"line":346,"column":1}},"locations":[{"start":{"line":343,"column":10},"end":{"line":346,"column":1}}]},"19":{"type":"branch","line":14,"loc":{"start":{"line":14,"column":11},"end":{"line":14,"column":69}},"locations":[{"start":{"line":14,"column":11},"end":{"line":14,"column":69}}]},"20":{"type":"branch","line":14,"loc":{"start":{"line":14,"column":18},"end":{"line":14,"column":69}},"locations":[{"start":{"line":14,"column":18},"end":{"line":14,"column":69}}]},"21":{"type":"branch","line":42,"loc":{"start":{"line":42,"column":11},"end":{"line":42,"column":12}},"locations":[{"start":{"line":42,"column":11},"end":{"line":42,"column":12}}]},"22":{"type":"branch","line":25,"loc":{"start":{"line":25,"column":20},"end":{"line":25,"column":21}},"locations":[{"start":{"line":25,"column":20},"end":{"line":25,"column":21}}]},"23":{"type":"branch","line":25,"loc":{"start":{"line":25,"column":20},"end":{"line":25,"column":21}},"locations":[{"start":{"line":25,"column":20},"end":{"line":25,"column":21}}]},"24":{"type":"branch","line":25,"loc":{"start":{"line":25,"column":20},"end":{"line":25,"column":21}},"locations":[{"start":{"line":25,"column":20},"end":{"line":25,"column":21}}]},"25":{"type":"branch","line":25,"loc":{"start":{"line":25,"column":20},"end":{"line":25,"column":21}},"locations":[{"start":{"line":25,"column":20},"end":{"line":25,"column":21}}]},"26":{"type":"branch","line":35,"loc":{"start":{"line":35,"column":35},"end":{"line":35,"column":40}},"locations":[{"start":{"line":35,"column":35},"end":{"line":35,"column":40}}]},"27":{"type":"branch","line":35,"loc":{"start":{"line":35,"column":35},"end":{"line":35,"column":44}},"locations":[{"start":{"line":35,"column":35},"end":{"line":35,"column":44}}]},"28":{"type":"branch","line":35,"loc":{"start":{"line":35,"column":40},"end":{"line":35,"column":44}},"locations":[{"start":{"line":35,"column":40},"end":{"line":35,"column":44}}]},"29":{"type":"branch","line":35,"loc":{"start":{"line":35,"column":40},"end":{"line":35,"column":44}},"locations":[{"start":{"line":35,"column":40},"end":{"line":35,"column":44}}]},"30":{"type":"branch","line":45,"loc":{"start":{"line":45,"column":28},"end":{"line":48,"column":69}},"locations":[{"start":{"line":45,"column":28},"end":{"line":48,"column":69}}]},"31":{"type":"branch","line":48,"loc":{"start":{"line":48,"column":56},"end":{"line":48,"column":69}},"locations":[{"start":{"line":48,"column":56},"end":{"line":48,"column":69}}]},"32":{"type":"branch","line":51,"loc":{"start":{"line":51,"column":28},"end":{"line":54,"column":42}},"locations":[{"start":{"line":51,"column":28},"end":{"line":54,"column":42}}]},"33":{"type":"branch","line":54,"loc":{"start":{"line":54,"column":39},"end":{"line":54,"column":42}},"locations":[{"start":{"line":54,"column":39},"end":{"line":54,"column":42}}]},"34":{"type":"branch","line":88,"loc":{"start":{"line":88,"column":11},"end":{"line":88,"column":12}},"locations":[{"start":{"line":88,"column":11},"end":{"line":88,"column":12}}]},"35":{"type":"branch","line":71,"loc":{"start":{"line":71,"column":20},"end":{"line":71,"column":21}},"locations":[{"start":{"line":71,"column":20},"end":{"line":71,"column":21}}]},"36":{"type":"branch","line":71,"loc":{"start":{"line":71,"column":20},"end":{"line":71,"column":21}},"locations":[{"start":{"line":71,"column":20},"end":{"line":71,"column":21}}]},"37":{"type":"branch","line":71,"loc":{"start":{"line":71,"column":20},"end":{"line":71,"column":21}},"locations":[{"start":{"line":71,"column":20},"end":{"line":71,"column":21}}]},"38":{"type":"branch","line":71,"loc":{"start":{"line":71,"column":20},"end":{"line":71,"column":21}},"locations":[{"start":{"line":71,"column":20},"end":{"line":71,"column":21}}]},"39":{"type":"branch","line":81,"loc":{"start":{"line":81,"column":34},"end":{"line":81,"column":39}},"locations":[{"start":{"line":81,"column":34},"end":{"line":81,"column":39}}]},"40":{"type":"branch","line":81,"loc":{"start":{"line":81,"column":34},"end":{"line":81,"column":43}},"locations":[{"start":{"line":81,"column":34},"end":{"line":81,"column":43}}]},"41":{"type":"branch","line":81,"loc":{"start":{"line":81,"column":39},"end":{"line":81,"column":43}},"locations":[{"start":{"line":81,"column":39},"end":{"line":81,"column":43}}]},"42":{"type":"branch","line":81,"loc":{"start":{"line":81,"column":39},"end":{"line":81,"column":43}},"locations":[{"start":{"line":81,"column":39},"end":{"line":81,"column":43}}]},"43":{"type":"branch","line":91,"loc":{"start":{"line":91,"column":28},"end":{"line":94,"column":68}},"locations":[{"start":{"line":91,"column":28},"end":{"line":94,"column":68}}]},"44":{"type":"branch","line":94,"loc":{"start":{"line":94,"column":55},"end":{"line":94,"column":68}},"locations":[{"start":{"line":94,"column":55},"end":{"line":94,"column":68}}]},"45":{"type":"branch","line":97,"loc":{"start":{"line":97,"column":28},"end":{"line":100,"column":41}},"locations":[{"start":{"line":97,"column":28},"end":{"line":100,"column":41}}]},"46":{"type":"branch","line":100,"loc":{"start":{"line":100,"column":38},"end":{"line":100,"column":41}},"locations":[{"start":{"line":100,"column":38},"end":{"line":100,"column":41}}]},"47":{"type":"branch","line":134,"loc":{"start":{"line":134,"column":11},"end":{"line":134,"column":12}},"locations":[{"start":{"line":134,"column":11},"end":{"line":134,"column":12}}]},"48":{"type":"branch","line":117,"loc":{"start":{"line":117,"column":20},"end":{"line":117,"column":21}},"locations":[{"start":{"line":117,"column":20},"end":{"line":117,"column":21}}]},"49":{"type":"branch","line":117,"loc":{"start":{"line":117,"column":20},"end":{"line":117,"column":21}},"locations":[{"start":{"line":117,"column":20},"end":{"line":117,"column":21}}]},"50":{"type":"branch","line":117,"loc":{"start":{"line":117,"column":20},"end":{"line":117,"column":21}},"locations":[{"start":{"line":117,"column":20},"end":{"line":117,"column":21}}]},"51":{"type":"branch","line":117,"loc":{"start":{"line":117,"column":20},"end":{"line":117,"column":21}},"locations":[{"start":{"line":117,"column":20},"end":{"line":117,"column":21}}]},"52":{"type":"branch","line":127,"loc":{"start":{"line":127,"column":34},"end":{"line":127,"column":39}},"locations":[{"start":{"line":127,"column":34},"end":{"line":127,"column":39}}]},"53":{"type":"branch","line":127,"loc":{"start":{"line":127,"column":34},"end":{"line":127,"column":43}},"locations":[{"start":{"line":127,"column":34},"end":{"line":127,"column":43}}]},"54":{"type":"branch","line":127,"loc":{"start":{"line":127,"column":39},"end":{"line":127,"column":43}},"locations":[{"start":{"line":127,"column":39},"end":{"line":127,"column":43}}]},"55":{"type":"branch","line":127,"loc":{"start":{"line":127,"column":39},"end":{"line":127,"column":43}},"locations":[{"start":{"line":127,"column":39},"end":{"line":127,"column":43}}]},"56":{"type":"branch","line":137,"loc":{"start":{"line":137,"column":28},"end":{"line":140,"column":68}},"locations":[{"start":{"line":137,"column":28},"end":{"line":140,"column":68}}]},"57":{"type":"branch","line":140,"loc":{"start":{"line":140,"column":55},"end":{"line":140,"column":68}},"locations":[{"start":{"line":140,"column":55},"end":{"line":140,"column":68}}]},"58":{"type":"branch","line":143,"loc":{"start":{"line":143,"column":28},"end":{"line":146,"column":41}},"locations":[{"start":{"line":143,"column":28},"end":{"line":146,"column":41}}]},"59":{"type":"branch","line":146,"loc":{"start":{"line":146,"column":38},"end":{"line":146,"column":41}},"locations":[{"start":{"line":146,"column":38},"end":{"line":146,"column":41}}]},"60":{"type":"branch","line":1,"loc":{"start":{"line":1,"column":0},"end":{"line":1,"column":10}},"locations":[{"start":{"line":1,"column":0},"end":{"line":1,"column":10}}]}},"b":{"0":[0],"1":[0],"2":[0],"3":[4],"4":[2],"5":[1],"6":[4],"7":[0],"8":[2],"9":[1],"10":[3],"11":[7],"12":[2],"13":[5],"14":[1],"15":[1],"16":[0],"17":[1],"18":[9],"19":[11],"20":[20],"21":[9],"22":[23],"23":[8],"24":[6],"25":[2],"26":[23],"27":[8],"28":[6],"29":[2],"30":[6],"31":[25],"32":[2],"33":[29],"34":[9],"35":[25],"36":[6],"37":[4],"38":[2],"39":[25],"40":[6],"41":[4],"42":[2],"43":[4],"44":[27],"45":[2],"46":[29],"47":[9],"48":[28],"49":[3],"50":[2],"51":[1],"52":[28],"53":[3],"54":[2],"55":[1],"56":[2],"57":[29],"58":[1],"59":[30],"60":[9]},"fnMap":{"0":{"name":"testInsuranceConnection","decl":{"start":{"line":226,"column":32},"end":{"line":249,"column":2}},"loc":{"start":{"line":226,"column":32},"end":{"line":249,"column":2}},"line":226},"1":{"name":"testHospitalConnection","decl":{"start":{"line":252,"column":31},"end":{"line":285,"column":2}},"loc":{"start":{"line":252,"column":31},"end":{"line":285,"column":2}},"line":252},"2":{"name":"testPharmacyConnection","decl":{"start":{"line":288,"column":31},"end":{"line":332,"column":2}},"loc":{"start":{"line":288,"column":31},"end":{"line":332,"column":2}},"line":288},"3":{"name":"runAllTests","decl":{"start":{"line":335,"column":20},"end":{"line":341,"column":2}},"loc":{"start":{"line":335,"column":20},"end":{"line":341,"column":2}},"line":335}},"f":{"0":4,"1":4,"2":3,"3":1}}
,"/Users/gp/Documents/ensurancePharmacy/ensurance/src/components/CorsTest.vue": {"path":"/Users/gp/Documents/ensurancePharmacy/ensurance/src/components/CorsTest.vue","all":false,"statementMap":{"0":{"start":{"line":1,"column":0},"end":{"line":1,"column":10}},"1":{"start":{"line":2,"column":0},"end":{"line":2,"column":19}},"2":{"start":{"line":3,"column":0},"end":{"line":3,"column":58}},"4":{"start":{"line":5,"column":0},"end":{"line":5,"column":27}},"5":{"start":{"line":6,"column":0},"end":{"line":6,"column":11}},"6":{"start":{"line":7,"column":0},"end":{"line":7,"column":16}},"7":{"start":{"line":8,"column":0},"end":{"line":8,"column":36}},"8":{"start":{"line":9,"column":0},"end":{"line":9,"column":76}},"9":{"start":{"line":10,"column":0},"end":{"line":10,"column":38}},"11":{"start":{"line":12,"column":0},"end":{"line":12,"column":142}},"13":{"start":{"line":14,"column":0},"end":{"line":14,"column":17}},"15":{"start":{"line":16,"column":0},"end":{"line":16,"column":74}},"16":{"start":{"line":17,"column":0},"end":{"line":17,"column":68}},"17":{"start":{"line":18,"column":0},"end":{"line":18,"column":14}},"19":{"start":{"line":20,"column":0},"end":{"line":20,"column":85}},"20":{"start":{"line":21,"column":0},"end":{"line":21,"column":31}},"21":{"start":{"line":22,"column":0},"end":{"line":22,"column":14}},"22":{"start":{"line":23,"column":0},"end":{"line":23,"column":12}},"24":{"start":{"line":25,"column":0},"end":{"line":25,"column":11}},"25":{"start":{"line":26,"column":0},"end":{"line":26,"column":16}},"26":{"start":{"line":27,"column":0},"end":{"line":27,"column":37}},"27":{"start":{"line":28,"column":0},"end":{"line":28,"column":78}},"28":{"start":{"line":29,"column":0},"end":{"line":29,"column":39}},"30":{"start":{"line":31,"column":0},"end":{"line":31,"column":143}},"32":{"start":{"line":33,"column":0},"end":{"line":33,"column":17}},"34":{"start":{"line":35,"column":0},"end":{"line":35,"column":75}},"35":{"start":{"line":36,"column":0},"end":{"line":36,"column":69}},"36":{"start":{"line":37,"column":0},"end":{"line":37,"column":14}},"38":{"start":{"line":39,"column":0},"end":{"line":39,"column":86}},"39":{"start":{"line":40,"column":0},"end":{"line":40,"column":32}},"40":{"start":{"line":41,"column":0},"end":{"line":41,"column":14}},"41":{"start":{"line":42,"column":0},"end":{"line":42,"column":12}},"43":{"start":{"line":44,"column":0},"end":{"line":44,"column":24}},"44":{"start":{"line":45,"column":0},"end":{"line":45,"column":73}},"45":{"start":{"line":46,"column":0},"end":{"line":46,"column":45}},"46":{"start":{"line":47,"column":0},"end":{"line":47,"column":72}},"47":{"start":{"line":48,"column":0},"end":{"line":48,"column":74}},"48":{"start":{"line":49,"column":0},"end":{"line":49,"column":55}},"49":{"start":{"line":50,"column":0},"end":{"line":50,"column":14}},"50":{"start":{"line":51,"column":0},"end":{"line":51,"column":12}},"52":{"start":{"line":53,"column":0},"end":{"line":53,"column":24}},"53":{"start":{"line":54,"column":0},"end":{"line":54,"column":70}},"54":{"start":{"line":55,"column":0},"end":{"line":55,"column":45}},"55":{"start":{"line":56,"column":0},"end":{"line":56,"column":109}},"56":{"start":{"line":57,"column":0},"end":{"line":57,"column":74}},"57":{"start":{"line":58,"column":0},"end":{"line":58,"column":86}},"58":{"start":{"line":59,"column":0},"end":{"line":59,"column":93}},"59":{"start":{"line":60,"column":0},"end":{"line":60,"column":72}},"60":{"start":{"line":61,"column":0},"end":{"line":61,"column":13}},"61":{"start":{"line":62,"column":0},"end":{"line":62,"column":12}},"62":{"start":{"line":63,"column":0},"end":{"line":63,"column":10}},"63":{"start":{"line":64,"column":0},"end":{"line":64,"column":8}},"67":{"start":{"line":68,"column":0},"end":{"line":68,"column":37}},"68":{"start":{"line":69,"column":0},"end":{"line":69,"column":79}},"70":{"start":{"line":71,"column":0},"end":{"line":71,"column":21}},"71":{"start":{"line":72,"column":0},"end":{"line":72,"column":18}},"72":{"start":{"line":73,"column":0},"end":{"line":73,"column":18}},"73":{"start":{"line":74,"column":0},"end":{"line":74,"column":3}},"75":{"start":{"line":76,"column":0},"end":{"line":76,"column":21}},"76":{"start":{"line":77,"column":0},"end":{"line":77,"column":24}},"77":{"start":{"line":78,"column":0},"end":{"line":78,"column":24}},"78":{"start":{"line":79,"column":0},"end":{"line":79,"column":3}},"80":{"start":{"line":81,"column":0},"end":{"line":81,"column":20}},"81":{"start":{"line":82,"column":0},"end":{"line":82,"column":34}},"82":{"start":{"line":83,"column":0},"end":{"line":83,"column":34}},"83":{"start":{"line":84,"column":0},"end":{"line":84,"column":3}},"85":{"start":{"line":86,"column":0},"end":{"line":86,"column":81}},"86":{"start":{"line":87,"column":0},"end":{"line":87,"column":83}},"87":{"start":{"line":88,"column":0},"end":{"line":88,"column":59}},"89":{"start":{"line":90,"column":0},"end":{"line":90,"column":38}},"90":{"start":{"line":91,"column":0},"end":{"line":91,"column":32}},"91":{"start":{"line":92,"column":0},"end":{"line":92,"column":31}},"92":{"start":{"line":93,"column":0},"end":{"line":93,"column":32}},"94":{"start":{"line":95,"column":0},"end":{"line":95,"column":7}},"95":{"start":{"line":96,"column":0},"end":{"line":96,"column":45}},"96":{"start":{"line":97,"column":0},"end":{"line":97,"column":36}},"97":{"start":{"line":98,"column":0},"end":{"line":98,"column":22}},"98":{"start":{"line":99,"column":0},"end":{"line":99,"column":79}},"99":{"start":{"line":100,"column":0},"end":{"line":100,"column":13}},"100":{"start":{"line":101,"column":0},"end":{"line":101,"column":35}},"101":{"start":{"line":102,"column":0},"end":{"line":102,"column":3}},"102":{"start":{"line":103,"column":0},"end":{"line":103,"column":2}},"104":{"start":{"line":105,"column":0},"end":{"line":105,"column":39}},"105":{"start":{"line":106,"column":0},"end":{"line":106,"column":33}},"106":{"start":{"line":107,"column":0},"end":{"line":107,"column":32}},"107":{"start":{"line":108,"column":0},"end":{"line":108,"column":33}},"109":{"start":{"line":110,"column":0},"end":{"line":110,"column":7}},"110":{"start":{"line":111,"column":0},"end":{"line":111,"column":45}},"111":{"start":{"line":112,"column":0},"end":{"line":112,"column":37}},"112":{"start":{"line":113,"column":0},"end":{"line":113,"column":22}},"113":{"start":{"line":114,"column":0},"end":{"line":114,"column":78}},"114":{"start":{"line":115,"column":0},"end":{"line":115,"column":13}},"115":{"start":{"line":116,"column":0},"end":{"line":116,"column":36}},"116":{"start":{"line":117,"column":0},"end":{"line":117,"column":3}},"117":{"start":{"line":118,"column":0},"end":{"line":118,"column":2}},"119":{"start":{"line":120,"column":0},"end":{"line":120,"column":17}},"120":{"start":{"line":121,"column":0},"end":{"line":121,"column":44}},"121":{"start":{"line":122,"column":0},"end":{"line":122,"column":3}}},"s":{"0":5,"1":5,"2":5,"4":5,"5":5,"6":5,"7":5,"8":5,"9":5,"11":5,"13":5,"15":5,"16":5,"17":5,"19":5,"20":5,"21":5,"22":5,"24":5,"25":5,"26":5,"27":5,"28":5,"30":5,"32":1,"34":1,"35":1,"36":1,"38":1,"39":1,"40":1,"41":1,"43":1,"44":1,"45":1,"46":1,"47":1,"48":1,"49":1,"50":1,"52":1,"53":1,"54":1,"55":1,"56":1,"57":1,"58":1,"59":1,"60":1,"61":1,"62":1,"63":1,"67":1,"68":1,"70":1,"71":1,"72":1,"73":1,"75":1,"76":1,"77":1,"78":1,"80":1,"81":1,"82":1,"83":1,"85":1,"86":1,"87":1,"89":1,"90":2,"91":2,"92":2,"94":2,"95":2,"96":1,"97":1,"98":1,"99":2,"100":2,"101":2,"102":2,"104":1,"105":2,"106":2,"107":2,"109":2,"110":2,"111":1,"112":1,"113":1,"114":2,"115":2,"116":2,"117":2,"119":1,"120":5,"121":1},"branchMap":{"0":{"type":"branch","line":88,"loc":{"start":{"line":88,"column":31},"end":{"line":88,"column":59}},"locations":[{"start":{"line":88,"column":31},"end":{"line":88,"column":59}}]},"1":{"type":"branch","line":90,"loc":{"start":{"line":90,"column":25},"end":{"line":103,"column":2}},"locations":[{"start":{"line":90,"column":25},"end":{"line":103,"column":2}}]},"2":{"type":"branch","line":96,"loc":{"start":{"line":96,"column":43},"end":{"line":100,"column":4}},"locations":[{"start":{"line":96,"column":43},"end":{"line":100,"column":4}}]},"3":{"type":"branch","line":99,"loc":{"start":{"line":99,"column":32},"end":{"line":99,"column":79}},"locations":[{"start":{"line":99,"column":32},"end":{"line":99,"column":79}}]},"4":{"type":"branch","line":105,"loc":{"start":{"line":105,"column":26},"end":{"line":118,"column":2}},"locations":[{"start":{"line":105,"column":26},"end":{"line":118,"column":2}}]},"5":{"type":"branch","line":111,"loc":{"start":{"line":111,"column":43},"end":{"line":115,"column":4}},"locations":[{"start":{"line":111,"column":43},"end":{"line":115,"column":4}}]},"6":{"type":"branch","line":120,"loc":{"start":{"line":120,"column":10},"end":{"line":122,"column":1}},"locations":[{"start":{"line":120,"column":10},"end":{"line":122,"column":1}}]},"7":{"type":"branch","line":12,"loc":{"start":{"line":12,"column":30},"end":{"line":12,"column":142}},"locations":[{"start":{"line":12,"column":30},"end":{"line":12,"column":142}}]},"8":{"type":"branch","line":1,"loc":{"start":{"line":1,"column":0},"end":{"line":14,"column":16}},"locations":[{"start":{"line":1,"column":0},"end":{"line":14,"column":16}}]},"9":{"type":"branch","line":16,"loc":{"start":{"line":16,"column":27},"end":{"line":17,"column":67}},"locations":[{"start":{"line":16,"column":27},"end":{"line":17,"column":67}}]},"10":{"type":"branch","line":17,"loc":{"start":{"line":17,"column":49},"end":{"line":17,"column":67}},"locations":[{"start":{"line":17,"column":49},"end":{"line":17,"column":67}}]},"11":{"type":"branch","line":20,"loc":{"start":{"line":20,"column":26},"end":{"line":21,"column":31}},"locations":[{"start":{"line":20,"column":26},"end":{"line":21,"column":31}}]},"12":{"type":"branch","line":21,"loc":{"start":{"line":21,"column":28},"end":{"line":21,"column":31}},"locations":[{"start":{"line":21,"column":28},"end":{"line":21,"column":31}}]},"13":{"type":"branch","line":31,"loc":{"start":{"line":31,"column":30},"end":{"line":31,"column":143}},"locations":[{"start":{"line":31,"column":30},"end":{"line":31,"column":143}}]},"14":{"type":"branch","line":1,"loc":{"start":{"line":1,"column":0},"end":{"line":33,"column":16}},"locations":[{"start":{"line":1,"column":0},"end":{"line":33,"column":16}}]},"15":{"type":"branch","line":35,"loc":{"start":{"line":35,"column":27},"end":{"line":36,"column":68}},"locations":[{"start":{"line":35,"column":27},"end":{"line":36,"column":68}}]},"16":{"type":"branch","line":36,"loc":{"start":{"line":36,"column":50},"end":{"line":36,"column":68}},"locations":[{"start":{"line":36,"column":50},"end":{"line":36,"column":68}}]},"17":{"type":"branch","line":39,"loc":{"start":{"line":39,"column":26},"end":{"line":40,"column":32}},"locations":[{"start":{"line":39,"column":26},"end":{"line":40,"column":32}}]},"18":{"type":"branch","line":40,"loc":{"start":{"line":40,"column":29},"end":{"line":40,"column":32}},"locations":[{"start":{"line":40,"column":29},"end":{"line":40,"column":32}}]},"19":{"type":"branch","line":47,"loc":{"start":{"line":47,"column":71},"end":{"line":47,"column":47}},"locations":[{"start":{"line":47,"column":71},"end":{"line":47,"column":47}}]},"20":{"type":"branch","line":48,"loc":{"start":{"line":48,"column":73},"end":{"line":48,"column":48}},"locations":[{"start":{"line":48,"column":73},"end":{"line":48,"column":48}}]},"21":{"type":"branch","line":49,"loc":{"start":{"line":49,"column":54},"end":{"line":49,"column":38}},"locations":[{"start":{"line":49,"column":54},"end":{"line":49,"column":38}}]},"22":{"type":"branch","line":58,"loc":{"start":{"line":58,"column":81},"end":{"line":59,"column":92}},"locations":[{"start":{"line":58,"column":81},"end":{"line":59,"column":92}}]},"23":{"type":"branch","line":59,"loc":{"start":{"line":59,"column":88},"end":{"line":60,"column":71}},"locations":[{"start":{"line":59,"column":88},"end":{"line":60,"column":71}}]}},"b":{"0":[0],"1":[2],"2":[1],"3":[0],"4":[2],"5":[1],"6":[5],"7":[2],"8":[5],"9":[1],"10":[12],"11":[1],"12":[12],"13":[2],"14":[5],"15":[1],"16":[12],"17":[1],"18":[12],"19":[5],"20":[5],"21":[5],"22":[5],"23":[5]},"fnMap":{"0":{"name":"testHospitalCors","decl":{"start":{"line":90,"column":25},"end":{"line":103,"column":2}},"loc":{"start":{"line":90,"column":25},"end":{"line":103,"column":2}},"line":90},"1":{"name":"testInsuranceCors","decl":{"start":{"line":105,"column":26},"end":{"line":118,"column":2}},"loc":{"start":{"line":105,"column":26},"end":{"line":118,"column":2}},"line":105}},"f":{"0":2,"1":2}}
,"/Users/gp/Documents/ensurancePharmacy/ensurance/src/components/PortSelector.vue": {"path":"/Users/gp/Documents/ensurancePharmacy/ensurance/src/components/PortSelector.vue","all":false,"statementMap":{"0":{"start":{"line":1,"column":0},"end":{"line":1,"column":24}},"1":{"start":{"line":2,"column":0},"end":{"line":2,"column":37}},"2":{"start":{"line":3,"column":0},"end":{"line":3,"column":72}},"5":{"start":{"line":6,"column":0},"end":{"line":6,"column":34}},"6":{"start":{"line":7,"column":0},"end":{"line":7,"column":33}},"7":{"start":{"line":8,"column":0},"end":{"line":8,"column":29}},"8":{"start":{"line":9,"column":0},"end":{"line":9,"column":33}},"9":{"start":{"line":10,"column":0},"end":{"line":10,"column":50}},"12":{"start":{"line":13,"column":0},"end":{"line":13,"column":17}},"14":{"start":{"line":15,"column":0},"end":{"line":15,"column":60}},"15":{"start":{"line":16,"column":0},"end":{"line":16,"column":20}},"16":{"start":{"line":17,"column":0},"end":{"line":17,"column":9}},"17":{"start":{"line":18,"column":0},"end":{"line":18,"column":45}},"18":{"start":{"line":19,"column":0},"end":{"line":19,"column":67}},"19":{"start":{"line":20,"column":0},"end":{"line":20,"column":64}},"20":{"start":{"line":21,"column":0},"end":{"line":21,"column":21}},"21":{"start":{"line":22,"column":0},"end":{"line":22,"column":71}},"22":{"start":{"line":23,"column":0},"end":{"line":23,"column":5}},"23":{"start":{"line":24,"column":0},"end":{"line":24,"column":3}},"26":{"start":{"line":27,"column":0},"end":{"line":27,"column":26}},"27":{"start":{"line":28,"column":0},"end":{"line":28,"column":3}},"30":{"start":{"line":31,"column":0},"end":{"line":31,"column":33}},"32":{"start":{"line":33,"column":0},"end":{"line":33,"column":78}},"33":{"start":{"line":34,"column":0},"end":{"line":34,"column":60}},"34":{"start":{"line":35,"column":0},"end":{"line":35,"column":11}},"35":{"start":{"line":36,"column":0},"end":{"line":36,"column":3}},"38":{"start":{"line":39,"column":0},"end":{"line":39,"column":21}},"39":{"start":{"line":40,"column":0},"end":{"line":40,"column":35}},"40":{"start":{"line":41,"column":0},"end":{"line":41,"column":32}},"41":{"start":{"line":42,"column":0},"end":{"line":42,"column":5}},"44":{"start":{"line":45,"column":0},"end":{"line":45,"column":29}},"45":{"start":{"line":46,"column":0},"end":{"line":46,"column":53}},"46":{"start":{"line":47,"column":0},"end":{"line":47,"column":10}},"47":{"start":{"line":48,"column":0},"end":{"line":48,"column":48}},"48":{"start":{"line":49,"column":0},"end":{"line":49,"column":3}},"50":{"start":{"line":51,"column":0},"end":{"line":51,"column":27}},"51":{"start":{"line":52,"column":0},"end":{"line":52,"column":2}},"54":{"start":{"line":55,"column":0},"end":{"line":55,"column":45}},"55":{"start":{"line":56,"column":0},"end":{"line":56,"column":29}},"56":{"start":{"line":57,"column":0},"end":{"line":57,"column":52}},"57":{"start":{"line":58,"column":0},"end":{"line":58,"column":1}},"61":{"start":{"line":62,"column":0},"end":{"line":62,"column":127}},"62":{"start":{"line":63,"column":0},"end":{"line":63,"column":67}},"63":{"start":{"line":64,"column":0},"end":{"line":64,"column":58}},"64":{"start":{"line":65,"column":0},"end":{"line":65,"column":81}},"65":{"start":{"line":66,"column":0},"end":{"line":66,"column":12}},"67":{"start":{"line":68,"column":0},"end":{"line":68,"column":36}},"69":{"start":{"line":70,"column":0},"end":{"line":70,"column":10}},"71":{"start":{"line":72,"column":0},"end":{"line":72,"column":29}},"72":{"start":{"line":73,"column":0},"end":{"line":73,"column":13}},"73":{"start":{"line":74,"column":0},"end":{"line":74,"column":113}},"74":{"start":{"line":75,"column":0},"end":{"line":75,"column":54}},"75":{"start":{"line":76,"column":0},"end":{"line":76,"column":128}},"76":{"start":{"line":77,"column":0},"end":{"line":77,"column":30}},"77":{"start":{"line":78,"column":0},"end":{"line":78,"column":19}},"78":{"start":{"line":79,"column":0},"end":{"line":79,"column":18}},"79":{"start":{"line":80,"column":0},"end":{"line":80,"column":32}},"80":{"start":{"line":81,"column":0},"end":{"line":81,"column":37}},"81":{"start":{"line":82,"column":0},"end":{"line":82,"column":25}},"82":{"start":{"line":83,"column":0},"end":{"line":83,"column":157}},"83":{"start":{"line":84,"column":0},"end":{"line":84,"column":32}},"84":{"start":{"line":85,"column":0},"end":{"line":85,"column":14}},"85":{"start":{"line":86,"column":0},"end":{"line":86,"column":16}},"86":{"start":{"line":87,"column":0},"end":{"line":87,"column":79}},"87":{"start":{"line":88,"column":0},"end":{"line":88,"column":14}},"89":{"start":{"line":90,"column":0},"end":{"line":90,"column":13}},"90":{"start":{"line":91,"column":0},"end":{"line":91,"column":111}},"91":{"start":{"line":92,"column":0},"end":{"line":92,"column":54}},"92":{"start":{"line":93,"column":0},"end":{"line":93,"column":128}},"93":{"start":{"line":94,"column":0},"end":{"line":94,"column":30}},"94":{"start":{"line":95,"column":0},"end":{"line":95,"column":19}},"95":{"start":{"line":96,"column":0},"end":{"line":96,"column":18}},"96":{"start":{"line":97,"column":0},"end":{"line":97,"column":31}},"97":{"start":{"line":98,"column":0},"end":{"line":98,"column":36}},"98":{"start":{"line":99,"column":0},"end":{"line":99,"column":25}},"99":{"start":{"line":100,"column":0},"end":{"line":100,"column":157}},"100":{"start":{"line":101,"column":0},"end":{"line":101,"column":32}},"101":{"start":{"line":102,"column":0},"end":{"line":102,"column":14}},"102":{"start":{"line":103,"column":0},"end":{"line":103,"column":16}},"103":{"start":{"line":104,"column":0},"end":{"line":104,"column":79}},"104":{"start":{"line":105,"column":0},"end":{"line":105,"column":14}},"106":{"start":{"line":107,"column":0},"end":{"line":107,"column":39}},"107":{"start":{"line":108,"column":0},"end":{"line":108,"column":16}},"108":{"start":{"line":109,"column":0},"end":{"line":109,"column":31}},"109":{"start":{"line":110,"column":0},"end":{"line":110,"column":36}},"110":{"start":{"line":111,"column":0},"end":{"line":111,"column":27}},"111":{"start":{"line":112,"column":0},"end":{"line":112,"column":89}},"112":{"start":{"line":113,"column":0},"end":{"line":113,"column":12}},"113":{"start":{"line":114,"column":0},"end":{"line":114,"column":79}},"115":{"start":{"line":116,"column":0},"end":{"line":116,"column":18}},"116":{"start":{"line":117,"column":0},"end":{"line":117,"column":14}},"117":{"start":{"line":118,"column":0},"end":{"line":118,"column":12}},"119":{"start":{"line":120,"column":0},"end":{"line":120,"column":32}},"120":{"start":{"line":121,"column":0},"end":{"line":121,"column":15}},"121":{"start":{"line":122,"column":0},"end":{"line":122,"column":36}},"122":{"start":{"line":123,"column":0},"end":{"line":123,"column":260}},"123":{"start":{"line":124,"column":0},"end":{"line":124,"column":9}},"125":{"start":{"line":126,"column":0},"end":{"line":126,"column":17}},"126":{"start":{"line":127,"column":0},"end":{"line":127,"column":12}},"127":{"start":{"line":128,"column":0},"end":{"line":128,"column":10}},"128":{"start":{"line":129,"column":0},"end":{"line":129,"column":8}}},"s":{"0":2,"1":1,"2":1,"5":1,"6":1,"7":1,"8":1,"9":1,"12":1,"14":6,"15":6,"16":2,"17":2,"18":2,"19":1,"20":2,"21":1,"22":1,"23":2,"26":6,"27":1,"30":1,"32":3,"33":1,"34":1,"35":1,"38":2,"39":2,"40":2,"41":2,"44":3,"45":1,"46":1,"47":1,"48":1,"50":2,"51":3,"54":5,"55":5,"56":5,"57":5,"61":1,"62":1,"63":1,"64":1,"65":1,"67":1,"69":1,"71":1,"72":1,"73":1,"74":1,"75":1,"76":1,"77":1,"78":1,"79":1,"80":3,"81":1,"82":1,"83":1,"84":1,"85":1,"86":1,"87":1,"89":1,"90":1,"91":1,"92":1,"93":1,"94":1,"95":1,"96":1,"97":2,"98":1,"99":1,"100":1,"101":1,"102":1,"103":1,"104":1,"106":1,"107":1,"108":1,"109":1,"110":1,"111":1,"112":1,"113":1,"115":1,"116":1,"117":1,"119":1,"120":1,"121":1,"122":1,"123":1,"125":1,"126":1,"127":1,"128":1},"branchMap":{"0":{"type":"branch","line":10,"loc":{"start":{"line":10,"column":27},"end":{"line":10,"column":50}},"locations":[{"start":{"line":10,"column":27},"end":{"line":10,"column":50}}]},"1":{"type":"branch","line":13,"loc":{"start":{"line":13,"column":10},"end":{"line":28,"column":1}},"locations":[{"start":{"line":13,"column":10},"end":{"line":28,"column":1}}]},"2":{"type":"branch","line":16,"loc":{"start":{"line":16,"column":19},"end":{"line":24,"column":3}},"locations":[{"start":{"line":16,"column":19},"end":{"line":24,"column":3}}]},"3":{"type":"branch","line":19,"loc":{"start":{"line":19,"column":28},"end":{"line":20,"column":64}},"locations":[{"start":{"line":19,"column":28},"end":{"line":20,"column":64}}]},"4":{"type":"branch","line":21,"loc":{"start":{"line":21,"column":4},"end":{"line":23,"column":5}},"locations":[{"start":{"line":21,"column":4},"end":{"line":23,"column":5}}]},"5":{"type":"branch","line":31,"loc":{"start":{"line":31,"column":26},"end":{"line":52,"column":2}},"locations":[{"start":{"line":31,"column":26},"end":{"line":52,"column":2}}]},"6":{"type":"branch","line":33,"loc":{"start":{"line":33,"column":38},"end":{"line":33,"column":77}},"locations":[{"start":{"line":33,"column":38},"end":{"line":33,"column":77}}]},"7":{"type":"branch","line":33,"loc":{"start":{"line":33,"column":77},"end":{"line":36,"column":3}},"locations":[{"start":{"line":33,"column":77},"end":{"line":36,"column":3}}]},"8":{"type":"branch","line":36,"loc":{"start":{"line":36,"column":2},"end":{"line":45,"column":28}},"locations":[{"start":{"line":36,"column":2},"end":{"line":45,"column":28}}]},"9":{"type":"branch","line":45,"loc":{"start":{"line":45,"column":28},"end":{"line":49,"column":3}},"locations":[{"start":{"line":45,"column":28},"end":{"line":49,"column":3}}]},"10":{"type":"branch","line":49,"loc":{"start":{"line":49,"column":2},"end":{"line":51,"column":27}},"locations":[{"start":{"line":49,"column":2},"end":{"line":51,"column":27}}]},"11":{"type":"branch","line":55,"loc":{"start":{"line":55,"column":0},"end":{"line":58,"column":1}},"locations":[{"start":{"line":55,"column":0},"end":{"line":58,"column":1}}]},"12":{"type":"branch","line":57,"loc":{"start":{"line":57,"column":31},"end":{"line":57,"column":52}},"locations":[{"start":{"line":57,"column":31},"end":{"line":57,"column":52}}]},"13":{"type":"branch","line":68,"loc":{"start":{"line":68,"column":6},"end":{"line":70,"column":9}},"locations":[{"start":{"line":68,"column":6},"end":{"line":70,"column":9}}]},"14":{"type":"branch","line":80,"loc":{"start":{"line":80,"column":17},"end":{"line":81,"column":37}},"locations":[{"start":{"line":80,"column":17},"end":{"line":81,"column":37}}]},"15":{"type":"branch","line":87,"loc":{"start":{"line":87,"column":10},"end":{"line":87,"column":78}},"locations":[{"start":{"line":87,"column":10},"end":{"line":87,"column":78}}]},"16":{"type":"branch","line":97,"loc":{"start":{"line":97,"column":17},"end":{"line":98,"column":36}},"locations":[{"start":{"line":97,"column":17},"end":{"line":98,"column":36}}]},"17":{"type":"branch","line":104,"loc":{"start":{"line":104,"column":10},"end":{"line":104,"column":78}},"locations":[{"start":{"line":104,"column":10},"end":{"line":104,"column":78}}]},"18":{"type":"branch","line":109,"loc":{"start":{"line":109,"column":15},"end":{"line":110,"column":36}},"locations":[{"start":{"line":109,"column":15},"end":{"line":110,"column":36}}]},"19":{"type":"branch","line":114,"loc":{"start":{"line":114,"column":10},"end":{"line":116,"column":17}},"locations":[{"start":{"line":114,"column":10},"end":{"line":116,"column":17}}]},"20":{"type":"branch","line":1,"loc":{"start":{"line":1,"column":0},"end":{"line":1,"column":24}},"locations":[{"start":{"line":1,"column":0},"end":{"line":1,"column":24}}]},"21":{"type":"branch","line":80,"loc":{"start":{"line":80,"column":17},"end":{"line":81,"column":37}},"locations":[{"start":{"line":80,"column":17},"end":{"line":81,"column":37}}]},"22":{"type":"branch","line":97,"loc":{"start":{"line":97,"column":17},"end":{"line":98,"column":36}},"locations":[{"start":{"line":97,"column":17},"end":{"line":98,"column":36}}]},"23":{"type":"branch","line":109,"loc":{"start":{"line":109,"column":15},"end":{"line":110,"column":36}},"locations":[{"start":{"line":109,"column":15},"end":{"line":110,"column":36}}]}},"b":{"0":[0],"1":[6],"2":[2],"3":[1],"4":[1],"5":[3],"6":[2],"7":[1],"8":[2],"9":[1],"10":[2],"11":[5],"12":[4],"13":[6],"14":[6],"15":[6],"16":[6],"17":[6],"18":[6],"19":[6],"20":[2],"21":[3],"22":[2],"23":[1]},"fnMap":{"0":{"name":"saveConfiguration","decl":{"start":{"line":31,"column":26},"end":{"line":52,"column":2}},"loc":{"start":{"line":31,"column":26},"end":{"line":52,"column":2}},"line":31},"1":{"name":"isValidPort","decl":{"start":{"line":55,"column":0},"end":{"line":58,"column":1}},"loc":{"start":{"line":55,"column":0},"end":{"line":58,"column":1}},"line":55},"2":{"name":"$setup.showDialog.__vite_ssr_import_3__.createElementBlock.__vite_ssr_import_3__.createElementVNode.__vite_ssr_import_3__.createElementVNode.__vite_ssr_import_3__.createElementVNode.__vite_ssr_import_3__.createElementVNode.__vite_ssr_import_3__.withDirectives.__vite_ssr_import_3__.createElementVNode.onUpdate:modelValue._cache.<computed>._cache.<computed>","decl":{"start":{"line":80,"column":17},"end":{"line":81,"column":37}},"loc":{"start":{"line":80,"column":17},"end":{"line":81,"column":37}},"line":80},"3":{"name":"$setup.showDialog.__vite_ssr_import_3__.createElementBlock.__vite_ssr_import_3__.createElementVNode.__vite_ssr_import_3__.createElementVNode.__vite_ssr_import_3__.createElementVNode.__vite_ssr_import_3__.createElementVNode.__vite_ssr_import_3__.withDirectives.__vite_ssr_import_3__.createElementVNode.onUpdate:modelValue._cache.<computed>._cache.<computed>","decl":{"start":{"line":97,"column":17},"end":{"line":98,"column":36}},"loc":{"start":{"line":97,"column":17},"end":{"line":98,"column":36}},"line":97},"4":{"name":"$setup.showDialog.__vite_ssr_import_3__.createElementBlock.__vite_ssr_import_3__.createElementVNode.__vite_ssr_import_3__.createElementVNode.__vite_ssr_import_3__.createElementVNode.__vite_ssr_import_3__.withDirectives.__vite_ssr_import_3__.createElementVNode.onUpdate:modelValue._cache.<computed>._cache.<computed>","decl":{"start":{"line":109,"column":15},"end":{"line":110,"column":36}},"loc":{"start":{"line":109,"column":15},"end":{"line":110,"column":36}},"line":109}},"f":{"0":3,"1":5,"2":3,"3":2,"4":1}}
,"/Users/gp/Documents/ensurancePharmacy/ensurance/src/components/__tests__/ApiDiagnostics.spec.ts": {"path":"/Users/gp/Documents/ensurancePharmacy/ensurance/src/components/__tests__/ApiDiagnostics.spec.ts","all":false,"statementMap":{"0":{"start":{"line":1,"column":0},"end":{"line":1,"column":72}},"23":{"start":{"line":24,"column":0},"end":{"line":24,"column":18}},"24":{"start":{"line":25,"column":0},"end":{"line":25,"column":20}},"26":{"start":{"line":27,"column":0},"end":{"line":27,"column":67}},"27":{"start":{"line":28,"column":0},"end":{"line":28,"column":65}},"28":{"start":{"line":29,"column":0},"end":{"line":29,"column":22}},"29":{"start":{"line":30,"column":0},"end":{"line":30,"column":2}},"31":{"start":{"line":32,"column":0},"end":{"line":32,"column":17}},"32":{"start":{"line":33,"column":0},"end":{"line":33,"column":22}},"33":{"start":{"line":34,"column":0},"end":{"line":34,"column":2}},"35":{"start":{"line":36,"column":0},"end":{"line":36,"column":33}},"37":{"start":{"line":38,"column":0},"end":{"line":38,"column":53}},"38":{"start":{"line":39,"column":0},"end":{"line":39,"column":1}},"40":{"start":{"line":41,"column":0},"end":{"line":41,"column":41}},"42":{"start":{"line":43,"column":0},"end":{"line":43,"column":76}},"43":{"start":{"line":44,"column":0},"end":{"line":44,"column":1}},"45":{"start":{"line":46,"column":0},"end":{"line":46,"column":38}},"46":{"start":{"line":47,"column":0},"end":{"line":47,"column":69}},"47":{"start":{"line":48,"column":0},"end":{"line":48,"column":41}},"49":{"start":{"line":50,"column":0},"end":{"line":50,"column":45}},"50":{"start":{"line":51,"column":0},"end":{"line":51,"column":34}},"52":{"start":{"line":53,"column":0},"end":{"line":53,"column":50}},"53":{"start":{"line":54,"column":0},"end":{"line":54,"column":25}},"55":{"start":{"line":56,"column":0},"end":{"line":56,"column":52}},"57":{"start":{"line":58,"column":0},"end":{"line":58,"column":35}},"58":{"start":{"line":59,"column":0},"end":{"line":59,"column":50}},"59":{"start":{"line":60,"column":0},"end":{"line":60,"column":53}},"60":{"start":{"line":61,"column":0},"end":{"line":61,"column":4}},"62":{"start":{"line":63,"column":0},"end":{"line":63,"column":77}},"63":{"start":{"line":64,"column":0},"end":{"line":64,"column":73}},"64":{"start":{"line":65,"column":0},"end":{"line":65,"column":86}},"66":{"start":{"line":67,"column":0},"end":{"line":67,"column":41}},"68":{"start":{"line":69,"column":0},"end":{"line":69,"column":45}},"69":{"start":{"line":70,"column":0},"end":{"line":70,"column":49}},"70":{"start":{"line":71,"column":0},"end":{"line":71,"column":25}},"72":{"start":{"line":73,"column":0},"end":{"line":73,"column":51}},"73":{"start":{"line":74,"column":0},"end":{"line":74,"column":39}},"74":{"start":{"line":75,"column":0},"end":{"line":75,"column":82}},"75":{"start":{"line":76,"column":0},"end":{"line":76,"column":58}},"77":{"start":{"line":78,"column":0},"end":{"line":78,"column":35}},"78":{"start":{"line":79,"column":0},"end":{"line":79,"column":50}},"79":{"start":{"line":80,"column":0},"end":{"line":80,"column":44}},"80":{"start":{"line":81,"column":0},"end":{"line":81,"column":4}},"82":{"start":{"line":83,"column":0},"end":{"line":83,"column":83}},"84":{"start":{"line":85,"column":0},"end":{"line":85,"column":12}},"85":{"start":{"line":86,"column":0},"end":{"line":86,"column":71}},"86":{"start":{"line":87,"column":0},"end":{"line":87,"column":78}},"88":{"start":{"line":89,"column":0},"end":{"line":89,"column":41}},"90":{"start":{"line":91,"column":0},"end":{"line":91,"column":45}},"91":{"start":{"line":92,"column":0},"end":{"line":92,"column":49}},"92":{"start":{"line":93,"column":0},"end":{"line":93,"column":25}},"94":{"start":{"line":95,"column":0},"end":{"line":95,"column":45}},"95":{"start":{"line":96,"column":0},"end":{"line":96,"column":46}},"96":{"start":{"line":97,"column":0},"end":{"line":97,"column":47}},"97":{"start":{"line":98,"column":0},"end":{"line":98,"column":52}},"98":{"start":{"line":99,"column":0},"end":{"line":99,"column":55}},"100":{"start":{"line":101,"column":0},"end":{"line":101,"column":35}},"101":{"start":{"line":102,"column":0},"end":{"line":102,"column":50}},"102":{"start":{"line":103,"column":0},"end":{"line":103,"column":49}},"103":{"start":{"line":104,"column":0},"end":{"line":104,"column":4}},"105":{"start":{"line":106,"column":0},"end":{"line":106,"column":80}},"107":{"start":{"line":108,"column":0},"end":{"line":108,"column":63}},"109":{"start":{"line":110,"column":0},"end":{"line":110,"column":73}},"110":{"start":{"line":111,"column":0},"end":{"line":111,"column":12}},"111":{"start":{"line":112,"column":0},"end":{"line":112,"column":87}},"112":{"start":{"line":113,"column":0},"end":{"line":113,"column":73}},"113":{"start":{"line":114,"column":0},"end":{"line":114,"column":84}},"115":{"start":{"line":116,"column":0},"end":{"line":116,"column":41}},"118":{"start":{"line":119,"column":0},"end":{"line":119,"column":26}},"119":{"start":{"line":120,"column":0},"end":{"line":120,"column":24}},"120":{"start":{"line":121,"column":0},"end":{"line":121,"column":109}},"121":{"start":{"line":122,"column":0},"end":{"line":122,"column":31}},"123":{"start":{"line":124,"column":0},"end":{"line":124,"column":42}},"124":{"start":{"line":125,"column":0},"end":{"line":125,"column":25}},"127":{"start":{"line":128,"column":0},"end":{"line":128,"column":52}},"128":{"start":{"line":129,"column":0},"end":{"line":129,"column":51}},"129":{"start":{"line":130,"column":0},"end":{"line":130,"column":45}},"131":{"start":{"line":132,"column":0},"end":{"line":132,"column":35}},"132":{"start":{"line":133,"column":0},"end":{"line":133,"column":50}},"133":{"start":{"line":134,"column":0},"end":{"line":134,"column":50}},"134":{"start":{"line":135,"column":0},"end":{"line":135,"column":50}},"137":{"start":{"line":138,"column":0},"end":{"line":138,"column":31}},"138":{"start":{"line":139,"column":0},"end":{"line":139,"column":24}},"139":{"start":{"line":140,"column":0},"end":{"line":140,"column":73}},"140":{"start":{"line":141,"column":0},"end":{"line":141,"column":36}},"141":{"start":{"line":142,"column":0},"end":{"line":142,"column":4}},"143":{"start":{"line":144,"column":0},"end":{"line":144,"column":80}},"144":{"start":{"line":145,"column":0},"end":{"line":145,"column":70}},"146":{"start":{"line":147,"column":0},"end":{"line":147,"column":41}},"148":{"start":{"line":149,"column":0},"end":{"line":149,"column":45}},"149":{"start":{"line":150,"column":0},"end":{"line":150,"column":50}},"150":{"start":{"line":151,"column":0},"end":{"line":151,"column":25}},"152":{"start":{"line":153,"column":0},"end":{"line":153,"column":35}},"153":{"start":{"line":154,"column":0},"end":{"line":154,"column":58}},"154":{"start":{"line":155,"column":0},"end":{"line":155,"column":49}},"155":{"start":{"line":156,"column":0},"end":{"line":156,"column":4}},"157":{"start":{"line":158,"column":0},"end":{"line":158,"column":78}},"158":{"start":{"line":159,"column":0},"end":{"line":159,"column":73}},"159":{"start":{"line":160,"column":0},"end":{"line":160,"column":62}},"161":{"start":{"line":162,"column":0},"end":{"line":162,"column":41}},"163":{"start":{"line":164,"column":0},"end":{"line":164,"column":45}},"164":{"start":{"line":165,"column":0},"end":{"line":165,"column":49}},"165":{"start":{"line":166,"column":0},"end":{"line":166,"column":25}},"167":{"start":{"line":168,"column":0},"end":{"line":168,"column":35}},"168":{"start":{"line":169,"column":0},"end":{"line":169,"column":58}},"170":{"start":{"line":171,"column":0},"end":{"line":171,"column":53}},"171":{"start":{"line":172,"column":0},"end":{"line":172,"column":4}},"173":{"start":{"line":174,"column":0},"end":{"line":174,"column":66}},"174":{"start":{"line":175,"column":0},"end":{"line":175,"column":12}},"175":{"start":{"line":176,"column":0},"end":{"line":176,"column":50}},"176":{"start":{"line":177,"column":0},"end":{"line":177,"column":50}},"177":{"start":{"line":178,"column":0},"end":{"line":178,"column":50}},"179":{"start":{"line":180,"column":0},"end":{"line":180,"column":41}},"181":{"start":{"line":182,"column":0},"end":{"line":182,"column":45}},"182":{"start":{"line":183,"column":0},"end":{"line":183,"column":49}},"183":{"start":{"line":184,"column":0},"end":{"line":184,"column":25}},"185":{"start":{"line":186,"column":0},"end":{"line":186,"column":45}},"187":{"start":{"line":188,"column":0},"end":{"line":188,"column":35}},"188":{"start":{"line":189,"column":0},"end":{"line":189,"column":58}},"189":{"start":{"line":190,"column":0},"end":{"line":190,"column":81}},"190":{"start":{"line":191,"column":0},"end":{"line":191,"column":4}},"192":{"start":{"line":193,"column":0},"end":{"line":193,"column":97}},"193":{"start":{"line":194,"column":0},"end":{"line":194,"column":72}},"195":{"start":{"line":196,"column":0},"end":{"line":196,"column":41}},"197":{"start":{"line":198,"column":0},"end":{"line":198,"column":45}},"198":{"start":{"line":199,"column":0},"end":{"line":199,"column":37}},"199":{"start":{"line":200,"column":0},"end":{"line":200,"column":25}},"201":{"start":{"line":202,"column":0},"end":{"line":202,"column":35}},"202":{"start":{"line":203,"column":0},"end":{"line":203,"column":58}},"203":{"start":{"line":204,"column":0},"end":{"line":204,"column":96}},"204":{"start":{"line":205,"column":0},"end":{"line":205,"column":4}},"206":{"start":{"line":207,"column":0},"end":{"line":207,"column":121}},"207":{"start":{"line":208,"column":0},"end":{"line":208,"column":60}},"208":{"start":{"line":209,"column":0},"end":{"line":209,"column":62}},"210":{"start":{"line":211,"column":0},"end":{"line":211,"column":41}},"212":{"start":{"line":213,"column":0},"end":{"line":213,"column":45}},"213":{"start":{"line":214,"column":0},"end":{"line":214,"column":37}},"214":{"start":{"line":215,"column":0},"end":{"line":215,"column":25}},"216":{"start":{"line":217,"column":0},"end":{"line":217,"column":35}},"217":{"start":{"line":218,"column":0},"end":{"line":218,"column":58}},"218":{"start":{"line":219,"column":0},"end":{"line":219,"column":98}},"219":{"start":{"line":220,"column":0},"end":{"line":220,"column":4}},"220":{"start":{"line":221,"column":0},"end":{"line":221,"column":2}}},"s":{"0":1,"23":1,"24":9,"26":9,"27":9,"28":9,"29":9,"31":1,"32":9,"33":9,"35":9,"37":9,"38":9,"40":8,"42":8,"43":8,"45":1,"46":1,"47":1,"49":1,"50":1,"52":1,"53":1,"55":1,"57":1,"58":1,"59":1,"60":1,"62":1,"63":1,"64":1,"66":1,"68":1,"69":1,"70":1,"72":1,"73":1,"74":1,"75":1,"77":1,"78":1,"79":1,"80":1,"82":1,"84":1,"85":1,"86":1,"88":1,"90":1,"91":1,"92":1,"94":1,"95":1,"96":1,"97":1,"98":1,"100":1,"101":1,"102":1,"103":1,"105":1,"107":1,"109":1,"110":1,"111":1,"112":1,"113":1,"115":1,"118":1,"119":1,"120":1,"121":1,"123":1,"124":1,"127":1,"128":1,"129":1,"131":1,"132":1,"133":1,"134":1,"137":1,"138":1,"139":1,"140":1,"141":1,"143":1,"144":1,"146":1,"148":1,"149":1,"150":1,"152":1,"153":1,"154":1,"155":1,"157":1,"158":1,"159":1,"161":1,"163":1,"164":1,"165":1,"167":1,"168":1,"170":1,"171":1,"173":1,"174":1,"175":1,"176":1,"177":1,"179":1,"181":1,"182":1,"183":1,"185":1,"187":1,"188":1,"189":1,"190":1,"192":1,"193":1,"195":1,"197":1,"198":1,"199":1,"201":1,"202":1,"203":1,"204":1,"206":1,"207":1,"208":1,"210":1,"212":1,"213":1,"214":1,"216":1,"217":1,"218":1,"219":1,"220":1},"branchMap":{"0":{"type":"branch","line":24,"loc":{"start":{"line":24,"column":11},"end":{"line":30,"column":2}},"locations":[{"start":{"line":24,"column":11},"end":{"line":30,"column":2}}]},"1":{"type":"branch","line":32,"loc":{"start":{"line":32,"column":10},"end":{"line":34,"column":2}},"locations":[{"start":{"line":32,"column":10},"end":{"line":34,"column":2}}]},"2":{"type":"branch","line":36,"loc":{"start":{"line":36,"column":0},"end":{"line":39,"column":1}},"locations":[{"start":{"line":36,"column":0},"end":{"line":39,"column":1}}]},"3":{"type":"branch","line":41,"loc":{"start":{"line":41,"column":0},"end":{"line":44,"column":1}},"locations":[{"start":{"line":41,"column":0},"end":{"line":44,"column":1}}]},"4":{"type":"branch","line":43,"loc":{"start":{"line":43,"column":42},"end":{"line":43,"column":75}},"locations":[{"start":{"line":43,"column":42},"end":{"line":43,"column":75}}]},"5":{"type":"branch","line":46,"loc":{"start":{"line":46,"column":31},"end":{"line":221,"column":2}},"locations":[{"start":{"line":46,"column":31},"end":{"line":221,"column":2}}]},"6":{"type":"branch","line":47,"loc":{"start":{"line":47,"column":56},"end":{"line":61,"column":3}},"locations":[{"start":{"line":47,"column":56},"end":{"line":61,"column":3}}]},"7":{"type":"branch","line":63,"loc":{"start":{"line":63,"column":64},"end":{"line":81,"column":3}},"locations":[{"start":{"line":63,"column":64},"end":{"line":81,"column":3}}]},"8":{"type":"branch","line":75,"loc":{"start":{"line":75,"column":74},"end":{"line":75,"column":82}},"locations":[{"start":{"line":75,"column":74},"end":{"line":75,"column":82}}]},"9":{"type":"branch","line":83,"loc":{"start":{"line":83,"column":70},"end":{"line":104,"column":3}},"locations":[{"start":{"line":83,"column":70},"end":{"line":104,"column":3}}]},"10":{"type":"branch","line":106,"loc":{"start":{"line":106,"column":67},"end":{"line":142,"column":3}},"locations":[{"start":{"line":106,"column":67},"end":{"line":142,"column":3}}]},"11":{"type":"branch","line":121,"loc":{"start":{"line":121,"column":12},"end":{"line":121,"column":108}},"locations":[{"start":{"line":121,"column":12},"end":{"line":121,"column":108}}]},"12":{"type":"branch","line":121,"loc":{"start":{"line":121,"column":71},"end":{"line":121,"column":108}},"locations":[{"start":{"line":121,"column":71},"end":{"line":121,"column":108}}]},"13":{"type":"branch","line":140,"loc":{"start":{"line":140,"column":12},"end":{"line":140,"column":72}},"locations":[{"start":{"line":140,"column":12},"end":{"line":140,"column":72}}]},"14":{"type":"branch","line":144,"loc":{"start":{"line":144,"column":67},"end":{"line":156,"column":3}},"locations":[{"start":{"line":144,"column":67},"end":{"line":156,"column":3}}]},"15":{"type":"branch","line":158,"loc":{"start":{"line":158,"column":65},"end":{"line":172,"column":3}},"locations":[{"start":{"line":158,"column":65},"end":{"line":172,"column":3}}]},"16":{"type":"branch","line":174,"loc":{"start":{"line":174,"column":53},"end":{"line":191,"column":3}},"locations":[{"start":{"line":174,"column":53},"end":{"line":191,"column":3}}]},"17":{"type":"branch","line":193,"loc":{"start":{"line":193,"column":84},"end":{"line":205,"column":3}},"locations":[{"start":{"line":193,"column":84},"end":{"line":205,"column":3}}]},"18":{"type":"branch","line":207,"loc":{"start":{"line":207,"column":108},"end":{"line":220,"column":3}},"locations":[{"start":{"line":207,"column":108},"end":{"line":220,"column":3}}]}},"b":{"0":[9],"1":[9],"2":[9],"3":[8],"4":[32],"5":[1],"6":[1],"7":[1],"8":[0],"9":[1],"10":[1],"11":[1],"12":[0],"13":[1],"14":[1],"15":[1],"16":[1],"17":[1],"18":[1]},"fnMap":{"0":{"name":"getCards","decl":{"start":{"line":36,"column":0},"end":{"line":39,"column":1}},"loc":{"start":{"line":36,"column":0},"end":{"line":39,"column":1}},"line":36},"1":{"name":"getProbarButtons","decl":{"start":{"line":41,"column":0},"end":{"line":44,"column":1}},"loc":{"start":{"line":41,"column":0},"end":{"line":44,"column":1}},"line":41}},"f":{"0":9,"1":8}}
,"/Users/gp/Documents/ensurancePharmacy/ensurance/src/components/__tests__/CorsTest.spec.ts": {"path":"/Users/gp/Documents/ensurancePharmacy/ensurance/src/components/__tests__/CorsTest.spec.ts","all":false,"statementMap":{"0":{"start":{"line":1,"column":0},"end":{"line":1,"column":61}},"21":{"start":{"line":22,"column":0},"end":{"line":22,"column":32}},"22":{"start":{"line":23,"column":0},"end":{"line":23,"column":20}},"23":{"start":{"line":24,"column":0},"end":{"line":24,"column":22}},"24":{"start":{"line":25,"column":0},"end":{"line":25,"column":4}},"26":{"start":{"line":27,"column":0},"end":{"line":27,"column":68}},"27":{"start":{"line":28,"column":0},"end":{"line":28,"column":35}},"30":{"start":{"line":31,"column":0},"end":{"line":31,"column":33}},"31":{"start":{"line":32,"column":0},"end":{"line":32,"column":76}},"32":{"start":{"line":33,"column":0},"end":{"line":33,"column":48}},"35":{"start":{"line":36,"column":0},"end":{"line":36,"column":45}},"36":{"start":{"line":37,"column":0},"end":{"line":37,"column":45}},"37":{"start":{"line":38,"column":0},"end":{"line":38,"column":61}},"38":{"start":{"line":39,"column":0},"end":{"line":39,"column":4}},"40":{"start":{"line":41,"column":0},"end":{"line":41,"column":94}},"41":{"start":{"line":42,"column":0},"end":{"line":42,"column":22}},"42":{"start":{"line":43,"column":0},"end":{"line":43,"column":9}},"43":{"start":{"line":44,"column":0},"end":{"line":44,"column":63}},"44":{"start":{"line":45,"column":0},"end":{"line":45,"column":97}},"45":{"start":{"line":46,"column":0},"end":{"line":46,"column":7}},"47":{"start":{"line":48,"column":0},"end":{"line":48,"column":37}},"49":{"start":{"line":50,"column":0},"end":{"line":50,"column":100}},"50":{"start":{"line":51,"column":0},"end":{"line":51,"column":30}},"52":{"start":{"line":53,"column":0},"end":{"line":53,"column":42}},"53":{"start":{"line":54,"column":0},"end":{"line":54,"column":22}},"56":{"start":{"line":57,"column":0},"end":{"line":57,"column":64}},"59":{"start":{"line":60,"column":0},"end":{"line":60,"column":23}},"60":{"start":{"line":61,"column":0},"end":{"line":61,"column":27}},"63":{"start":{"line":64,"column":0},"end":{"line":64,"column":52}},"64":{"start":{"line":65,"column":0},"end":{"line":65,"column":63}},"66":{"start":{"line":67,"column":0},"end":{"line":67,"column":105}},"67":{"start":{"line":68,"column":0},"end":{"line":68,"column":73}},"69":{"start":{"line":70,"column":0},"end":{"line":70,"column":67}},"70":{"start":{"line":71,"column":0},"end":{"line":71,"column":15}},"71":{"start":{"line":72,"column":0},"end":{"line":72,"column":24}},"72":{"start":{"line":73,"column":0},"end":{"line":73,"column":5}},"73":{"start":{"line":74,"column":0},"end":{"line":74,"column":4}},"75":{"start":{"line":76,"column":0},"end":{"line":76,"column":80}},"76":{"start":{"line":77,"column":0},"end":{"line":77,"column":91}},"78":{"start":{"line":79,"column":0},"end":{"line":79,"column":35}},"80":{"start":{"line":81,"column":0},"end":{"line":81,"column":96}},"81":{"start":{"line":82,"column":0},"end":{"line":82,"column":28}},"83":{"start":{"line":84,"column":0},"end":{"line":84,"column":40}},"84":{"start":{"line":85,"column":0},"end":{"line":85,"column":25}},"86":{"start":{"line":87,"column":0},"end":{"line":87,"column":50}},"87":{"start":{"line":88,"column":0},"end":{"line":88,"column":62}},"89":{"start":{"line":90,"column":0},"end":{"line":90,"column":66}},"90":{"start":{"line":91,"column":0},"end":{"line":91,"column":4}},"92":{"start":{"line":93,"column":0},"end":{"line":93,"column":85}},"93":{"start":{"line":94,"column":0},"end":{"line":94,"column":22}},"94":{"start":{"line":95,"column":0},"end":{"line":95,"column":9}},"95":{"start":{"line":96,"column":0},"end":{"line":96,"column":63}},"96":{"start":{"line":97,"column":0},"end":{"line":97,"column":99}},"97":{"start":{"line":98,"column":0},"end":{"line":98,"column":7}},"99":{"start":{"line":100,"column":0},"end":{"line":100,"column":37}},"101":{"start":{"line":102,"column":0},"end":{"line":102,"column":100}},"102":{"start":{"line":103,"column":0},"end":{"line":103,"column":30}},"104":{"start":{"line":105,"column":0},"end":{"line":105,"column":42}},"105":{"start":{"line":106,"column":0},"end":{"line":106,"column":27}},"108":{"start":{"line":109,"column":0},"end":{"line":109,"column":64}},"110":{"start":{"line":111,"column":0},"end":{"line":111,"column":23}},"111":{"start":{"line":112,"column":0},"end":{"line":112,"column":27}},"113":{"start":{"line":114,"column":0},"end":{"line":114,"column":63}},"114":{"start":{"line":115,"column":0},"end":{"line":115,"column":105}},"115":{"start":{"line":116,"column":0},"end":{"line":116,"column":73}},"116":{"start":{"line":117,"column":0},"end":{"line":117,"column":15}},"117":{"start":{"line":118,"column":0},"end":{"line":118,"column":24}},"118":{"start":{"line":119,"column":0},"end":{"line":119,"column":5}},"119":{"start":{"line":120,"column":0},"end":{"line":120,"column":4}},"121":{"start":{"line":122,"column":0},"end":{"line":122,"column":91}},"123":{"start":{"line":124,"column":0},"end":{"line":124,"column":72}},"125":{"start":{"line":126,"column":0},"end":{"line":126,"column":35}},"127":{"start":{"line":128,"column":0},"end":{"line":128,"column":96}},"128":{"start":{"line":129,"column":0},"end":{"line":129,"column":40}},"129":{"start":{"line":130,"column":0},"end":{"line":130,"column":25}},"131":{"start":{"line":132,"column":0},"end":{"line":132,"column":71}},"132":{"start":{"line":133,"column":0},"end":{"line":133,"column":4}},"133":{"start":{"line":134,"column":0},"end":{"line":134,"column":2}}},"s":{"0":1,"21":1,"22":1,"23":5,"24":1,"26":1,"27":1,"30":1,"31":1,"32":1,"35":1,"36":1,"37":1,"38":1,"40":1,"41":1,"42":1,"43":1,"44":1,"45":1,"47":1,"49":1,"50":1,"52":1,"53":1,"56":1,"59":1,"60":1,"63":1,"64":1,"66":1,"67":1,"69":1,"70":1,"71":1,"72":1,"73":1,"75":1,"76":1,"78":1,"80":1,"81":1,"83":1,"84":1,"86":1,"87":1,"89":1,"90":1,"92":1,"93":1,"94":1,"95":1,"96":1,"97":1,"99":1,"101":1,"102":1,"104":1,"105":1,"108":1,"110":1,"111":1,"113":1,"114":1,"115":1,"116":1,"117":1,"118":1,"119":1,"121":1,"123":1,"125":1,"127":1,"128":1,"129":1,"131":1,"132":1,"133":1},"branchMap":{"0":{"type":"branch","line":22,"loc":{"start":{"line":22,"column":25},"end":{"line":134,"column":2}},"locations":[{"start":{"line":22,"column":25},"end":{"line":134,"column":2}}]},"1":{"type":"branch","line":23,"loc":{"start":{"line":23,"column":13},"end":{"line":25,"column":3}},"locations":[{"start":{"line":23,"column":13},"end":{"line":25,"column":3}}]},"2":{"type":"branch","line":27,"loc":{"start":{"line":27,"column":61},"end":{"line":39,"column":3}},"locations":[{"start":{"line":27,"column":61},"end":{"line":39,"column":3}}]},"3":{"type":"branch","line":32,"loc":{"start":{"line":32,"column":49},"end":{"line":32,"column":76}},"locations":[{"start":{"line":32,"column":49},"end":{"line":32,"column":76}}]},"4":{"type":"branch","line":41,"loc":{"start":{"line":41,"column":81},"end":{"line":74,"column":3}},"locations":[{"start":{"line":41,"column":81},"end":{"line":74,"column":3}}]},"5":{"type":"branch","line":44,"loc":{"start":{"line":44,"column":58},"end":{"line":45,"column":97}},"locations":[{"start":{"line":44,"column":58},"end":{"line":45,"column":97}}]},"6":{"type":"branch","line":45,"loc":{"start":{"line":45,"column":20},"end":{"line":45,"column":96}},"locations":[{"start":{"line":45,"column":20},"end":{"line":45,"column":96}}]},"7":{"type":"branch","line":45,"loc":{"start":{"line":45,"column":44},"end":{"line":45,"column":94}},"locations":[{"start":{"line":45,"column":44},"e
[...]
":54,"column":4},"end":{"line":55,"column":20}},"locations":[{"start":{"line":54,"column":4},"end":{"line":55,"column":20}}]},"7":{"type":"branch","line":60,"loc":{"start":{"line":60,"column":34},"end":{"line":96,"column":1}},"locations":[{"start":{"line":60,"column":34},"end":{"line":96,"column":1}}]},"8":{"type":"branch","line":61,"loc":{"start":{"line":61,"column":19},"end":{"line":61,"column":31}},"locations":[{"start":{"line":61,"column":19},"end":{"line":61,"column":31}}]},"9":{"type":"branch","line":64,"loc":{"start":{"line":64,"column":44},"end":{"line":93,"column":3}},"locations":[{"start":{"line":64,"column":44},"end":{"line":93,"column":3}}]},"10":{"type":"branch","line":65,"loc":{"start":{"line":65,"column":22},"end":{"line":65,"column":51}},"locations":[{"start":{"line":65,"column":22},"end":{"line":65,"column":51}}]},"11":{"type":"branch","line":65,"loc":{"start":{"line":65,"column":51},"end":{"line":67,"column":5}},"locations":[{"start":{"line":65,"column":51},"end":{"line":67,"column":5}}]},"12":{"type":"branch","line":67,"loc":{"start":{"line":67,"column":4},"end":{"line":70,"column":20}},"locations":[{"start":{"line":67,"column":4},"end":{"line":70,"column":20}}]},"13":{"type":"branch","line":71,"loc":{"start":{"line":71,"column":6},"end":{"line":73,"column":14}},"locations":[{"start":{"line":71,"column":6},"end":{"line":73,"column":14}}]},"14":{"type":"branch","line":72,"loc":{"start":{"line":72,"column":34},"end":{"line":73,"column":14}},"locations":[{"start":{"line":72,"column":34},"end":{"line":73,"column":14}}]},"15":{"type":"branch","line":74,"loc":{"start":{"line":74,"column":6},"end":{"line":76,"column":14}},"locations":[{"start":{"line":74,"column":6},"end":{"line":76,"column":14}}]},"16":{"type":"branch","line":77,"loc":{"start":{"line":77,"column":6},"end":{"line":79,"column":14}},"locations":[{"start":{"line":77,"column":6},"end":{"line":79,"column":14}}]},"17":{"type":"branch","line":78,"loc":{"start":{"line":78,"column":33},"end":{"line":79,"column":14}},"locations":[{"start":{"line":78,"column":33},"end":{"line":79,"column":14}}]},"18":{"type":"branch","line":80,"loc":{"start":{"line":80,"column":6},"end":{"line":82,"column":14}},"locations":[{"start":{"line":80,"column":6},"end":{"line":82,"column":14}}]},"19":{"type":"branch","line":81,"loc":{"start":{"line":81,"column":36},"end":{"line":81,"column":48}},"locations":[{"start":{"line":81,"column":36},"end":{"line":81,"column":48}}]},"20":{"type":"branch","line":81,"loc":{"start":{"line":81,"column":43},"end":{"line":82,"column":14}},"locations":[{"start":{"line":81,"column":43},"end":{"line":82,"column":14}}]},"21":{"type":"branch","line":83,"loc":{"start":{"line":83,"column":6},"end":{"line":85,"column":14}},"locations":[{"start":{"line":83,"column":6},"end":{"line":85,"column":14}}]},"22":{"type":"branch","line":84,"loc":{"start":{"line":84,"column":30},"end":{"line":85,"column":14}},"locations":[{"start":{"line":84,"column":30},"end":{"line":85,"column":14}}]},"23":{"type":"branch","line":86,"loc":{"start":{"line":86,"column":6},"end":{"line":88,"column":14}},"locations":[{"start":{"line":86,"column":6},"end":{"line":88,"column":14}}]},"24":{"type":"branch","line":89,"loc":{"start":{"line":89,"column":6},"end":{"line":91,"column":14}},"locations":[{"start":{"line":89,"column":6},"end":{"line":91,"column":14}}]},"25":{"type":"branch","line":90,"loc":{"start":{"line":90,"column":33},"end":{"line":91,"column":14}},"locations":[{"start":{"line":90,"column":33},"end":{"line":91,"column":14}}]},"26":{"type":"branch","line":93,"loc":{"start":{"line":93,"column":2},"end":{"line":95,"column":15}},"locations":[{"start":{"line":93,"column":2},"end":{"line":95,"column":15}}]},"27":{"type":"branch","line":99,"loc":{"start":{"line":99,"column":21},"end":{"line":128,"column":2}},"locations":[{"start":{"line":99,"column":21},"end":{"line":128,"column":2}}]},"28":{"type":"branch","line":105,"loc":{"start":{"line":105,"column":21},"end":{"line":108,"column":5}},"locations":[{"start":{"line":105,"column":21},"end":{"line":108,"column":5}}]},"29":{"type":"branch","line":108,"loc":{"start":{"line":108,"column":4},"end":{"line":113,"column":27}},"locations":[{"start":{"line":108,"column":4},"end":{"line":113,"column":27}}]},"30":{"type":"branch","line":113,"loc":{"start":{"line":113,"column":27},"end":{"line":121,"column":5}},"locations":[{"start":{"line":113,"column":27},"end":{"line":121,"column":5}}]},"31":{"type":"branch","line":114,"loc":{"start":{"line":114,"column":88},"end":{"line":120,"column":7}},"locations":[{"start":{"line":114,"column":88},"end":{"line":120,"column":7}}]},"32":{"type":"branch","line":122,"loc":{"start":{"line":122,"column":2},"end":{"line":125,"column":4}},"locations":[{"start":{"line":122,"column":2},"end":{"line":125,"column":4}}]},"33":{"type":"branch","line":125,"loc":{"start":{"line":125,"column":2},"end":{"line":125,"column":4}},"locations":[{"start":{"line":125,"column":2},"end":{"line":125,"column":4}}]},"34":{"type":"branch","line":131,"loc":{"start":{"line":131,"column":20},"end":{"line":197,"column":2}},"locations":[{"start":{"line":131,"column":20},"end":{"line":197,"column":2}}]},"35":{"type":"branch","line":132,"loc":{"start":{"line":132,"column":30},"end":{"line":135,"column":3}},"locations":[{"start":{"line":132,"column":30},"end":{"line":135,"column":3}}]},"36":{"type":"branch","line":159,"loc":{"start":{"line":159,"column":100},"end":{"line":190,"column":5}},"locations":[{"start":{"line":159,"column":100},"end":{"line":190,"column":5}}]},"37":{"type":"branch","line":191,"loc":{"start":{"line":191,"column":2},"end":{"line":194,"column":4}},"locations":[{"start":{"line":191,"column":2},"end":{"line":194,"column":4}}]},"38":{"type":"branch","line":186,"loc":{"start":{"line":186,"column":17},"end":{"line":189,"column":9}},"locations":[{"start":{"line":186,"column":17},"end":{"line":189,"column":9}}]},"39":{"type":"branch","line":200,"loc":{"start":{"line":200,"column":10},"end":{"line":202,"column":1}},"locations":[{"start":{"line":200,"column":10},"end":{"line":202,"column":1}}]},"40":{"type":"branch","line":210,"loc":{"start":{"line":210,"column":30},"end":{"line":351,"column":31}},"locations":[{"start":{"line":210,"column":30},"end":{"line":351,"column":31}}]},"41":{"type":"branch","line":1,"loc":{"start":{"line":1,"column":0},"end":{"line":351,"column":31}},"locations":[{"start":{"line":1,"column":0},"end":{"line":351,"column":31}}]},"42":{"type":"branch","line":223,"loc":{"start":{"line":223,"column":24},"end":{"line":350,"column":20}},"locations":[{"start":{"line":223,"column":24},"end":{"line":350,"column":20}}]},"43":{"type":"branch","line":237,"loc":{"start":{"line":237,"column":21},"end":{"line":238,"column":38}},"locations":[{"start":{"line":237,"column":21},"end":{"line":238,"column":38}}]},"44":{"type":"branch","line":248,"loc":{"start":{"line":248,"column":21},"end":{"line":249,"column":39}},"locations":[{"start":{"line":248,"column":21},"end":{"line":249,"column":39}}]},"45":{"type":"branch","line":259,"loc":{"start":{"line":259,"column":21},"end":{"line":260,"column":39}},"locations":[{"start":{"line":259,"column":21},"end":{"line":260,"column":39}}]},"46":{"type":"branch","line":270,"loc":{"start":{"line":270,"column":21},"end":{"line":271,"column":41}},"locations":[{"start":{"line":270,"column":21},"end":{"line":271,"column":41}}]},"47":{"type":"branch","line":279,"loc":{"start":{"line":279,"column":34},"end":{"line":279,"column":76}},"locations":[{"start":{"line":279,"column":34},"end":{"line":279,"column":76}}]},"48":{"type":"branch","line":1,"loc":{"start":{"line":1,"column":0},"end":{"line":280,"column":116}},"locations":[{"start":{"line":1,"column":0},"end":{"line":280,"column":116}}]},"49":{"type":"branch","line":282,"loc":{"start":{"line":282,"column":21},"end":{"line":283,"column":42}},"locations":[{"start":{"line":282,"column":21},"end":{"line":283,"column":42}}]},"50":{"type":"branch","line":1,"loc":{"start":{"line":1,"column":0},"end":{"line":1,"column":24}},"locations":[{"start":{"line":1,"column":0},"end":{"line":1,"column":24}}]},"51":{"type":"branch","line":1,"loc":{"start":{"line":1,"column":0},"end":{"line":291,"column":116}},"locations":[{"start":{"line":1,"column":0},"end":{"line":291,"column":116}}]},"52":{"type":"branch","line":293,"loc":{"start":{"line":293,"column":21},"end":{"line":294,"column":41}},"locations":[{"start":{"line":293,"column":21},"end":{"line":294,"column":41}}]},"53":{"type":"branch","line":1,"loc":{"start":{"line":1,"column":0},"end":{"line":1,"column":24}},"locations":[{"start":{"line":1,"column":0},"end":{"line":1,"column":24}}]},"54":{"type":"branch","line":1,"loc":{"start":{"line":1,"column":0},"end":{"line":302,"column":116}},"locations":[{"start":{"line":1,"column":0},"end":{"line":302,"column":116}}]},"55":{"type":"branch","line":304,"loc":{"start":{"line":304,"column":21},"end":{"line":305,"column":44}},"locations":[{"start":{"line":304,"column":21},"end":{"line":305,"column":44}}]},"56":{"type":"branch","line":1,"loc":{"start":{"line":1,"column":0},"end":{"line":1,"column":24}},"locations":[{"start":{"line":1,"column":0},"end":{"line":1,"column":24}}]},"57":{"type":"branch","line":1,"loc":{"start":{"line":1,"column":0},"end":{"line":313,"column":102}},"locations":[{"start":{"line":1,"column":0},"end":{"line":313,"column":102}}]},"58":{"type":"branch","line":315,"loc":{"start":{"line":315,"column":21},"end":{"line":316,"column":38}},"locations":[{"start":{"line":315,"column":21},"end":{"line":316,"column":38}}]},"59":{"type":"branch","line":1,"loc":{"start":{"line":1,"column":0},"end":{"line":1,"column":24}},"locations":[{"start":{"line":1,"column":0},"end":{"line":1,"column":24}}]},"60":{"type":"branch","line":1,"loc":{"start":{"line":1,"column":0},"end":{"line":324,"column":114}},"locations":[{"start":{"line":1,"column":0},"end":{"line":324,"column":114}}]},"61":{"type":"branch","line":326,"loc":{"start":{"line":326,"column":21},"end":{"line":327,"column":41}},"locations":[{"start":{"line":326,"column":21},"end":{"line":327,"column":41}}]},"62":{"type":"branch","line":1,"loc":{"start":{"line":1,"column":0},"end":{"line":1,"column":24}},"locations":[{"start":{"line":1,"column":0},"end":{"line":1,"column":24}}]},"63":{"type":"branch","line":334,"loc":{"start":{"line":334,"column":25},"end":{"line":334,"column":77}},"locations":[{"start":{"line":334,"column":25},"end":{"line":334,"column":77}}]},"64":{"type":"branch","line":334,"loc":{"start":{"line":334,"column":69},"end":{"line":334,"column":77}},"locations":[{"start":{"line":334,"column":69},"end":{"line":334,"column":77}}]},"65":{"type":"branch","line":339,"loc":{"start":{"line":339,"column":29},"end":{"line":339,"column":57}},"locations":[{"start":{"line":339,"column":29},"end":{"line":339,"column":57}}]},"66":{"type":"branch","line":341,"loc":{"start":{"line":341,"column":61},"end":{"line":341,"column":87}},"locations":[{"start":{"line":341,"column":61},"end":{"line":341,"column":87}}]},"67":{"type":"branch","line":343,"loc":{"start":{"line":343,"column":30},"end":{"line":343,"column":56}},"locations":[{"start":{"line":343,"column":30},"end":{"line":343,"column":56}}]},"68":{"type":"branch","line":343,"loc":{"start":{"line":343,"column":50},"end":{"line":344,"column":56}},"locations":[{"start":{"line":343,"column":50},"end":{"line":344,"column":56}}]},"69":{"type":"branch","line":350,"loc":{"start":{"line":350,"column":8},"end":{"line":351,"column":31}},"locations":[{"start":{"line":350,"column":8},"end":{"line":351,"column":31}}]},"70":{"type":"branch","line":237,"loc":{"start":{"line":237,"column":21},"end":{"line":238,"column":38}},"locations":[{"start":{"line":237,"column":21},"end":{"line":238,"column":38}}]},"71":{"type":"branch","line":248,"loc":{"start":{"line":248,"column":21},"end":{"line":249,"column":39}},"locations":[{"start":{"line":248,"column":21},"end":{"line":249,"column":39}}]},"72":{"type":"branch","line":259,"loc":{"start":{"line":259,"column":21},"end":{"line":260,"column":39}},"locations":[{"start":{"line":259,"column":21},"end":{"line":260,"column":39}}]},"73":{"type":"branch","line":270,"loc":{"start":{"line":270,"column":21},"end":{"line":271,"column":41}},"locations":[{"start":{"line":270,"column":21},"end":{"line":271,"column":41}}]},"74":{"type":"branch","line":282,"loc":{"start":{"line":282,"column":21},"end":{"line":283,"column":42}},"locations":[{"start":{"line":282,"column":21},"end":{"line":283,"column":42}}]},"75":{"type":"branch","line":293,"loc":{"start":{"line":293,"column":21},"end":{"line":294,"column":41}},"locations":[{"start":{"line":293,"column":21},"end":{"line":294,"column":41}}]},"76":{"type":"branch","line":304,"loc":{"start":{"line":304,"column":21},"end":{"line":305,"column":44}},"locations":[{"start":{"line":304,"column":21},"end":{"line":305,"column":44}}]},"77":{"type":"branch","line":315,"loc":{"start":{"line":315,"column":21},"end":{"line":316,"column":38}},"locations":[{"start":{"line":315,"column":21},"end":{"line":316,"column":38}}]},"78":{"type":"branch","line":326,"loc":{"start":{"line":326,"column":21},"end":{"line":327,"column":41}},"locations":[{"start":{"line":326,"column":21},"end":{"line":327,"column":41}}]}},"b":{"0":[9],"1":[0],"2":[1],"3":[1],"4":[6],"5":[1],"6":[0],"7":[22],"8":[0],"9":[154],"10":[127],"11":[1],"12":[153],"13":[2],"14":[1],"15":[0],"16":[2],"17":[1],"18":[15],"19":[9],"20":[6],"21":[6],"22":[3],"23":[0],"24":[2],"25":[1],"26":[6],"27":[10],"28":[1],"29":[9],"30":[6],"31":[5],"32":[1],"33":[9],"34":[3],"35":[0],"36":[2],"37":[1],"38":[1],"39":[10],"40":[29],"41":[27],"42":[26],"43":[9],"44":[9],"45":[9],"46":[9],"47":[24],"48":[2],"49":[2],"50":[22],"51":[1],"52":[1],"53":[24],"54":[6],"55":[6],"56":[6],"57":[6],"58":[6],"59":[6],"60":[1],"61":[1],"62":[24],"63":[2],"64":[24],"65":[23],"66":[23],"67":[3],"68":[23],"69":[1],"70":[1],"71":[1],"72":[1],"73":[1],"74":[1],"75":[1],"76":[3],"77":[3],"78":[1]},"fnMap":{"0":{"name":"loadUserData","decl":{"start":{"line":99,"column":21},"end":{"line":128,"column":2}},"loc":{"start":{"line":99,"column":21},"end":{"line":128,"column":2}},"line":99},"1":{"name":"saveProfile","decl":{"start":{"line":131,"column":20},"end":{"line":197,"column":2}},"loc":{"start":{"line":131,"column":20},"end":{"line":197,"column":2}},"line":131},"2":{"name":"__vite_ssr_import_5__.createElementBlock.__vite_ssr_import_5__.createElementVNode.__vite_ssr_import_5__.createElementVNode.$setup.loading.__vite_ssr_import_5__.createElementBlock.__vite_ssr_import_5__.createElementVNode.__vite_ssr_import_5__.createElementVNode.__vite_ssr_import_5__.createElementVNode.__vite_ssr_import_5__.withDirectives.__vite_ssr_import_5__.createElementVNode.onUpdate:modelValue._cache.<computed>._cache.<computed>","decl":{"start":{"line":237,"column":21},"end":{"line":238,"column":38}},"loc":{"start":{"line":237,"column":21},"end":{"line":238,"column":38}},"line":237},"3":{"name":"__vite_ssr_import_5__.createElementBlock.__vite_ssr_import_5__.createElementVNode.__vite_ssr_import_5__.createElementVNode.$setup.loading.__vite_ssr_import_5__.createElementBlock.__vite_ssr_import_5__.createElementVNode.__vite_ssr_import_5__.createElementVNode.__vite_ssr_import_5__.createElementVNode.__vite_ssr_import_5__.withDirectives.__vite_ssr_import_5__.createElementVNode.onUpdate:modelValue._cache.<computed>._cache.<computed>","decl":{"start":{"line":248,"column":21},"end":{"line":249,"column":39}},"loc":{"start":{"line":248,"column":21},"end":{"line":249,"column":39}},"line":248},"4":{"name":"__vite_ssr_import_5__.createElementBlock.__vite_ssr_import_5__.createElementVNode.__vite_ssr_import_5__.createElementVNode.$setup.loading.__vite_ssr_import_5__.createElementBlock.__vite_ssr_import_5__.createElementVNode.__vite_ssr_import_5__.createElementVNode.__vite_ssr_import_5__.createElementVNode.__vite_ssr_import_5__.withDirectives.__vite_ssr_import_5__.createElementVNode.onUpdate:modelValue._cache.<computed>._cache.<computed>","decl":{"start":{"line":259,"column":21},"end":{"line":260,"column":39}},"loc":{"start":{"line":259,"column":21},"end":{"line":260,"column":39}},"line":259},"5":{"name":"__vite_ssr_import_5__.createElementBlock.__vite_ssr_import_5__.createElementVNode.__vite_ssr_import_5__.createElementVNode.$setup.loading.__vite_ssr_import_5__.createElementBlock.__vite_ssr_import_5__.createElementVNode.__vite_ssr_import_5__.createElementVNode.__vite_ssr_import_5__.createElementVNode.__vite_ssr_import_5__.withDirectives.__vite_ssr_import_5__.createElementVNode.onUpdate:modelValue._cache.<computed>._cache.<computed>","decl":{"start":{"line":270,"column":21},"end":{"line":271,"column":41}},"loc":{"start":{"line":270,"column":21},"end":{"line":271,"column":41}},"line":270},"6":{"name":"__vite_ssr_import_5__.createElementBlock.__vite_ssr_import_5__.createElementVNode.__vite_ssr_import_5__.createElementVNode.$setup.loading.__vite_ssr_import_5__.createElementBlock.__vite_ssr_import_5__.createElementVNode.__vite_ssr_import_5__.createElementVNode.$setup.user.role.$setup.user.role.__vite_ssr_import_5__.createElementBlock.__vite_ssr_import_5__.withDirectives.__vite_ssr_import_5__.createElementVNode.onUpdate:modelValue._cache.<computed>._cache.<computed>","decl":{"start":{"line":282,"column":21},"end":{"line":283,"column":42}},"loc":{"start":{"line":282,"column":21},"end":{"line":283,"column":42}},"line":282},"7":{"name":"__vite_ssr_import_5__.createElementBlock.__vite_ssr_import_5__.createElementVNode.__vite_ssr_import_5__.createElementVNode.$setup.loading.__vite_ssr_import_5__.createElementBlock.__vite_ssr_import_5__.createElementVNode.__vite_ssr_import_5__.createElementVNode.$setup.user.role.__vite_ssr_import_5__.createElementBlock.__vite_ssr_import_5__.withDirectives.__vite_ssr_import_5__.createElementVNode.onUpdate:modelValue._cache.<computed>._cache.<computed>","decl":{"start":{"line":293,"column":21},"end":{"line":294,"column":41}},"loc":{"start":{"line":293,"column":21},"end":{"line":294,"column":41}},"line":293},"8":{"name":"__vite_ssr_import_5__.createElementBlock.__vite_ssr_import_5__.createElementVNode.__vite_ssr_import_5__.createElementVNode.$setup.loading.__vite_ssr_import_5__.createElementBlock.__vite_ssr_import_5__.createElementVNode.__vite_ssr_import_5__.createElementVNode.$setup.user.role.__vite_ssr_import_5__.createElementBlock.__vite_ssr_import_5__.withDirectives.__vite_ssr_import_5__.createElementVNode.onUpdate:modelValue._cache.<computed>._cache.<computed>","decl":{"start":{"line":304,"column":21},"end":{"line":305,"column":44}},"loc":{"start":{"line":304,"column":21},"end":{"line":305,"column":44}},"line":304},"9":{"name":"__vite_ssr_import_5__.createElementBlock.__vite_ssr_import_5__.createElementVNode.__vite_ssr_import_5__.createElementVNode.$setup.loading.__vite_ssr_import_5__.createElementBlock.__vite_ssr_import_5__.createElementVNode.__vite_ssr_import_5__.createElementVNode.$setup.user.role.__vite_ssr_import_5__.createElementBlock.__vite_ssr_import_5__.withDirectives.__vite_ssr_import_5__.createElementVNode.onUpdate:modelValue._cache.<computed>._cache.<computed>","decl":{"start":{"line":315,"column":21},"end":{"line":316,"column":38}},"loc":{"start":{"line":315,"column":21},"end":{"line":316,"column":38}},"line":315},"10":{"name":"__vite_ssr_import_5__.createElementBlock.__vite_ssr_import_5__.createElementVNode.__vite_ssr_import_5__.createElementVNode.$setup.loading.__vite_ssr_import_5__.createElementBlock.__vite_ssr_import_5__.createElementVNode.__vite_ssr_import_5__.createElementVNode.$setup.user.role.__vite_ssr_import_5__.createElementBlock.__vite_ssr_import_5__.withDirectives.__vite_ssr_import_5__.createElementVNode.onUpdate:modelValue._cache.<computed>._cache.<computed>","decl":{"start":{"line":326,"column":21},"end":{"line":327,"column":41}},"loc":{"start":{"line":326,"column":21},"end":{"line":327,"column":41}},"line":326}},"f":{"0":10,"1":3,"2":1,"3":1,"4":1,"5":1,"6":1,"7":1,"8":3,"9":3,"10":1}}
}
