TN:
SF:src/App.vue
FN:60,render
FN:65,(anonymous_1)
FN:68,(anonymous_2)
FNF:3
FNH:2
FNDA:3,render
FNDA:1,(anonymous_1)
FNDA:0,(anonymous_2)
DA:4,1
DA:5,1
DA:8,1
DA:50,1
DA:52,1
DA:55,1
DA:56,1
DA:57,1
DA:61,3
DA:62,3
DA:63,3
DA:64,3
DA:65,1
DA:68,0
DA:70,1
LF:15
LH:14
BRDA:65,0,0,3
BRDA:65,0,1,2
BRDA:66,1,0,2
BRDA:66,1,1,1
BRDA:68,2,0,2
BRDA:68,2,1,2
BRF:6
BRH:6
end_of_record
TN:
SF:src/components/Cart.vue
FN:271,render
FN:274,(anonymous_1)
FN:278,(anonymous_2)
FN:283,(anonymous_3)
FN:286,(anonymous_4)
FN:290,(anonymous_5)
FNF:6
FNH:5
FNDA:12,render
FNDA:1,(anonymous_1)
FNDA:0,(anonymous_2)
FNDA:1,(anonymous_3)
FNDA:1,(anonymous_4)
FNDA:1,(anonymous_5)
DA:4,1
DA:5,1
DA:8,1
DA:252,1
DA:255,1
DA:256,1
DA:257,1
DA:260,1
DA:263,1
DA:264,1
DA:268,1
DA:272,12
DA:275,1
DA:278,0
DA:283,1
DA:286,1
DA:290,1
DA:297,1
LF:18
LH:17
BRDA:272,0,0,12
BRDA:272,0,1,3
BRDA:272,1,0,3
BRDA:272,1,1,9
BRDA:272,2,0,3
BRDA:272,2,1,3
BRDA:274,3,0,9
BRDA:274,3,1,2
BRDA:282,4,0,4
BRDA:282,4,1,5
BRDA:282,5,0,4
BRDA:282,5,1,1
BRDA:283,6,0,4
BRDA:283,6,1,1
BRDA:286,7,0,4
BRDA:286,7,1,1
BRDA:290,8,0,4
BRDA:290,8,1,1
BRF:18
BRH:18
end_of_record
TN:
SF:src/components/Comentarios.vue
FN:221,render
FN:227,(anonymous_1)
FN:231,(anonymous_2)
FN:241,(anonymous_3)
FN:244,(anonymous_4)
FN:248,(anonymous_5)
FN:257,(anonymous_6)
FNF:7
FNH:6
FNDA:27,render
FNDA:0,(anonymous_1)
FNDA:3,(anonymous_2)
FNDA:1,(anonymous_3)
FNDA:1,(anonymous_4)
FNDA:4,(anonymous_5)
FNDA:2,(anonymous_6)
DA:4,2
DA:5,2
DA:8,2
DA:178,2
DA:180,2
DA:183,2
DA:184,2
DA:185,2
DA:188,2
DA:191,2
DA:194,2
DA:198,2
DA:201,2
DA:205,2
DA:209,2
DA:213,2
DA:216,2
DA:217,2
DA:222,27
DA:223,27
DA:224,27
DA:227,0
DA:232,3
DA:241,1
DA:244,1
DA:248,4
DA:257,2
DA:262,2
LF:28
LH:27
BRDA:224,0,0,27
BRDA:224,0,1,9
BRDA:224,1,0,2
BRDA:224,1,1,25
BRDA:224,2,0,2
BRDA:224,2,1,1
BRDA:226,3,0,2
BRDA:226,3,1,1
BRDA:227,4,0,2
BRDA:227,4,1,1
BRDA:227,5,0,0
BRDA:227,5,1,0
BRDA:229,6,0,2
BRDA:229,6,1,1
BRDA:231,7,0,4
BRDA:231,7,1,23
BRDA:238,8,0,23
BRDA:238,8,1,9
BRDA:240,9,0,24
BRDA:240,9,1,3
BRDA:241,10,0,24
BRDA:241,10,1,7
BRDA:244,11,0,24
BRDA:244,11,1,7
BRDA:244,12,0,1
BRDA:244,12,1,1
BRDA:245,13,0,24
BRDA:245,13,1,7
BRDA:248,14,0,24
BRDA:248,14,1,7
BRDA:248,15,0,4
BRDA:248,15,1,4
BRDA:251,16,0,24
BRDA:251,16,1,7
BRDA:253,17,0,3
BRDA:253,17,1,2
BRDA:257,18,0,2
BRDA:257,18,1,2
BRF:38
BRH:36
end_of_record
TN:
SF:src/components/CommentItem.vue
FN:21,(anonymous_0)
FN:23,(anonymous_1)
FN:27,(anonymous_2)
FN:28,(anonymous_3)
FN:67,render
FN:70,(anonymous_5)
FN:74,(anonymous_6)
FN:79,(anonymous_7)
FNF:8
FNH:7
FNDA:13,(anonymous_0)
FNDA:19,(anonymous_1)
FNDA:13,(anonymous_2)
FNDA:52,(anonymous_3)
FNDA:13,render
FNDA:1,(anonymous_5)
FNDA:9,(anonymous_6)
FNDA:0,(anonymous_7)
DA:4,3
DA:7,3
DA:8,3
DA:22,13
DA:23,19
DA:28,52
DA:32,3
DA:34,3
DA:37,3
DA:38,3
DA:39,3
DA:42,3
DA:45,3
DA:48,3
DA:51,3
DA:54,3
DA:57,3
DA:60,3
DA:63,3
DA:68,13
DA:69,13
DA:70,1
DA:75,9
DA:79,0
DA:82,3
LF:25
LH:24
BRDA:22,0,0,0
BRDA:22,0,1,13
BRDA:28,1,0,52
BRDA:28,1,1,39
BRDA:69,2,0,9
BRDA:69,2,1,4
BRDA:69,3,0,9
BRDA:69,3,1,4
BRDA:70,4,0,13
BRDA:70,4,1,13
BRDA:72,5,0,13
BRDA:72,5,1,13
BRDA:74,6,0,6
BRDA:74,6,1,7
BRDA:79,7,0,9
BRDA:79,7,1,6
BRF:16
BRH:15
end_of_record
TN:
SF:src/components/Footer.vue
FN:11,render
FNF:1
FNH:1
FNDA:1,render
DA:3,1
DA:6,1
DA:7,1
DA:8,1
DA:12,1
DA:13,1
LF:6
LH:6
BRDA:12,0,0,1
BRDA:12,0,1,1
BRF:2
BRH:2
end_of_record
TN:
SF:src/components/Header.vue
FN:122,render
FN:132,(anonymous_1)
FN:138,(anonymous_2)
FN:144,(anonymous_3)
FN:150,(anonymous_4)
FN:157,(anonymous_5)
FN:164,(anonymous_6)
FN:167,(anonymous_7)
FN:173,(anonymous_8)
FN:178,(anonymous_9)
FN:186,(anonymous_10)
FN:189,(anonymous_11)
FN:196,(anonymous_12)
FN:203,(anonymous_13)
FN:206,(anonymous_14)
FN:217,(anonymous_15)
FN:222,(anonymous_16)
FN:234,(anonymous_17)
FNF:18
FNH:16
FNDA:11,render
FNDA:6,(anonymous_1)
FNDA:6,(anonymous_2)
FNDA:6,(anonymous_3)
FNDA:6,(anonymous_4)
FNDA:1,(anonymous_5)
FNDA:1,(anonymous_6)
FNDA:1,(anonymous_7)
FNDA:6,(anonymous_8)
FNDA:1,(anonymous_9)
FNDA:5,(anonymous_10)
FNDA:3,(anonymous_11)
FNDA:2,(anonymous_12)
FNDA:2,(anonymous_13)
FNDA:1,(anonymous_14)
FNDA:0,(anonymous_15)
FNDA:0,(anonymous_16)
FNDA:2,(anonymous_17)
DA:4,2
DA:7,2
DA:91,2
DA:93,2
DA:94,2
DA:97,2
DA:98,2
DA:99,2
DA:100,2
DA:103,2
DA:106,2
DA:109,2
DA:112,2
DA:116,2
DA:123,11
DA:124,11
DA:132,6
DA:138,6
DA:144,6
DA:150,6
DA:157,1
DA:164,1
DA:167,1
DA:173,6
DA:178,1
DA:186,5
DA:189,3
DA:196,2
DA:203,2
DA:207,1
DA:208,1
DA:217,0
DA:223,0
DA:224,0
DA:234,2
DA:237,2
LF:36
LH:33
BRDA:124,0,0,11
BRDA:124,0,1,6
BRDA:132,1,0,6
BRDA:132,1,1,6
BRDA:138,2,0,6
BRDA:138,2,1,6
BRDA:144,3,0,6
BRDA:144,3,1,6
BRDA:150,4,0,6
BRDA:150,4,1,6
BRDA:152,5,0,1
BRDA:152,5,1,10
BRDA:152,6,0,11
BRDA:152,6,1,2
BRDA:157,7,0,1
BRDA:157,7,1,1
BRDA:159,8,0,1
BRDA:159,8,1,10
BRDA:159,9,0,11
BRDA:159,9,1,2
BRDA:164,10,0,1
BRDA:164,10,1,1
BRDA:167,11,0,11
BRDA:167,11,1,6
BRDA:167,12,0,1
BRDA:167,12,1,1
BRDA:173,13,0,6
BRDA:173,13,1,6
BRDA:175,14,0,2
BRDA:175,14,1,9
BRDA:178,15,0,2
BRDA:178,15,1,2
BRDA:178,16,0,1
BRDA:178,16,1,1
BRDA:186,17,0,5
BRDA:186,17,1,5
BRDA:189,18,0,11
BRDA:189,18,1,6
BRDA:189,19,0,3
BRDA:189,19,1,3
BRDA:191,20,0,2
BRDA:191,20,1,9
BRDA:196,21,0,2
BRDA:196,21,1,2
BRDA:203,22,0,2
BRDA:203,22,1,2
BRDA:206,23,0,2
BRDA:206,23,1,2
BRDA:211,24,0,0
BRDA:211,24,1,2
BRDA:211,25,0,2
BRDA:211,25,1,0
BRDA:217,26,0,0
BRDA:217,26,1,0
BRDA:219,27,0,0
BRDA:219,27,1,2
BRDA:222,28,0,0
BRDA:222,28,1,0
BRDA:234,29,0,2
BRDA:234,29,1,2
BRF:60
BRH:53
end_of_record
TN:
SF:src/components/PortSelector.vue
FN:124,render
FN:133,(anonymous_1)
FN:143,(anonymous_2)
FN:151,(anonymous_3)
FN:156,(anonymous_4)
FNF:5
FNH:2
FNDA:10,render
FNDA:0,(anonymous_1)
FNDA:0,(anonymous_2)
FNDA:0,(anonymous_3)
FNDA:3,(anonymous_4)
DA:4,1
DA:5,1
DA:8,1
DA:83,1
DA:85,1
DA:88,1
DA:89,1
DA:90,1
DA:94,1
DA:97,1
DA:100,1
DA:103,1
DA:106,1
DA:109,1
DA:112,1
DA:115,1
DA:118,1
DA:121,1
DA:125,10
DA:133,0
DA:143,0
DA:151,0
DA:156,3
DA:159,1
LF:24
LH:21
BRDA:125,0,0,8
BRDA:125,0,1,2
BRDA:125,1,0,8
BRDA:125,1,1,6
BRDA:127,2,0,8
BRDA:127,2,1,6
BRDA:129,3,0,8
BRDA:129,3,1,6
BRDA:133,4,0,8
BRDA:133,4,1,6
BRDA:137,5,0,8
BRDA:137,5,1,6
BRDA:139,6,0,8
BRDA:139,6,1,6
BRDA:143,7,0,8
BRDA:143,7,1,6
BRDA:147,8,0,8
BRDA:147,8,1,6
BRDA:151,9,0,8
BRDA:151,9,1,6
BRDA:153,10,0,8
BRDA:153,10,1,6
BRDA:156,11,0,8
BRDA:156,11,1,6
BRDA:156,12,0,3
BRDA:156,12,1,3
BRF:26
BRH:26
end_of_record
TN:
SF:src/components/button-comp.vue
FN:47,render
FN:49,(anonymous_1)
FNF:2
FNH:2
FNDA:3,render
FNDA:2,(anonymous_1)
DA:4,1
DA:7,1
DA:42,1
DA:45,1
DA:46,1
DA:48,3
DA:49,2
DA:51,1
LF:8
LH:8
BRDA:49,0,0,3
BRDA:49,0,1,1
BRF:2
BRH:2
end_of_record
TN:
SF:src/components/search.vue
FN:139,render
FN:157,(anonymous_1)
FN:164,(anonymous_2)
FNF:3
FNH:3
FNDA:8,render
FNDA:24,(anonymous_1)
FNDA:1,(anonymous_2)
DA:4,1
DA:7,1
DA:114,1
DA:117,1
DA:118,1
DA:119,1
DA:122,1
DA:125,1
DA:129,1
DA:132,1
DA:135,1
DA:136,1
DA:140,8
DA:158,24
DA:164,1
DA:167,1
LF:16
LH:16
BRDA:140,0,0,8
BRDA:140,0,1,4
BRDA:155,1,0,8
BRDA:155,1,1,0
BRDA:155,2,0,8
BRDA:155,2,1,4
BRF:6
BRH:5
end_of_record
TN:
SF:src/pages/Catalogo.vue
FN:264,render
FN:276,(anonymous_1)
FN:281,(anonymous_2)
FN:286,(anonymous_3)
FN:291,(anonymous_4)
FN:300,(anonymous_5)
FN:305,(anonymous_6)
FN:311,(anonymous_7)
FN:318,(anonymous_8)
FN:340,(anonymous_9)
FNF:10
FNH:10
FNDA:16,render
FNDA:2,(anonymous_1)
FNDA:2,(anonymous_2)
FNDA:2,(anonymous_3)
FNDA:1,(anonymous_4)
FNDA:1,(anonymous_5)
FNDA:30,(anonymous_6)
FNDA:1,(anonymous_7)
FNDA:30,(anonymous_8)
FNDA:1,(anonymous_9)
DA:4,1
DA:5,1
DA:8,1
DA:171,1
DA:174,1
DA:175,1
DA:176,1
DA:179,1
DA:182,1
DA:185,1
DA:188,1
DA:191,1
DA:194,1
DA:197,1
DA:201,1
DA:204,1
DA:207,1
DA:210,1
DA:213,1
DA:214,1
DA:218,1
DA:221,1
DA:224,1
DA:227,1
DA:230,1
DA:233,1
DA:237,1
DA:240,1
DA:243,1
DA:246,1
DA:249,1
DA:252,1
DA:255,1
DA:258,1
DA:261,1
DA:265,16
DA:266,16
DA:276,2
DA:281,2
DA:286,2
DA:291,1
DA:300,1
DA:306,30
DA:311,1
DA:318,30
DA:340,1
DA:343,1
LF:47
LH:47
BRDA:266,0,0,16
BRDA:266,0,1,3
BRDA:272,1,0,16
BRDA:272,1,1,3
BRDA:276,2,0,16
BRDA:276,2,1,3
BRDA:281,3,0,16
BRDA:281,3,1,3
BRDA:286,4,0,16
BRDA:286,4,1,3
BRDA:291,5,0,16
BRDA:291,5,1,3
BRDA:296,6,0,16
BRDA:296,6,1,3
BRDA:300,7,0,16
BRDA:300,7,1,3
BRDA:309,8,0,11
BRDA:309,8,1,19
BRDA:312,9,0,30
BRDA:312,9,1,3
BRDA:318,10,0,30
BRDA:318,10,1,3
BRDA:323,11,0,3
BRDA:323,11,1,13
BRDA:323,12,0,3
BRDA:323,12,1,3
BRDA:325,13,0,1
BRDA:325,13,1,15
BRDA:332,14,0,1
BRDA:332,14,1,0
BRDA:332,15,0,0
BRDA:332,15,1,1
BRDA:332,16,0,1
BRDA:332,16,1,1
BRDA:332,17,0,1
BRDA:332,17,1,0
BRDA:332,18,0,1
BRDA:332,18,1,1
BRDA:332,19,0,1
BRDA:332,19,1,0
BRDA:332,20,0,1
BRDA:332,20,1,1
BRDA:332,21,0,1
BRDA:332,21,1,1
BRDA:332,22,0,1
BRDA:332,22,1,1
BRDA:332,23,0,1
BRDA:332,23,1,1
BRDA:332,24,0,1
BRDA:332,24,1,1
BRDA:336,25,0,1
BRDA:336,25,1,1
BRDA:336,26,0,1
BRDA:336,26,1,1
BRDA:340,27,0,1
BRDA:340,27,1,1
BRF:56
BRH:52
end_of_record
TN:
SF:src/pages/Dashboard.vue
FN:82,render
FNF:1
FNH:1
FNDA:3,render
DA:4,1
DA:7,1
DA:68,1
DA:71,1
DA:72,1
DA:73,1
DA:76,1
DA:79,1
DA:83,3
DA:84,1
LF:10
LH:10
BRDA:83,0,0,1
BRDA:83,0,1,2
BRDA:83,1,0,1
BRDA:83,1,1,1
BRDA:83,2,0,1
BRDA:83,2,1,1
BRDA:83,3,0,1
BRDA:83,3,1,1
BRDA:83,4,0,1
BRDA:83,4,1,1
BRF:10
BRH:10
end_of_record
TN:
SF:src/pages/Home.vue
FN:185,render
FN:199,(anonymous_1)
FN:212,(anonymous_2)
FNF:3
FNH:3
FNDA:7,render
FNDA:3,(anonymous_1)
FNDA:21,(anonymous_2)
DA:4,1
DA:5,1
DA:8,1
DA:154,1
DA:157,1
DA:158,1
DA:159,1
DA:162,1
DA:165,1
DA:168,1
DA:171,1
DA:174,1
DA:175,1
DA:178,1
DA:181,1
DA:182,1
DA:186,7
DA:187,7
DA:199,3
DA:213,21
DA:222,1
LF:21
LH:21
BRDA:187,0,0,7
BRDA:187,0,1,3
BRDA:195,1,0,7
BRDA:195,1,1,3
BRDA:199,2,0,3
BRDA:199,2,1,3
BRDA:201,3,0,7
BRDA:201,3,1,3
BRDA:201,4,0,7
BRDA:201,4,1,3
BRDA:210,5,0,7
BRDA:210,5,1,3
BRF:12
BRH:12
end_of_record
TN:
SF:src/pages/Login.vue
FN:221,render
FN:234,(anonymous_1)
FN:238,(anonymous_2)
FN:247,(anonymous_3)
FN:260,(anonymous_4)
FN:264,(anonymous_5)
FNF:6
FNH:5
FNDA:7,render
FNDA:2,(anonymous_1)
FNDA:4,(anonymous_2)
FNDA:4,(anonymous_3)
FNDA:2,(anonymous_4)
FNDA:0,(anonymous_5)
DA:4,1
DA:5,1
DA:8,1
DA:182,1
DA:183,1
DA:186,1
DA:187,1
DA:188,1
DA:189,1
DA:192,1
DA:195,1
DA:199,1
DA:202,1
DA:205,1
DA:208,1
DA:211,1
DA:214,1
DA:218,1
DA:222,7
DA:223,7
DA:234,2
DA:238,4
DA:247,4
DA:260,2
DA:264,0
DA:266,1
LF:26
LH:25
BRDA:223,0,0,7
BRDA:223,0,1,2
BRDA:225,1,0,7
BRDA:225,1,1,2
BRDA:231,2,0,7
BRDA:231,2,1,2
BRDA:233,3,0,1
BRDA:233,3,1,6
BRDA:234,4,0,7
BRDA:234,4,1,2
BRDA:235,5,0,7
BRDA:235,5,1,2
BRDA:238,6,0,7
BRDA:238,6,1,2
BRDA:242,7,0,7
BRDA:242,7,1,2
BRDA:244,8,0,7
BRDA:244,8,1,2
BRDA:247,9,0,7
BRDA:247,9,1,2
BRDA:251,10,0,7
BRDA:251,10,1,2
BRDA:253,11,0,7
BRDA:253,11,1,2
BRDA:260,12,0,2
BRDA:260,12,1,2
BRDA:262,13,0,0
BRDA:262,13,1,7
BRDA:264,14,0,0
BRDA:264,14,1,0
BRF:30
BRH:27
end_of_record
TN:
SF:src/pages/Prescriptions.vue
FN:434,render
FN:447,(anonymous_1)
FN:461,(anonymous_2)
FN:473,(anonymous_3)
FNF:4
FNH:4
FNDA:9,render
FNDA:4,(anonymous_1)
FNDA:4,(anonymous_2)
FNDA:2,(anonymous_3)
DA:4,1
DA:5,1
DA:8,1
DA:333,1
DA:336,1
DA:337,1
DA:338,1
DA:341,1
DA:345,1
DA:349,1
DA:352,1
DA:355,1
DA:358,1
DA:361,1
DA:365,1
DA:368,1
DA:371,1
DA:374,1
DA:377,1
DA:380,1
DA:383,1
DA:386,1
DA:390,1
DA:394,1
DA:397,1
DA:400,1
DA:403,1
DA:406,1
DA:409,1
DA:412,1
DA:415,1
DA:418,1
DA:421,1
DA:424,1
DA:427,1
DA:430,1
DA:433,1
DA:435,9
DA:448,4
DA:462,4
DA:473,2
DA:487,1
LF:42
LH:42
BRDA:435,0,0,9
BRDA:435,0,1,4
BRDA:441,1,0,2
BRDA:441,1,1,7
BRDA:441,2,0,2
BRDA:441,2,1,2
BRDA:443,3,0,4
BRDA:443,3,1,5
BRDA:443,4,0,4
BRDA:443,4,1,4
BRDA:445,5,0,4
BRDA:445,5,1,1
BRDA:445,6,0,5
BRDA:445,6,1,5
BRDA:451,7,0,4
BRDA:451,7,1,0
BRDA:451,8,0,4
BRDA:451,8,1,3
BRDA:453,9,0,4
BRDA:453,9,1,4
BRDA:453,9,2,0
BRDA:453,10,0,4
BRDA:453,10,1,3
BRDA:455,11,0,4
BRDA:455,11,1,3
BRDA:457,12,0,4
BRDA:457,12,1,0
BRDA:457,13,0,4
BRDA:457,13,1,3
BRDA:459,14,0,4
BRDA:459,14,1,0
BRDA:459,15,0,4
BRDA:459,15,1,4
BRDA:459,16,0,4
BRDA:459,16,1,3
BRDA:465,17,0,4
BRDA:465,17,1,3
BRDA:467,18,0,4
BRDA:467,18,1,3
BRDA:469,19,0,4
BRDA:469,19,1,3
BRDA:474,20,0,4
BRDA:474,20,1,3
BRDA:480,21,0,1
BRDA:480,21,1,1
BRF:45
BRH:41
end_of_record
TN:
SF:src/pages/Producto.vue
FN:190,render
FN:192,(anonymous_1)
FN:195,(anonymous_2)
FN:197,(anonymous_3)
FN:206,(anonymous_4)
FNF:5
FNH:5
FNDA:12,render
FNDA:1,(anonymous_1)
FNDA:1,(anonymous_2)
FNDA:3,(anonymous_3)
FNDA:1,(anonymous_4)
DA:4,1
DA:5,1
DA:8,1
DA:154,1
DA:157,1
DA:158,1
DA:159,1
DA:162,1
DA:165,1
DA:168,1
DA:171,1
DA:175,1
DA:178,1
DA:181,1
DA:184,1
DA:187,1
DA:191,12
DA:192,1
DA:195,1
DA:198,3
DA:206,1
DA:213,1
LF:22
LH:22
BRDA:191,0,0,12
BRDA:191,0,1,0
BRDA:192,1,0,12
BRDA:192,1,1,3
BRDA:194,2,0,1
BRDA:194,2,1,11
BRDA:194,3,0,1
BRDA:194,3,1,1
BRDA:194,4,0,1
BRDA:194,4,1,1
BRDA:194,5,0,1
BRDA:194,5,1,1
BRDA:194,6,0,1
BRDA:194,6,1,1
BRDA:195,7,0,1
BRDA:195,7,1,1
BRDA:197,8,0,12
BRDA:197,8,1,3
BRDA:197,9,0,3
BRDA:197,9,1,9
BRDA:202,10,0,9
BRDA:202,10,1,3
BRDA:206,11,0,12
BRDA:206,11,1,3
BRDA:209,12,0,12
BRDA:209,12,1,3
BRDA:212,13,0,0
BRDA:212,13,1,0
BRF:28
BRH:25
end_of_record
TN:
SF:src/pages/ProductoDetalle.vue
FN:294,render
FN:316,(anonymous_1)
FN:321,(anonymous_2)
FN:328,(anonymous_3)
FN:332,(anonymous_4)
FNF:5
FNH:3
FNDA:14,render
FNDA:0,(anonymous_1)
FNDA:1,(anonymous_2)
FNDA:4,(anonymous_3)
FNDA:0,(anonymous_4)
DA:4,1
DA:5,1
DA:8,1
DA:202,1
DA:204,1
DA:207,1
DA:208,1
DA:209,1
DA:212,1
DA:216,1
DA:219,1
DA:223,1
DA:227,1
DA:230,1
DA:233,1
DA:234,1
DA:238,1
DA:241,1
DA:244,1
DA:247,1
DA:250,1
DA:253,1
DA:256,1
DA:259,1
DA:262,1
DA:265,1
DA:268,1
DA:271,1
DA:274,1
DA:277,1
DA:280,1
DA:283,1
DA:284,1
DA:285,1
DA:286,1
DA:287,1
DA:290,1
DA:295,14
DA:296,14
DA:316,0
DA:321,1
DA:328,4
DA:332,0
DA:340,1
LF:44
LH:42
BRDA:296,0,0,10
BRDA:296,0,1,4
BRDA:296,1,0,10
BRDA:296,1,1,0
BRDA:296,2,0,10
BRDA:296,2,1,0
BRDA:296,3,0,10
BRDA:296,3,1,10
BRDA:301,4,0,0
BRDA:301,4,1,0
BRDA:307,5,0,10
BRDA:307,5,1,4
BRDA:307,6,0,10
BRDA:307,6,1,4
BRDA:309,7,0,10
BRDA:309,7,1,4
BRDA:311,8,0,10
BRDA:311,8,1,4
BRDA:313,9,0,10
BRDA:313,9,1,4
BRDA:315,10,0,10
BRDA:315,10,1,4
BRDA:316,11,0,10
BRDA:316,11,1,4
BRDA:316,12,0,0
BRDA:316,12,1,0
BRDA:321,13,0,10
BRDA:321,13,1,4
BRDA:328,14,0,10
BRDA:328,14,1,4
BRDA:328,15,0,4
BRDA:328,15,1,4
BRDA:332,16,0,10
BRDA:332,16,1,4
BRDA:332,17,0,0
BRDA:332,17,1,0
BRDA:333,18,0,10
BRDA:333,18,1,10
BRDA:333,18,2,10
BRDA:333,18,3,9
BRDA:335,19,0,10
BRDA:335,19,1,4
BRDA:337,20,0,4
BRDA:337,20,1,4
BRF:44
BRH:36
end_of_record
TN:
SF:src/stores/userStore.js
FN:5,(anonymous_0)
FN:10,(anonymous_1)
FN:28,(anonymous_2)
FN:60,(anonymous_3)
FN:66,(anonymous_4)
FNF:5
FNH:5
FNDA:23,(anonymous_0)
FNDA:6,(anonymous_1)
FNDA:31,(anonymous_2)
FNDA:3,(anonymous_3)
FNDA:2,(anonymous_4)
DA:4,5
DA:5,23
DA:11,6
DA:12,6
DA:13,6
DA:14,6
DA:15,6
DA:16,6
DA:18,6
DA:19,5
DA:23,0
DA:30,31
DA:31,11
DA:35,20
DA:36,20
DA:37,20
DA:38,7
DA:40,6
DA:41,6
DA:45,13
DA:46,13
DA:47,2
DA:49,1
DA:50,1
DA:53,2
DA:56,13
DA:61,3
DA:62,3
DA:67,2
DA:69,2
DA:70,2
DA:71,2
DA:72,2
DA:73,2
LF:34
LH:33
BRDA:14,0,0,6
BRDA:14,0,1,0
BRDA:18,1,0,5
BRDA:18,1,1,1
BRDA:18,2,0,6
BRDA:18,2,1,6
BRDA:30,3,0,11
BRDA:30,3,1,20
BRDA:37,4,0,7
BRDA:37,4,1,13
BRDA:37,5,0,20
BRDA:37,5,1,8
BRDA:37,5,2,7
BRDA:46,6,0,2
BRDA:46,6,1,11
BRDA:46,7,0,13
BRDA:46,7,1,3
BRDA:46,7,2,2
BRDA:62,8,0,3
BRDA:62,8,1,3
BRDA:69,9,0,2
BRDA:69,9,1,0
BRF:22
BRH:20
end_of_record
