<?xml version="1.0" encoding="UTF-8"?>
<testsuite xmlns:xsi="http://www.w3.org/2001/XMLSchema-instance" xsi:noNamespaceSchemaLocation="https://maven.apache.org/surefire/maven-surefire-plugin/xsd/surefire-test-report-3.0.xsd" version="3.0" name="com.sources.app.dao.ServiceApprovalDAOTest" time="0.676" tests="5" errors="0" skipped="0" failures="0">
  <properties>
[...]
</properties>
  <testcase name="testUpdateStatusRejectedAndCompleted" classname="com.sources.app.dao.ServiceApprovalDAOTest" time="0.046">
    <system-out><![CDATA[2025-09-03 22:58:09 [main] DEBUG org.hibernate.SQL - insert into "USERS" (ADDRESS,BIRTHDATE,CUI,EMAIL,ENABLED,NAME,PASSWORD,PHONE,ID_POLICY,ROL,STATUS) values (?,?,?,?,?,?,?,?,?,?,?)
Hibernate: insert into "USERS" (ADDRESS,BIRTHDATE,CUI,EMAIL,ENABLED,NAME,PASSWORD,PHONE,ID_POLICY,ROL,STATUS) values (?,?,?,?,?,?,?,?,?,?,?)
2025-09-03 22:58:09 [main] DEBUG org.hibernate.SQL - select last_insert_rowid()
Hibernate: select last_insert_rowid()
2025-09-03 22:58:09 [main] DEBUG org.hibernate.SQL - insert into HOSPITAL (ADDRESS,EMAIL,ENABLED,NAME,PHONE) values (?,?,?,?,?)
Hibernate: insert into HOSPITAL (ADDRESS,EMAIL,ENABLED,NAME,PHONE) values (?,?,?,?,?)
2025-09-03 22:58:09 [main] DEBUG org.hibernate.SQL - select last_insert_rowid()
Hibernate: select last_insert_rowid()
2025-09-03 22:58:09 [main] DEBUG org.hibernate.SQL - insert into SERVICE_APPROVALS (APPROVAL_CODE,APPROVAL_DATE,COMPLETED_DATE,COVERED_AMOUNT,CREATED_AT,ID_HOSPITAL,PATIENT_AMOUNT,PRESCRIPTION_ID,PRESCRIPTION_TOTAL,REJECTION_REASON,SERVICE_COST,SERVICE_DESCRIPTION,SERVICE_ID,SERVICE_NAME,STATUS,ID_USER) values (?,?,?,?,?,?,?,?,?,?,?,?,?,?,?,?)
Hibernate: insert into SERVICE_APPROVALS (APPROVAL_CODE,APPROVAL_DATE,COMPLETED_DATE,COVERED_AMOUNT,CREATED_AT,ID_HOSPITAL,PATIENT_AMOUNT,PRESCRIPTION_ID,PRESCRIPTION_TOTAL,REJECTION_REASON,SERVICE_COST,SERVICE_DESCRIPTION,SERVICE_ID,SERVICE_NAME,STATUS,ID_USER) values (?,?,?,?,?,?,?,?,?,?,?,?,?,?,?,?)
2025-09-03 22:58:09 [main] DEBUG org.hibernate.SQL - select last_insert_rowid()
Hibernate: select last_insert_rowid()
2025-09-03 22:58:09 [main] DEBUG org.hibernate.SQL - select sa1_0.ID_APPROVAL,sa1_0.APPROVAL_CODE,sa1_0.APPROVAL_DATE,sa1_0.COMPLETED_DATE,sa1_0.COVERED_AMOUNT,sa1_0.CREATED_AT,sa1_0.ID_HOSPITAL,h1_0.ID_HOSPITAL,h1_0.ADDRESS,h1_0.EMAIL,h1_0.ENABLED,h1_0.NAME,h1_0.PHONE,sa1_0.PATIENT_AMOUNT,sa1_0.PRESCRIPTION_ID,sa1_0.PRESCRIPTION_TOTAL,sa1_0.REJECTION_REASON,sa1_0.SERVICE_COST,sa1_0.SERVICE_DESCRIPTION,sa1_0.SERVICE_ID,sa1_0.SERVICE_NAME,sa1_0.STATUS,sa1_0.ID_USER,u1_0.ID_USER,u1_0.ADDRESS,u1_0.BIRTHDATE,u1_0.CUI,u1_0.EMAIL,u1_0.ENABLED,u1_0.NAME,u1_0.PASSWORD,u1_0.PHONE,p1_0.ID_POLICY,p1_0.ENABLED,p1_0.EXPIRATION_DATE,p1_0.PERCENTAGE,u1_0.ROL,u1_0.STATUS from SERVICE_APPROVALS sa1_0 join HOSPITAL h1_0 on h1_0.ID_HOSPITAL=sa1_0.ID_HOSPITAL join "USERS" u1_0 on u1_0.ID_USER=sa1_0.ID_USER left join POLICY p1_0 on p1_0.ID_POLICY=u1_0.ID_POLICY where sa1_0.ID_APPROVAL=?
Hibernate: select sa1_0.ID_APPROVAL,sa1_0.APPROVAL_CODE,sa1_0.APPROVAL_DATE,sa1_0.COMPLETED_DATE,sa1_0.COVERED_AMOUNT,sa1_0.CREATED_AT,sa1_0.ID_HOSPITAL,h1_0.ID_HOSPITAL,h1_0.ADDRESS,h1_0.EMAIL,h1_0.ENABLED,h1_0.NAME,h1_0.PHONE,sa1_0.PATIENT_AMOUNT,sa1_0.PRESCRIPTION_ID,sa1_0.PRESCRIPTION_TOTAL,sa1_0.REJECTION_REASON,sa1_0.SERVICE_COST,sa1_0.SERVICE_DESCRIPTION,sa1_0.SERVICE_ID,sa1_0.SERVICE_NAME,sa1_0.STATUS,sa1_0.ID_USER,u1_0.ID_USER,u1_0.ADDRESS,u1_0.BIRTHDATE,u1_0.CUI,u1_0.EMAIL,u1_0.ENABLED,u1_0.NAME,u1_0.PASSWORD,u1_0.PHONE,p1_0.ID_POLICY,p1_0.ENABLED,p1_0.EXPIRATION_DATE,p1_0.PERCENTAGE,u1_0.ROL,u1_0.STATUS from SERVICE_APPROVALS sa1_0 join HOSPITAL h1_0 on h1_0.ID_HOSPITAL=sa1_0.ID_HOSPITAL join "USERS" u1_0 on u1_0.ID_USER=sa1_0.ID_USER left join POLICY p1_0 on p1_0.ID_POLICY=u1_0.ID_POLICY where sa1_0.ID_APPROVAL=?
2025-09-03 22:58:09 [main] DEBUG org.hibernate.SQL - update SERVICE_APPROVALS set APPROVAL_CODE=?,APPROVAL_DATE=?,COMPLETED_DATE=?,COVERED_AMOUNT=?,CREATED_AT=?,ID_HOSPITAL=?,PATIENT_AMOUNT=?,PRESCRIPTION_ID=?,PRESCRIPTION_TOTAL=?,REJECTION_REASON=?,SERVICE_COST=?,SERVICE_DESCRIPTION=?,SERVICE_ID=?,SERVICE_NAME=?,STATUS=?,ID_USER=? where ID_APPROVAL=?
Hibernate: update SERVICE_APPROVALS set APPROVAL_CODE=?,APPROVAL_DATE=?,COMPLETED_DATE=?,COVERED_AMOUNT=?,CREATED_AT=?,ID_HOSPITAL=?,PATIENT_AMOUNT=?,PRESCRIPTION_ID=?,PRESCRIPTION_TOTAL=?,REJECTION_REASON=?,SERVICE_COST=?,SERVICE_DESCRIPTION=?,SERVICE_ID=?,SERVICE_NAME=?,STATUS=?,ID_USER=? where ID_APPROVAL=?
2025-09-03 22:58:09 [main] DEBUG org.hibernate.SQL - select sa1_0.ID_APPROVAL,sa1_0.APPROVAL_CODE,sa1_0.APPROVAL_DATE,sa1_0.COMPLETED_DATE,sa1_0.COVERED_AMOUNT,sa1_0.CREATED_AT,sa1_0.ID_HOSPITAL,h1_0.ID_HOSPITAL,h1_0.ADDRESS,h1_0.EMAIL,h1_0.ENABLED,h1_0.NAME,h1_0.PHONE,sa1_0.PATIENT_AMOUNT,sa1_0.PRESCRIPTION_ID,sa1_0.PRESCRIPTION_TOTAL,sa1_0.REJECTION_REASON,sa1_0.SERVICE_COST,sa1_0.SERVICE_DESCRIPTION,sa1_0.SERVICE_ID,sa1_0.SERVICE_NAME,sa1_0.STATUS,sa1_0.ID_USER,u1_0.ID_USER,u1_0.ADDRESS,u1_0.BIRTHDATE,u1_0.CUI,u1_0.EMAIL,u1_0.ENABLED,u1_0.NAME,u1_0.PASSWORD,u1_0.PHONE,p1_0.ID_POLICY,p1_0.ENABLED,p1_0.EXPIRATION_DATE,p1_0.PERCENTAGE,u1_0.ROL,u1_0.STATUS from SERVICE_APPROVALS sa1_0 join HOSPITAL h1_0 on h1_0.ID_HOSPITAL=sa1_0.ID_HOSPITAL join "USERS" u1_0 on u1_0.ID_USER=sa1_0.ID_USER left join POLICY p1_0 on p1_0.ID_POLICY=u1_0.ID_POLICY where sa1_0.ID_APPROVAL=?
Hibernate: select sa1_0.ID_APPROVAL,sa1_0.APPROVAL_CODE,sa1_0.APPROVAL_DATE,sa1_0.COMPLETED_DATE,sa1_0.COVERED_AMOUNT,sa1_0.CREATED_AT,sa1_0.ID_HOSPITAL,h1_0.ID_HOSPITAL,h1_0.ADDRESS,h1_0.EMAIL,h1_0.ENABLED,h1_0.NAME,h1_0.PHONE,sa1_0.PATIENT_AMOUNT,sa1_0.PRESCRIPTION_ID,sa1_0.PRESCRIPTION_TOTAL,sa1_0.REJECTION_REASON,sa1_0.SERVICE_COST,sa1_0.SERVICE_DESCRIPTION,sa1_0.SERVICE_ID,sa1_0.SERVICE_NAME,sa1_0.STATUS,sa1_0.ID_USER,u1_0.ID_USER,u1_0.ADDRESS,u1_0.BIRTHDATE,u1_0.CUI,u1_0.EMAIL,u1_0.ENABLED,u1_0.NAME,u1_0.PASSWORD,u1_0.PHONE,p1_0.ID_POLICY,p1_0.ENABLED,p1_0.EXPIRATION_DATE,p1_0.PERCENTAGE,u1_0.ROL,u1_0.STATUS from SERVICE_APPROVALS sa1_0 join HOSPITAL h1_0 on h1_0.ID_HOSPITAL=sa1_0.ID_HOSPITAL join "USERS" u1_0 on u1_0.ID_USER=sa1_0.ID_USER left join POLICY p1_0 on p1_0.ID_POLICY=u1_0.ID_POLICY where sa1_0.ID_APPROVAL=?
2025-09-03 22:58:09 [main] DEBUG org.hibernate.SQL - update SERVICE_APPROVALS set APPROVAL_CODE=?,APPROVAL_DATE=?,COMPLETED_DATE=?,COVERED_AMOUNT=?,CREATED_AT=?,ID_HOSPITAL=?,PATIENT_AMOUNT=?,PRESCRIPTION_ID=?,PRESCRIPTION_TOTAL=?,REJECTION_REASON=?,SERVICE_COST=?,SERVICE_DESCRIPTION=?,SERVICE_ID=?,SERVICE_NAME=?,STATUS=?,ID_USER=? where ID_APPROVAL=?
Hibernate: update SERVICE_APPROVALS set APPROVAL_CODE=?,APPROVAL_DATE=?,COMPLETED_DATE=?,COVERED_AMOUNT=?,CREATED_AT=?,ID_HOSPITAL=?,PATIENT_AMOUNT=?,PRESCRIPTION_ID=?,PRESCRIPTION_TOTAL=?,REJECTION_REASON=?,SERVICE_COST=?,SERVICE_DESCRIPTION=?,SERVICE_ID=?,SERVICE_NAME=?,STATUS=?,ID_USER=? where ID_APPROVAL=?
]]></system-out>
  </testcase>
  <testcase name="testServiceApprovalDAOInstantiation" classname="com.sources.app.dao.ServiceApprovalDAOTest" time="0.001"/>
  <testcase name="testCreateAndFetchByIdAndCode" classname="com.sources.app.dao.ServiceApprovalDAOTest" time="0.032">
    <system-out><![CDATA[2025-09-03 22:58:09 [main] DEBUG org.hibernate.SQL - insert into "USERS" (ADDRESS,BIRTHDATE,CUI,EMAIL,ENABLED,NAME,PASSWORD,PHONE,ID_POLICY,ROL,STATUS) values (?,?,?,?,?,?,?,?,?,?,?)
Hibernate: insert into "USERS" (ADDRESS,BIRTHDATE,CUI,EMAIL,ENABLED,NAME,PASSWORD,PHONE,ID_POLICY,ROL,STATUS) values (?,?,?,?,?,?,?,?,?,?,?)
2025-09-03 22:58:09 [main] DEBUG org.hibernate.SQL - select last_insert_rowid()
Hibernate: select last_insert_rowid()
2025-09-03 22:58:09 [main] DEBUG org.hibernate.SQL - insert into HOSPITAL (ADDRESS,EMAIL,ENABLED,NAME,PHONE) values (?,?,?,?,?)
Hibernate: insert into HOSPITAL (ADDRESS,EMAIL,ENABLED,NAME,PHONE) values (?,?,?,?,?)
2025-09-03 22:58:09 [main] DEBUG org.hibernate.SQL - select last_insert_rowid()
Hibernate: select last_insert_rowid()
2025-09-03 22:58:09 [main] DEBUG org.hibernate.SQL - insert into SERVICE_APPROVALS (APPROVAL_CODE,APPROVAL_DATE,COMPLETED_DATE,COVERED_AMOUNT,CREATED_AT,ID_HOSPITAL,PATIENT_AMOUNT,PRESCRIPTION_ID,PRESCRIPTION_TOTAL,REJECTION_REASON,SERVICE_COST,SERVICE_DESCRIPTION,SERVICE_ID,SERVICE_NAME,STATUS,ID_USER) values (?,?,?,?,?,?,?,?,?,?,?,?,?,?,?,?)
Hibernate: insert into SERVICE_APPROVALS (APPROVAL_CODE,APPROVAL_DATE,COMPLETED_DATE,COVERED_AMOUNT,CREATED_AT,ID_HOSPITAL,PATIENT_AMOUNT,PRESCRIPTION_ID,PRESCRIPTION_TOTAL,REJECTION_REASON,SERVICE_COST,SERVICE_DESCRIPTION,SERVICE_ID,SERVICE_NAME,STATUS,ID_USER) values (?,?,?,?,?,?,?,?,?,?,?,?,?,?,?,?)
2025-09-03 22:58:09 [main] DEBUG org.hibernate.SQL - select last_insert_rowid()
Hibernate: select last_insert_rowid()
2025-09-03 22:58:09 [main] DEBUG org.hibernate.SQL - select sa1_0.ID_APPROVAL,sa1_0.APPROVAL_CODE,sa1_0.APPROVAL_DATE,sa1_0.COMPLETED_DATE,sa1_0.COVERED_AMOUNT,sa1_0.CREATED_AT,sa1_0.ID_HOSPITAL,h1_0.ID_HOSPITAL,h1_0.ADDRESS,h1_0.EMAIL,h1_0.ENABLED,h1_0.NAME,h1_0.PHONE,sa1_0.PATIENT_AMOUNT,sa1_0.PRESCRIPTION_ID,sa1_0.PRESCRIPTION_TOTAL,sa1_0.REJECTION_REASON,sa1_0.SERVICE_COST,sa1_0.SERVICE_DESCRIPTION,sa1_0.SERVICE_ID,sa1_0.SERVICE_NAME,sa1_0.STATUS,sa1_0.ID_USER,u1_0.ID_USER,u1_0.ADDRESS,u1_0.BIRTHDATE,u1_0.CUI,u1_0.EMAIL,u1_0.ENABLED,u1_0.NAME,u1_0.PASSWORD,u1_0.PHONE,p1_0.ID_POLICY,p1_0.ENABLED,p1_0.EXPIRATION_DATE,p1_0.PERCENTAGE,u1_0.ROL,u1_0.STATUS from SERVICE_APPROVALS sa1_0 join HOSPITAL h1_0 on h1_0.ID_HOSPITAL=sa1_0.ID_HOSPITAL join "USERS" u1_0 on u1_0.ID_USER=sa1_0.ID_USER left join POLICY p1_0 on p1_0.ID_POLICY=u1_0.ID_POLICY where sa1_0.ID_APPROVAL=?
Hibernate: select sa1_0.ID_APPROVAL,sa1_0.APPROVAL_CODE,sa1_0.APPROVAL_DATE,sa1_0.COMPLETED_DATE,sa1_0.COVERED_AMOUNT,sa1_0.CREATED_AT,sa1_0.ID_HOSPITAL,h1_0.ID_HOSPITAL,h1_0.ADDRESS,h1_0.EMAIL,h1_0.ENABLED,h1_0.NAME,h1_0.PHONE,sa1_0.PATIENT_AMOUNT,sa1_0.PRESCRIPTION_ID,sa1_0.PRESCRIPTION_TOTAL,sa1_0.REJECTION_REASON,sa1_0.SERVICE_COST,sa1_0.SERVICE_DESCRIPTION,sa1_0.SERVICE_ID,sa1_0.SERVICE_NAME,sa1_0.STATUS,sa1_0.ID_USER,u1_0.ID_USER,u1_0.ADDRESS,u1_0.BIRTHDATE,u1_0.CUI,u1_0.EMAIL,u1_0.ENABLED,u1_0.NAME,u1_0.PASSWORD,u1_0.PHONE,p1_0.ID_POLICY,p1_0.ENABLED,p1_0.EXPIRATION_DATE,p1_0.PERCENTAGE,u1_0.ROL,u1_0.STATUS from SERVICE_APPROVALS sa1_0 join HOSPITAL h1_0 on h1_0.ID_HOSPITAL=sa1_0.ID_HOSPITAL join "USERS" u1_0 on u1_0.ID_USER=sa1_0.ID_USER left join POLICY p1_0 on p1_0.ID_POLICY=u1_0.ID_POLICY where sa1_0.ID_APPROVAL=?
2025-09-03 22:58:09 [main] DEBUG org.hibernate.SQL - select sa1_0.ID_APPROVAL,sa1_0.APPROVAL_CODE,sa1_0.APPROVAL_DATE,sa1_0.COMPLETED_DATE,sa1_0.COVERED_AMOUNT,sa1_0.CREATED_AT,sa1_0.ID_HOSPITAL,sa1_0.PATIENT_AMOUNT,sa1_0.PRESCRIPTION_ID,sa1_0.PRESCRIPTION_TOTAL,sa1_0.REJECTION_REASON,sa1_0.SERVICE_COST,sa1_0.SERVICE_DESCRIPTION,sa1_0.SERVICE_ID,sa1_0.SERVICE_NAME,sa1_0.STATUS,sa1_0.ID_USER from SERVICE_APPROVALS sa1_0 where sa1_0.APPROVAL_CODE=?
Hibernate: select sa1_0.ID_APPROVAL,sa1_0.APPROVAL_CODE,sa1_0.APPROVAL_DATE,sa1_0.COMPLETED_DATE,sa1_0.COVERED_AMOUNT,sa1_0.CREATED_AT,sa1_0.ID_HOSPITAL,sa1_0.PATIENT_AMOUNT,sa1_0.PRESCRIPTION_ID,sa1_0.PRESCRIPTION_TOTAL,sa1_0.REJECTION_REASON,sa1_0.SERVICE_COST,sa1_0.SERVICE_DESCRIPTION,sa1_0.SERVICE_ID,sa1_0.SERVICE_NAME,sa1_0.STATUS,sa1_0.ID_USER from SERVICE_APPROVALS sa1_0 where sa1_0.APPROVAL_CODE=?
2025-09-03 22:58:09 [main] DEBUG org.hibernate.SQL - select h1_0.ID_HOSPITAL,h1_0.ADDRESS,h1_0.EMAIL,h1_0.ENABLED,h1_0.NAME,h1_0.PHONE from HOSPITAL h1_0 where h1_0.ID_HOSPITAL=?
Hibernate: select h1_0.ID_HOSPITAL,h1_0.ADDRESS,h1_0.EMAIL,h1_0.ENABLED,h1_0.NAME,h1_0.PHONE from HOSPITAL h1_0 where h1_0.ID_HOSPITAL=?
2025-09-03 22:58:09 [main] DEBUG org.hibernate.SQL - select u1_0.ID_USER,u1_0.ADDRESS,u1_0.BIRTHDATE,u1_0.CUI,u1_0.EMAIL,u1_0.ENABLED,u1_0.NAME,u1_0.PASSWORD,u1_0.PHONE,p1_0.ID_POLICY,p1_0.ENABLED,p1_0.EXPIRATION_DATE,p1_0.PERCENTAGE,u1_0.ROL,u1_0.STATUS from "USERS" u1_0 left join POLICY p1_0 on p1_0.ID_POLICY=u1_0.ID_POLICY where u1_0.ID_USER=?
Hibernate: select u1_0.ID_USER,u1_0.ADDRESS,u1_0.BIRTHDATE,u1_0.CUI,u1_0.EMAIL,u1_0.ENABLED,u1_0.NAME,u1_0.PASSWORD,u1_0.PHONE,p1_0.ID_POLICY,p1_0.ENABLED,p1_0.EXPIRATION_DATE,p1_0.PERCENTAGE,u1_0.ROL,u1_0.STATUS from "USERS" u1_0 left join POLICY p1_0 on p1_0.ID_POLICY=u1_0.ID_POLICY where u1_0.ID_USER=?
]]></system-out>
  </testcase>
  <testcase name="testQueriesByUserHospitalAndAll" classname="com.sources.app.dao.ServiceApprovalDAOTest" time="0.361">
    <system-out><![CDATA[2025-09-03 22:58:09 [main] DEBUG org.hibernate.SQL - insert into "USERS" (ADDRESS,BIRTHDATE,CUI,EMAIL,ENABLED,NAME,PASSWORD,PHONE,ID_POLICY,ROL,STATUS) values (?,?,?,?,?,?,?,?,?,?,?)
Hibernate: insert into "USERS" (ADDRESS,BIRTHDATE,CUI,EMAIL,ENABLED,NAME,PASSWORD,PHONE,ID_POLICY,ROL,STATUS) values (?,?,?,?,?,?,?,?,?,?,?)
2025-09-03 22:58:09 [main] DEBUG org.hibernate.SQL - select last_insert_rowid()
Hibernate: select last_insert_rowid()
2025-09-03 22:58:09 [main] DEBUG org.hibernate.SQL - insert into HOSPITAL (ADDRESS,EMAIL,ENABLED,NAME,PHONE) values (?,?,?,?,?)
Hibernate: insert into HOSPITAL (ADDRESS,EMAIL,ENABLED,NAME,PHONE) values (?,?,?,?,?)
2025-09-03 22:58:09 [main] DEBUG org.hibernate.SQL - select last_insert_rowid()
Hibernate: select last_insert_rowid()
2025-09-03 22:58:09 [main] DEBUG org.hibernate.SQL - insert into SERVICE_APPROVALS (APPROVAL_CODE,APPROVAL_DATE,COMPLETED_DATE,COVERED_AMOUNT,CREATED_AT,ID_HOSPITAL,PATIENT_AMOUNT,PRESCRIPTION_ID,PRESCRIPTION_TOTAL,REJECTION_REASON,SERVICE_COST,SERVICE_DESCRIPTION,SERVICE_ID,SERVICE_NAME,STATUS,ID_USER) values (?,?,?,?,?,?,?,?,?,?,?,?,?,?,?,?)
Hibernate: insert into SERVICE_APPROVALS (APPROVAL_CODE,APPROVAL_DATE,COMPLETED_DATE,COVERED_AMOUNT,CREATED_AT,ID_HOSPITAL,PATIENT_AMOUNT,PRESCRIPTION_ID,PRESCRIPTION_TOTAL,REJECTION_REASON,SERVICE_COST,SERVICE_DESCRIPTION,SERVICE_ID,SERVICE_NAME,STATUS,ID_USER) values (?,?,?,?,?,?,?,?,?,?,?,?,?,?,?,?)
2025-09-03 22:58:09 [main] DEBUG org.hibernate.SQL - select last_insert_rowid()
Hibernate: select last_insert_rowid()
2025-09-03 22:58:09 [main] DEBUG org.hibernate.SQL - insert into SERVICE_APPROVALS (APPROVAL_CODE,APPROVAL_DATE,COMPLETED_DATE,COVERED_AMOUNT,CREATED_AT,ID_HOSPITAL,PATIENT_AMOUNT,PRESCRIPTION_ID,PRESCRIPTION_TOTAL,REJECTION_REASON,SERVICE_COST,SERVICE_DESCRIPTION,SERVICE_ID,SERVICE_NAME,STATUS,ID_USER) values (?,?,?,?,?,?,?,?,?,?,?,?,?,?,?,?)
Hibernate: insert into SERVICE_APPROVALS (APPROVAL_CODE,APPROVAL_DATE,COMPLETED_DATE,COVERED_AMOUNT,CREATED_AT,ID_HOSPITAL,PATIENT_AMOUNT,PRESCRIPTION_ID,PRESCRIPTION_TOTAL,REJECTION_REASON,SERVICE_COST,SERVICE_DESCRIPTION,SERVICE_ID,SERVICE_NAME,STATUS,ID_USER) values (?,?,?,?,?,?,?,?,?,?,?,?,?,?,?,?)
2025-09-03 22:58:09 [main] DEBUG org.hibernate.SQL - select last_insert_rowid()
Hibernate: select last_insert_rowid()
2025-09-03 22:58:09 [main] DEBUG org.hibernate.SQL - select sa1_0.ID_APPROVAL,sa1_0.APPROVAL_CODE,sa1_0.APPROVAL_DATE,sa1_0.COMPLETED_DATE,sa1_0.COVERED_AMOUNT,sa1_0.CREATED_AT,sa1_0.ID_HOSPITAL,sa1_0.PATIENT_AMOUNT,sa1_0.PRESCRIPTION_ID,sa1_0.PRESCRIPTION_TOTAL,sa1_0.REJECTION_REASON,sa1_0.SERVICE_COST,sa1_0.SERVICE_DESCRIPTION,sa1_0.SERVICE_ID,sa1_0.SERVICE_NAME,sa1_0.STATUS,sa1_0.ID_USER from SERVICE_APPROVALS sa1_0 where sa1_0.ID_USER=? order by sa1_0.CREATED_AT desc
Hibernate: select sa1_0.ID_APPROVAL,sa1_0.APPROVAL_CODE,sa1_0.APPROVAL_DATE,sa1_0.COMPLETED_DATE,sa1_0.COVERED_AMOUNT,sa1_0.CREATED_AT,sa1_0.ID_HOSPITAL,sa1_0.PATIENT_AMOUNT,sa1_0.PRESCRIPTION_ID,sa1_0.PRESCRIPTION_TOTAL,sa1_0.REJECTION_REASON,sa1_0.SERVICE_COST,sa1_0.SERVICE_DESCRIPTION,sa1_0.SERVICE_ID,sa1_0.SERVICE_NAME,sa1_0.STATUS,sa1_0.ID_USER from SERVICE_APPROVALS sa1_0 where sa1_0.ID_USER=? order by sa1_0.CREATED_AT desc
2025-09-03 22:58:09 [main] DEBUG org.hibernate.SQL - select h1_0.ID_HOSPITAL,h1_0.ADDRESS,h1_0.EMAIL,h1_0.ENABLED,h1_0.NAME,h1_0.PHONE from HOSPITAL h1_0 where h1_0.ID_HOSPITAL=?
Hibernate: select h1_0.ID_HOSPITAL,h1_0.ADDRESS,h1_0.EMAIL,h1_0.ENABLED,h1_0.NAME,h1_0.PHONE from HOSPITAL h1_0 where h1_0.ID_HOSPITAL=?
2025-09-03 22:58:09 [main] DEBUG org.hibernate.SQL - select u1_0.ID_USER,u1_0.ADDRESS,u1_0.BIRTHDATE,u1_0.CUI,u1_0.EMAIL,u1_0.ENABLED,u1_0.NAME,u1_0.PASSWORD,u1_0.PHONE,p1_0.ID_POLICY,p1_0.ENABLED,p1_0.EXPIRATION_DATE,p1_0.PERCENTAGE,u1_0.ROL,u1_0.STATUS from "USERS" u1_0 left join POLICY p1_0 on p1_0.ID_POLICY=u1_0.ID_POLICY where u1_0.ID_USER=?
Hibernate: select u1_0.ID_USER,u1_0.ADDRESS,u1_0.BIRTHDATE,u1_0.CUI,u1_0.EMAIL,u1_0.ENABLED,u1_0.NAME,u1_0.PASSWORD,u1_0.PHONE,p1_0.ID_POLICY,p1_0.ENABLED,p1_0.EXPIRATION_DATE,p1_0.PERCENTAGE,u1_0.ROL,u1_0.STATUS from "USERS" u1_0 left join POLICY p1_0 on p1_0.ID_POLICY=u1_0.ID_POLICY where u1_0.ID_USER=?
2025-09-03 22:58:09 [main] DEBUG org.hibernate.SQL - select sa1_0.ID_APPROVAL,sa1_0.APPROVAL_CODE,sa1_0.APPROVAL_DATE,sa1_0.COMPLETED_DATE,sa1_0.COVERED_AMOUNT,sa1_0.CREATED_AT,sa1_0.ID_HOSPITAL,sa1_0.PATIENT_AMOUNT,sa1_0.PRESCRIPTION_ID,sa1_0.PRESCRIPTION_TOTAL,sa1_0.REJECTION_REASON,sa1_0.SERVICE_COST,sa1_0.SERVICE_DESCRIPTION,sa1_0.SERVICE_ID,sa1_0.SERVICE_NAME,sa1_0.STATUS,sa1_0.ID_USER from SERVICE_APPROVALS sa1_0 where sa1_0.ID_HOSPITAL=? order by sa1_0.CREATED_AT desc
Hibernate: select sa1_0.ID_APPROVAL,sa1_0.APPROVAL_CODE,sa1_0.APPROVAL_DATE,sa1_0.COMPLETED_DATE,sa1_0.COVERED_AMOUNT,sa1_0.CREATED_AT,sa1_0.ID_HOSPITAL,sa1_0.PATIENT_AMOUNT,sa1_0.PRESCRIPTION_ID,sa1_0.PRESCRIPTION_TOTAL,sa1_0.REJECTION_REASON,sa1_0.SERVICE_COST,sa1_0.SERVICE_DESCRIPTION,sa1_0.SERVICE_ID,sa1_0.SERVICE_NAME,sa1_0.STATUS,sa1_0.ID_USER from SERVICE_APPROVALS sa1_0 where sa1_0.ID_HOSPITAL=? order by sa1_0.CREATED_AT desc
2025-09-03 22:58:09 [main] DEBUG org.hibernate.SQL - select h1_0.ID_HOSPITAL,h1_0.ADDRESS,h1_0.EMAIL,h1_0.ENABLED,h1_0.NAME,h1_0.PHONE from HOSPITAL h1_0 where h1_0.ID_HOSPITAL=?
Hibernate: select h1_0.ID_HOSPITAL,h1_0.ADDRESS,h1_0.EMAIL,h1_0.ENABLED,h1_0.NAME,h1_0.PHONE from HOSPITAL h1_0 where h1_0.ID_HOSPITAL=?
2025-09-03 22:58:09 [main] DEBUG org.hibernate.SQL - select u1_0.ID_USER,u1_0.ADDRESS,u1_0.BIRTHDATE,u1_0.CUI,u1_0.EMAIL,u1_0.ENABLED,u1_0.NAME,u1_0.PASSWORD,u1_0.PHONE,p1_0.ID_POLICY,p1_0.ENABLED,p1_0.EXPIRATION_DATE,p1_0.PERCENTAGE,u1_0.ROL,u1_0.STATUS from "USERS" u1_0 left join POLICY p1_0 on p1_0.ID_POLICY=u1_0.ID_POLICY where u1_0.ID_USER=?
Hibernate: select u1_0.ID_USER,u1_0.ADDRESS,u1_0.BIRTHDATE,u1_0.CUI,u1_0.EMAIL,u1_0.ENABLED,u1_0.NAME,u1_0.PASSWORD,u1_0.PHONE,p1_0.ID_POLICY,p1_0.ENABLED,p1_0.EXPIRATION_DATE,p1_0.PERCENTAGE,u1_0.ROL,u1_0.STATUS from "USERS" u1_0 left join POLICY p1_0 on p1_0.ID_POLICY=u1_0.ID_POLICY where u1_0.ID_USER=?
2025-09-03 22:58:09 [main] DEBUG org.hibernate.SQL - select sa1_0.ID_APPROVAL,sa1_0.APPROVAL_CODE,sa1_0.APPROVAL_DATE,sa1_0.COMPLETED_DATE,sa1_0.COVERED_AMOUNT,sa1_0.CREATED_AT,sa1_0.ID_HOSPITAL,sa1_0.PATIENT_AMOUNT,sa1_0.PRESCRIPTION_ID,sa1_0.PRESCRIPTION_TOTAL,sa1_0.REJECTION_REASON,sa1_0.SERVICE_COST,sa1_0.SERVICE_DESCRIPTION,sa1_0.SERVICE_ID,sa1_0.SERVICE_NAME,sa1_0.STATUS,sa1_0.ID_USER from SERVICE_APPROVALS sa1_0 order by sa1_0.CREATED_AT desc
Hibernate: select sa1_0.ID_APPROVAL,sa1_0.APPROVAL_CODE,sa1_0.APPROVAL_DATE,sa1_0.COMPLETED_DATE,sa1_0.COVERED_AMOUNT,sa1_0.CREATED_AT,sa1_0.ID_HOSPITAL,sa1_0.PATIENT_AMOUNT,sa1_0.PRESCRIPTION_ID,sa1_0.PRESCRIPTION_TOTAL,sa1_0.REJECTION_REASON,sa1_0.SERVICE_COST,sa1_0.SERVICE_DESCRIPTION,sa1_0.SERVICE_ID,sa1_0.SERVICE_NAME,sa1_0.STATUS,sa1_0.ID_USER from SERVICE_APPROVALS sa1_0 order by sa1_0.CREATED_AT desc
2025-09-03 22:58:09 [main] DEBUG org.hibernate.SQL - select h1_0.ID_HOSPITAL,h1_0.ADDRESS,h1_0.EMAIL,h1_0.ENABLED,h1_0.NAME,h1_0.PHONE from HOSPITAL h1_0 where h1_0.ID_HOSPITAL=?
Hibernate: select h1_0.ID_HOSPITAL,h1_0.ADDRESS,h1_0.EMAIL,h1_0.ENABLED,h1_0.NAME,h1_0.PHONE from HOSPITAL h1_0 where h1_0.ID_HOSPITAL=?
2025-09-03 22:58:09 [main] DEBUG org.hibernate.SQL - select u1_0.ID_USER,u1_0.ADDRESS,u1_0.BIRTHDATE,u1_0.CUI,u1_0.EMAIL,u1_0.ENABLED,u1_0.NAME,u1_0.PASSWORD,u1_0.PHONE,p1_0.ID_POLICY,p1_0.ENABLED,p1_0.EXPIRATION_DATE,p1_0.PERCENTAGE,u1_0.ROL,u1_0.STATUS from "USERS" u1_0 left join POLICY p1_0 on p1_0.ID_POLICY=u1_0.ID_POLICY where u1_0.ID_USER=?
Hibernate: select u1_0.ID_USER,u1_0.ADDRESS,u1_0.BIRTHDATE,u1_0.CUI,u1_0.EMAIL,u1_0.ENABLED,u1_0.NAME,u1_0.PASSWORD,u1_0.PHONE,p1_0.ID_POLICY,p1_0.ENABLED,p1_0.EXPIRATION_DATE,p1_0.PERCENTAGE,u1_0.ROL,u1_0.STATUS from "USERS" u1_0 left join POLICY p1_0 on p1_0.ID_POLICY=u1_0.ID_POLICY where u1_0.ID_USER=?
2025-09-03 22:58:09 [main] DEBUG org.hibernate.SQL - select h1_0.ID_HOSPITAL,h1_0.ADDRESS,h1_0.EMAIL,h1_0.ENABLED,h1_0.NAME,h1_0.PHONE from HOSPITAL h1_0 where h1_0.ID_HOSPITAL=?
Hibernate: select h1_0.ID_HOSPITAL,h1_0.ADDRESS,h1_0.EMAIL,h1_0.ENABLED,h1_0.NAME,h1_0.PHONE from HOSPITAL h1_0 where h1_0.ID_HOSPITAL=?
2025-09-03 22:58:09 [main] DEBUG org.hibernate.SQL - select u1_0.ID_USER,u1_0.ADDRESS,u1_0.BIRTHDATE,u1_0.CUI,u1_0.EMAIL,u1_0.ENABLED,u1_0.NAME,u1_0.PASSWORD,u1_0.PHONE,p1_0.ID_POLICY,p1_0.ENABLED,p1_0.EXPIRATION_DATE,p1_0.PERCENTAGE,u1_0.ROL,u1_0.STATUS from "USERS" u1_0 left join POLICY p1_0 on p1_0.ID_POLICY=u1_0.ID_POLICY where u1_0.ID_USER=?
Hibernate: select u1_0.ID_USER,u1_0.ADDRESS,u1_0.BIRTHDATE,u1_0.CUI,u1_0.EMAIL,u1_0.ENABLED,u1_0.NAME,u1_0.PASSWORD,u1_0.PHONE,p1_0.ID_POLICY,p1_0.ENABLED,p1_0.EXPIRATION_DATE,p1_0.PERCENTAGE,u1_0.ROL,u1_0.STATUS from "USERS" u1_0 left join POLICY p1_0 on p1_0.ID_POLICY=u1_0.ID_POLICY where u1_0.ID_USER=?
2025-09-03 22:58:09 [main] DEBUG org.hibernate.SQL - select h1_0.ID_HOSPITAL,h1_0.ADDRESS,h1_0.EMAIL,h1_0.ENABLED,h1_0.NAME,h1_0.PHONE from HOSPITAL h1_0 where h1_0.ID_HOSPITAL=?
Hibernate: select h1_0.ID_HOSPITAL,h1_0.ADDRESS,h1_0.EMAIL,h1_0.ENABLED,h1_0.NAME,h1_0.PHONE from HOSPITAL h1_0 where h1_0.ID_HOSPITAL=?
2025-09-03 22:58:09 [main] DEBUG org.hibernate.SQL - select u1_0.ID_USER,u1_0.ADDRESS,u1_0.BIRTHDATE,u1_0.CUI,u1_0.EMAIL,u1_0.ENABLED,u1_0.NAME,u1_0.PASSWORD,u1_0.PHONE,p1_0.ID_POLICY,p1_0.ENABLED,p1_0.EXPIRATION_DATE,p1_0.PERCENTAGE,u1_0.ROL,u1_0.STATUS from "USERS" u1_0 left join POLICY p1_0 on p1_0.ID_POLICY=u1_0.ID_POLICY where u1_0.ID_USER=?
Hibernate: select u1_0.ID_USER,u1_0.ADDRESS,u1_0.BIRTHDATE,u1_0.CUI,u1_0.EMAIL,u1_0.ENABLED,u1_0.NAME,u1_0.PASSWORD,u1_0.PHONE,p1_0.ID_POLICY,p1_0.ENABLED,p1_0.EXPIRATION_DATE,p1_0.PERCENTAGE,u1_0.ROL,u1_0.STATUS from "USERS" u1_0 left join POLICY p1_0 on p1_0.ID_POLICY=u1_0.ID_POLICY where u1_0.ID_USER=?
]]></system-out>
  </testcase>
  <testcase name="testUpdatePrescription" classname="com.sources.app.dao.ServiceApprovalDAOTest" time="0.172">
    <system-out><![CDATA[2025-09-03 22:58:09 [main] DEBUG org.hibernate.SQL - insert into "USERS" (ADDRESS,BIRTHDATE,CUI,EMAIL,ENABLED,NAME,PASSWORD,PHONE,ID_POLICY,ROL,STATUS) values (?,?,?,?,?,?,?,?,?,?,?)
Hibernate: insert into "USERS" (ADDRESS,BIRTHDATE,CUI,EMAIL,ENABLED,NAME,PASSWORD,PHONE,ID_POLICY,ROL,STATUS) values (?,?,?,?,?,?,?,?,?,?,?)
2025-09-03 22:58:09 [main] DEBUG org.hibernate.SQL - select last_insert_rowid()
Hibernate: select last_insert_rowid()
2025-09-03 22:58:09 [main] DEBUG org.hibernate.SQL - insert into HOSPITAL (ADDRESS,EMAIL,ENABLED,NAME,PHONE) values (?,?,?,?,?)
Hibernate: insert into HOSPITAL (ADDRESS,EMAIL,ENABLED,NAME,PHONE) values (?,?,?,?,?)
2025-09-03 22:58:09 [main] DEBUG org.hibernate.SQL - select last_insert_rowid()
Hibernate: select last_insert_rowid()
2025-09-03 22:58:09 [main] DEBUG org.hibernate.SQL - insert into SERVICE_APPROVALS (APPROVAL_CODE,APPROVAL_DATE,COMPLETED_DATE,COVERED_AMOUNT,CREATED_AT,ID_HOSPITAL,PATIENT_AMOUNT,PRESCRIPTION_ID,PRESCRIPTION_TOTAL,REJECTION_REASON,SERVICE_COST,SERVICE_DESCRIPTION,SERVICE_ID,SERVICE_NAME,STATUS,ID_USER) values (?,?,?,?,?,?,?,?,?,?,?,?,?,?,?,?)
Hibernate: insert into SERVICE_APPROVALS (APPROVAL_CODE,APPROVAL_DATE,COMPLETED_DATE,COVERED_AMOUNT,CREATED_AT,ID_HOSPITAL,PATIENT_AMOUNT,PRESCRIPTION_ID,PRESCRIPTION_TOTAL,REJECTION_REASON,SERVICE_COST,SERVICE_DESCRIPTION,SERVICE_ID,SERVICE_NAME,STATUS,ID_USER) values (?,?,?,?,?,?,?,?,?,?,?,?,?,?,?,?)
2025-09-03 22:58:09 [main] DEBUG org.hibernate.SQL - select last_insert_rowid()
Hibernate: select last_insert_rowid()
2025-09-03 22:58:09 [main] DEBUG org.hibernate.SQL - select sa1_0.ID_APPROVAL,sa1_0.APPROVAL_CODE,sa1_0.APPROVAL_DATE,sa1_0.COMPLETED_DATE,sa1_0.COVERED_AMOUNT,sa1_0.CREATED_AT,sa1_0.ID_HOSPITAL,h1_0.ID_HOSPITAL,h1_0.ADDRESS,h1_0.EMAIL,h1_0.ENABLED,h1_0.NAME,h1_0.PHONE,sa1_0.PATIENT_AMOUNT,sa1_0.PRESCRIPTION_ID,sa1_0.PRESCRIPTION_TOTAL,sa1_0.REJECTION_REASON,sa1_0.SERVICE_COST,sa1_0.SERVICE_DESCRIPTION,sa1_0.SERVICE_ID,sa1_0.SERVICE_NAME,sa1_0.STATUS,sa1_0.ID_USER,u1_0.ID_USER,u1_0.ADDRESS,u1_0.BIRTHDATE,u1_0.CUI,u1_0.EMAIL,u1_0.ENABLED,u1_0.NAME,u1_0.PASSWORD,u1_0.PHONE,p1_0.ID_POLICY,p1_0.ENABLED,p1_0.EXPIRATION_DATE,p1_0.PERCENTAGE,u1_0.ROL,u1_0.STATUS from SERVICE_APPROVALS sa1_0 join HOSPITAL h1_0 on h1_0.ID_HOSPITAL=sa1_0.ID_HOSPITAL join "USERS" u1_0 on u1_0.ID_USER=sa1_0.ID_USER left join POLICY p1_0 on p1_0.ID_POLICY=u1_0.ID_POLICY where sa1_0.ID_APPROVAL=?
Hibernate: select sa1_0.ID_APPROVAL,sa1_0.APPROVAL_CODE,sa1_0.APPROVAL_DATE,sa1_0.COMPLETED_DATE,sa1_0.COVERED_AMOUNT,sa1_0.CREATED_AT,sa1_0.ID_HOSPITAL,h1_0.ID_HOSPITAL,h1_0.ADDRESS,h1_0.EMAIL,h1_0.ENABLED,h1_0.NAME,h1_0.PHONE,sa1_0.PATIENT_AMOUNT,sa1_0.PRESCRIPTION_ID,sa1_0.PRESCRIPTION_TOTAL,sa1_0.REJECTION_REASON,sa1_0.SERVICE_COST,sa1_0.SERVICE_DESCRIPTION,sa1_0.SERVICE_ID,sa1_0.SERVICE_NAME,sa1_0.STATUS,sa1_0.ID_USER,u1_0.ID_USER,u1_0.ADDRESS,u1_0.BIRTHDATE,u1_0.CUI,u1_0.EMAIL,u1_0.ENABLED,u1_0.NAME,u1_0.PASSWORD,u1_0.PHONE,p1_0.ID_POLICY,p1_0.ENABLED,p1_0.EXPIRATION_DATE,p1_0.PERCENTAGE,u1_0.ROL,u1_0.STATUS from SERVICE_APPROVALS sa1_0 join HOSPITAL h1_0 on h1_0.ID_HOSPITAL=sa1_0.ID_HOSPITAL join "USERS" u1_0 on u1_0.ID_USER=sa1_0.ID_USER left join POLICY p1_0 on p1_0.ID_POLICY=u1_0.ID_POLICY where sa1_0.ID_APPROVAL=?
2025-09-03 22:58:09 [main] DEBUG org.hibernate.SQL - update SERVICE_APPROVALS set APPROVAL_CODE=?,APPROVAL_DATE=?,COMPLETED_DATE=?,COVERED_AMOUNT=?,CREATED_AT=?,ID_HOSPITAL=?,PATIENT_AMOUNT=?,PRESCRIPTION_ID=?,PRESCRIPTION_TOTAL=?,REJECTION_REASON=?,SERVICE_COST=?,SERVICE_DESCRIPTION=?,SERVICE_ID=?,SERVICE_NAME=?,STATUS=?,ID_USER=? where ID_APPROVAL=?
Hibernate: update SERVICE_APPROVALS set APPROVAL_CODE=?,APPROVAL_DATE=?,COMPLETED_DATE=?,COVERED_AMOUNT=?,CREATED_AT=?,ID_HOSPITAL=?,PATIENT_AMOUNT=?,PRESCRIPTION_ID=?,PRESCRIPTION_TOTAL=?,REJECTION_REASON=?,SERVICE_COST=?,SERVICE_DESCRIPTION=?,SERVICE_ID=?,SERVICE_NAME=?,STATUS=?,ID_USER=? where ID_APPROVAL=?
]]></system-out>
  </testcase>
</testsuite>