<?xml version="1.0" encoding="UTF-8"?>
<testsuite xmlns:xsi="http://www.w3.org/2001/XMLSchema-instance" xsi:noNamespaceSchemaLocation="https://maven.apache.org/surefire/maven-surefire-plugin/xsd/surefire-test-report-3.0.xsd" version="3.0" name="com.sources.app.dao.CommentsDAOTest" time="0.118" tests="2" errors="0" skipped="0" failures="0">
  <properties>
[...]
</properties>
  <testcase name="testCreateCommentsFromJsonWithDependencies" classname="com.sources.app.dao.CommentsDAOTest" time="0.039">
    <system-out><![CDATA[2025-09-03 22:58:08 [main] DEBUG org.hibernate.SQL - insert into "USERS" (ADDRESS,BIRTHDATE,CUI,EMAIL,ENABLED,NAME,PASSWORD,PHONE,ID_POLICY,ROL,STATUS) values (?,?,?,?,?,?,?,?,?,?,?)
Hibernate: insert into "USERS" (ADDRESS,BIRTHDATE,CUI,EMAIL,ENABLED,NAME,PASSWORD,PHONE,ID_POLICY,ROL,STATUS) values (?,?,?,?,?,?,?,?,?,?,?)
2025-09-03 22:58:08 [main] DEBUG org.hibernate.SQL - select last_insert_rowid()
Hibernate: select last_insert_rowid()
2025-09-03 22:58:08 [main] DEBUG org.hibernate.SQL - insert into MEDICINE (ACTIVE_MEDICAMENT,BRAND,CONCENTRATION,DESCRIPTION,IMAGE,NAME,PRESCRIPTION,PRESENTACION,PRICE,SOLD_UNITS,STOCK) values (?,?,?,?,?,?,?,?,?,?,?)
Hibernate: insert into MEDICINE (ACTIVE_MEDICAMENT,BRAND,CONCENTRATION,DESCRIPTION,IMAGE,NAME,PRESCRIPTION,PRESENTACION,PRICE,SOLD_UNITS,STOCK) values (?,?,?,?,?,?,?,?,?,?,?)
2025-09-03 22:58:08 [main] DEBUG org.hibernate.SQL - select last_insert_rowid()
Hibernate: select last_insert_rowid()
2025-09-03 22:58:08 [main] DEBUG org.hibernate.SQL - insert into COMMENTS (COMMENT_TEXT,ID_MEDICINE,ID_PREV_COMMENT,ID_USER) values (?,?,?,?)
Hibernate: insert into COMMENTS (COMMENT_TEXT,ID_MEDICINE,ID_PREV_COMMENT,ID_USER) values (?,?,?,?)
2025-09-03 22:58:08 [main] DEBUG org.hibernate.SQL - select last_insert_rowid()
Hibernate: select last_insert_rowid()
]]></system-out>
  </testcase>
  <testcase name="testGetByIdAndUpdateAndGetAll" classname="com.sources.app.dao.CommentsDAOTest" time="0.068">
    <system-out><![CDATA[2025-09-03 22:58:08 [main] DEBUG org.hibernate.SQL - insert into "USERS" (ADDRESS,BIRTHDATE,CUI,EMAIL,ENABLED,NAME,PASSWORD,PHONE,ID_POLICY,ROL,STATUS) values (?,?,?,?,?,?,?,?,?,?,?)
Hibernate: insert into "USERS" (ADDRESS,BIRTHDATE,CUI,EMAIL,ENABLED,NAME,PASSWORD,PHONE,ID_POLICY,ROL,STATUS) values (?,?,?,?,?,?,?,?,?,?,?)
2025-09-03 22:58:08 [main] DEBUG org.hibernate.SQL - select last_insert_rowid()
Hibernate: select last_insert_rowid()
2025-09-03 22:58:08 [main] DEBUG org.hibernate.SQL - insert into MEDICINE (ACTIVE_MEDICAMENT,BRAND,CONCENTRATION,DESCRIPTION,IMAGE,NAME,PRESCRIPTION,PRESENTACION,PRICE,SOLD_UNITS,STOCK) values (?,?,?,?,?,?,?,?,?,?,?)
Hibernate: insert into MEDICINE (ACTIVE_MEDICAMENT,BRAND,CONCENTRATION,DESCRIPTION,IMAGE,NAME,PRESCRIPTION,PRESENTACION,PRICE,SOLD_UNITS,STOCK) values (?,?,?,?,?,?,?,?,?,?,?)
2025-09-03 22:58:08 [main] DEBUG org.hibernate.SQL - select last_insert_rowid()
Hibernate: select last_insert_rowid()
2025-09-03 22:58:08 [main] DEBUG org.hibernate.SQL - insert into COMMENTS (COMMENT_TEXT,ID_MEDICINE,ID_PREV_COMMENT,ID_USER) values (?,?,?,?)
Hibernate: insert into COMMENTS (COMMENT_TEXT,ID_MEDICINE,ID_PREV_COMMENT,ID_USER) values (?,?,?,?)
2025-09-03 22:58:08 [main] DEBUG org.hibernate.SQL - select last_insert_rowid()
Hibernate: select last_insert_rowid()
2025-09-03 22:58:08 [main] DEBUG org.hibernate.SQL - select c1_0.ID_COMMENTS,c1_0.COMMENT_TEXT,m1_0.ID_MEDICINE,m1_0.ACTIVE_MEDICAMENT,m1_0.BRAND,m1_0.CONCENTRATION,m1_0.DESCRIPTION,m1_0.IMAGE,m1_0.NAME,m1_0.PRESCRIPTION,m1_0.PRESENTACION,m1_0.PRICE,m1_0.SOLD_UNITS,m1_0.STOCK,pc1_0.ID_COMMENTS,pc1_0.COMMENT_TEXT,m2_0.ID_MEDICINE,m2_0.ACTIVE_MEDICAMENT,m2_0.BRAND,m2_0.CONCENTRATION,m2_0.DESCRIPTION,m2_0.IMAGE,m2_0.NAME,m2_0.PRESCRIPTION,m2_0.PRESENTACION,m2_0.PRICE,m2_0.SOLD_UNITS,m2_0.STOCK,pc1_0.ID_PREV_COMMENT,u1_0.ID_USER,u1_0.ADDRESS,u1_0.BIRTHDATE,u1_0.CUI,u1_0.EMAIL,u1_0.ENABLED,u1_0.NAME,u1_0.PASSWORD,u1_0.PHONE,p1_0.ID_POLICY,p1_0.ENABLED,p1_0.EXPIRATION_DATE,p1_0.PERCENTAGE,u1_0.ROL,u1_0.STATUS,u2_0.ID_USER,u2_0.ADDRESS,u2_0.BIRTHDATE,u2_0.CUI,u2_0.EMAIL,u2_0.ENABLED,u2_0.NAME,u2_0.PASSWORD,u2_0.PHONE,p2_0.ID_POLICY,p2_0.ENABLED,p2_0.EXPIRATION_DATE,p2_0.PERCENTAGE,u2_0.ROL,u2_0.STATUS from COMMENTS c1_0 left join MEDICINE m1_0 on m1_0.ID_MEDICINE=c1_0.ID_MEDICINE left join COMMENTS pc1_0 on pc1_0.ID_COMMENTS=c1_0.ID_PREV_COMMENT left join MEDICINE m2_0 on m2_0.ID_MEDICINE=pc1_0.ID_MEDICINE left join "USERS" u1_0 on u1_0.ID_USER=pc1_0.ID_USER left join POLICY p1_0 on p1_0.ID_POLICY=u1_0.ID_POLICY left join "USERS" u2_0 on u2_0.ID_USER=c1_0.ID_USER left join POLICY p2_0 on p2_0.ID_POLICY=u2_0.ID_POLICY where c1_0.ID_COMMENTS=?
Hibernate: select c1_0.ID_COMMENTS,c1_0.COMMENT_TEXT,m1_0.ID_MEDICINE,m1_0.ACTIVE_MEDICAMENT,m1_0.BRAND,m1_0.CONCENTRATION,m1_0.DESCRIPTION,m1_0.IMAGE,m1_0.NAME,m1_0.PRESCRIPTION,m1_0.PRESENTACION,m1_0.PRICE,m1_0.SOLD_UNITS,m1_0.STOCK,pc1_0.ID_COMMENTS,pc1_0.COMMENT_TEXT,m2_0.ID_MEDICINE,m2_0.ACTIVE_MEDICAMENT,m2_0.BRAND,m2_0.CONCENTRATION,m2_0.DESCRIPTION,m2_0.IMAGE,m2_0.NAME,m2_0.PRESCRIPTION,m2_0.PRESENTACION,m2_0.PRICE,m2_0.SOLD_UNITS,m2_0.STOCK,pc1_0.ID_PREV_COMMENT,u1_0.ID_USER,u1_0.ADDRESS,u1_0.BIRTHDATE,u1_0.CUI,u1_0.EMAIL,u1_0.ENABLED,u1_0.NAME,u1_0.PASSWORD,u1_0.PHONE,p1_0.ID_POLICY,p1_0.ENABLED,p1_0.EXPIRATION_DATE,p1_0.PERCENTAGE,u1_0.ROL,u1_0.STATUS,u2_0.ID_USER,u2_0.ADDRESS,u2_0.BIRTHDATE,u2_0.CUI,u2_0.EMAIL,u2_0.ENABLED,u2_0.NAME,u2_0.PASSWORD,u2_0.PHONE,p2_0.ID_POLICY,p2_0.ENABLED,p2_0.EXPIRATION_DATE,p2_0.PERCENTAGE,u2_0.ROL,u2_0.STATUS from COMMENTS c1_0 left join MEDICINE m1_0 on m1_0.ID_MEDICINE=c1_0.ID_MEDICINE left join COMMENTS pc1_0 on pc1_0.ID_COMMENTS=c1_0.ID_PREV_COMMENT left join MEDICINE m2_0 on m2_0.ID_MEDICINE=pc1_0.ID_MEDICINE left join "USERS" u1_0 on u1_0.ID_USER=pc1_0.ID_USER left join POLICY p1_0 on p1_0.ID_POLICY=u1_0.ID_POLICY left join "USERS" u2_0 on u2_0.ID_USER=c1_0.ID_USER left join POLICY p2_0 on p2_0.ID_POLICY=u2_0.ID_POLICY where c1_0.ID_COMMENTS=?
2025-09-03 22:58:08 [main] DEBUG org.hibernate.SQL - select c1_0.ID_COMMENTS,c1_0.COMMENT_TEXT,m1_0.ID_MEDICINE,m1_0.ACTIVE_MEDICAMENT,m1_0.BRAND,m1_0.CONCENTRATION,m1_0.DESCRIPTION,m1_0.IMAGE,m1_0.NAME,m1_0.PRESCRIPTION,m1_0.PRESENTACION,m1_0.PRICE,m1_0.SOLD_UNITS,m1_0.STOCK,pc1_0.ID_COMMENTS,pc1_0.COMMENT_TEXT,m2_0.ID_MEDICINE,m2_0.ACTIVE_MEDICAMENT,m2_0.BRAND,m2_0.CONCENTRATION,m2_0.DESCRIPTION,m2_0.IMAGE,m2_0.NAME,m2_0.PRESCRIPTION,m2_0.PRESENTACION,m2_0.PRICE,m2_0.SOLD_UNITS,m2_0.STOCK,pc1_0.ID_PREV_COMMENT,u1_0.ID_USER,u1_0.ADDRESS,u1_0.BIRTHDATE,u1_0.CUI,u1_0.EMAIL,u1_0.ENABLED,u1_0.NAME,u1_0.PASSWORD,u1_0.PHONE,p1_0.ID_POLICY,p1_0.ENABLED,p1_0.EXPIRATION_DATE,p1_0.PERCENTAGE,u1_0.ROL,u1_0.STATUS,u2_0.ID_USER,u2_0.ADDRESS,u2_0.BIRTHDATE,u2_0.CUI,u2_0.EMAIL,u2_0.ENABLED,u2_0.NAME,u2_0.PASSWORD,u2_0.PHONE,p2_0.ID_POLICY,p2_0.ENABLED,p2_0.EXPIRATION_DATE,p2_0.PERCENTAGE,u2_0.ROL,u2_0.STATUS from COMMENTS c1_0 left join MEDICINE m1_0 on m1_0.ID_MEDICINE=c1_0.ID_MEDICINE left join COMMENTS pc1_0 on pc1_0.ID_COMMENTS=c1_0.ID_PREV_COMMENT left join MEDICINE m2_0 on m2_0.ID_MEDICINE=pc1_0.ID_MEDICINE left join "USERS" u1_0 on u1_0.ID_USER=pc1_0.ID_USER left join POLICY p1_0 on p1_0.ID_POLICY=u1_0.ID_POLICY left join "USERS" u2_0 on u2_0.ID_USER=c1_0.ID_USER left join POLICY p2_0 on p2_0.ID_POLICY=u2_0.ID_POLICY where c1_0.ID_COMMENTS=?
Hibernate: select c1_0.ID_COMMENTS,c1_0.COMMENT_TEXT,m1_0.ID_MEDICINE,m1_0.ACTIVE_MEDICAMENT,m1_0.BRAND,m1_0.CONCENTRATION,m1_0.DESCRIPTION,m1_0.IMAGE,m1_0.NAME,m1_0.PRESCRIPTION,m1_0.PRESENTACION,m1_0.PRICE,m1_0.SOLD_UNITS,m1_0.STOCK,pc1_0.ID_COMMENTS,pc1_0.COMMENT_TEXT,m2_0.ID_MEDICINE,m2_0.ACTIVE_MEDICAMENT,m2_0.BRAND,m2_0.CONCENTRATION,m2_0.DESCRIPTION,m2_0.IMAGE,m2_0.NAME,m2_0.PRESCRIPTION,m2_0.PRESENTACION,m2_0.PRICE,m2_0.SOLD_UNITS,m2_0.STOCK,pc1_0.ID_PREV_COMMENT,u1_0.ID_USER,u1_0.ADDRESS,u1_0.BIRTHDATE,u1_0.CUI,u1_0.EMAIL,u1_0.ENABLED,u1_0.NAME,u1_0.PASSWORD,u1_0.PHONE,p1_0.ID_POLICY,p1_0.ENABLED,p1_0.EXPIRATION_DATE,p1_0.PERCENTAGE,u1_0.ROL,u1_0.STATUS,u2_0.ID_USER,u2_0.ADDRESS,u2_0.BIRTHDATE,u2_0.CUI,u2_0.EMAIL,u2_0.ENABLED,u2_0.NAME,u2_0.PASSWORD,u2_0.PHONE,p2_0.ID_POLICY,p2_0.ENABLED,p2_0.EXPIRATION_DATE,p2_0.PERCENTAGE,u2_0.ROL,u2_0.STATUS from COMMENTS c1_0 left join MEDICINE m1_0 on m1_0.ID_MEDICINE=c1_0.ID_MEDICINE left join COMMENTS pc1_0 on pc1_0.ID_COMMENTS=c1_0.ID_PREV_COMMENT left join MEDICINE m2_0 on m2_0.ID_MEDICINE=pc1_0.ID_MEDICINE left join "USERS" u1_0 on u1_0.ID_USER=pc1_0.ID_USER left join POLICY p1_0 on p1_0.ID_POLICY=u1_0.ID_POLICY left join "USERS" u2_0 on u2_0.ID_USER=c1_0.ID_USER left join POLICY p2_0 on p2_0.ID_POLICY=u2_0.ID_POLICY where c1_0.ID_COMMENTS=?
2025-09-03 22:58:08 [main] DEBUG org.hibernate.SQL - update COMMENTS set COMMENT_TEXT=?,ID_MEDICINE=?,ID_PREV_COMMENT=?,ID_USER=? where ID_COMMENTS=?
Hibernate: update COMMENTS set COMMENT_TEXT=?,ID_MEDICINE=?,ID_PREV_COMMENT=?,ID_USER=? where ID_COMMENTS=?
2025-09-03 22:58:08 [main] DEBUG org.hibernate.SQL - select c1_0.ID_COMMENTS,c1_0.COMMENT_TEXT,c1_0.ID_MEDICINE,c1_0.ID_PREV_COMMENT,c1_0.ID_USER from COMMENTS c1_0
Hibernate: select c1_0.ID_COMMENTS,c1_0.COMMENT_TEXT,c1_0.ID_MEDICINE,c1_0.ID_PREV_COMMENT,c1_0.ID_USER from COMMENTS c1_0
2025-09-03 22:58:08 [main] DEBUG org.hibernate.SQL - select m1_0.ID_MEDICINE,m1_0.ACTIVE_MEDICAMENT,m1_0.BRAND,m1_0.CONCENTRATION,m1_0.DESCRIPTION,m1_0.IMAGE,m1_0.NAME,m1_0.PRESCRIPTION,m1_0.PRESENTACION,m1_0.PRICE,m1_0.SOLD_UNITS,m1_0.STOCK from MEDICINE m1_0 where m1_0.ID_MEDICINE=?
Hibernate: select m1_0.ID_MEDICINE,m1_0.ACTIVE_MEDICAMENT,m1_0.BRAND,m1_0.CONCENTRATION,m1_0.DESCRIPTION,m1_0.IMAGE,m1_0.NAME,m1_0.PRESCRIPTION,m1_0.PRESENTACION,m1_0.PRICE,m1_0.SOLD_UNITS,m1_0.STOCK from MEDICINE m1_0 where m1_0.ID_MEDICINE=?
2025-09-03 22:58:08 [main] DEBUG org.hibernate.SQL - select u1_0.ID_USER,u1_0.ADDRESS,u1_0.BIRTHDATE,u1_0.CUI,u1_0.EMAIL,u1_0.ENABLED,u1_0.NAME,u1_0.PASSWORD,u1_0.PHONE,p1_0.ID_POLICY,p1_0.ENABLED,p1_0.EXPIRATION_DATE,p1_0.PERCENTAGE,u1_0.ROL,u1_0.STATUS from "USERS" u1_0 left join POLICY p1_0 on p1_0.ID_POLICY=u1_0.ID_POLICY where u1_0.ID_USER=?
Hibernate: select u1_0.ID_USER,u1_0.ADDRESS,u1_0.BIRTHDATE,u1_0.CUI,u1_0.EMAIL,u1_0.ENABLED,u1_0.NAME,u1_0.PASSWORD,u1_0.PHONE,p1_0.ID_POLICY,p1_0.ENABLED,p1_0.EXPIRATION_DATE,p1_0.PERCENTAGE,u1_0.ROL,u1_0.STATUS from "USERS" u1_0 left join POLICY p1_0 on p1_0.ID_POLICY=u1_0.ID_POLICY where u1_0.ID_USER=?
2025-09-03 22:58:08 [main] DEBUG org.hibernate.SQL - select m1_0.ID_MEDICINE,m1_0.ACTIVE_MEDICAMENT,m1_0.BRAND,m1_0.CONCENTRATION,m1_0.DESCRIPTION,m1_0.IMAGE,m1_0.NAME,m1_0.PRESCRIPTION,m1_0.PRESENTACION,m1_0.PRICE,m1_0.SOLD_UNITS,m1_0.STOCK from MEDICINE m1_0 where m1_0.ID_MEDICINE=?
Hibernate: select m1_0.ID_MEDICINE,m1_0.ACTIVE_MEDICAMENT,m1_0.BRAND,m1_0.CONCENTRATION,m1_0.DESCRIPTION,m1_0.IMAGE,m1_0.NAME,m1_0.PRESCRIPTION,m1_0.PRESENTACION,m1_0.PRICE,m1_0.SOLD_UNITS,m1_0.STOCK from MEDICINE m1_0 where m1_0.ID_MEDICINE=?
2025-09-03 22:58:08 [main] DEBUG org.hibernate.SQL - select u1_0.ID_USER,u1_0.ADDRESS,u1_0.BIRTHDATE,u1_0.CUI,u1_0.EMAIL,u1_0.ENABLED,u1_0.NAME,u1_0.PASSWORD,u1_0.PHONE,p1_0.ID_POLICY,p1_0.ENABLED,p1_0.EXPIRATION_DATE,p1_0.PERCENTAGE,u1_0.ROL,u1_0.STATUS from "USERS" u1_0 left join POLICY p1_0 on p1_0.ID_POLICY=u1_0.ID_POLICY where u1_0.ID_USER=?
Hibernate: select u1_0.ID_USER,u1_0.ADDRESS,u1_0.BIRTHDATE,u1_0.CUI,u1_0.EMAIL,u1_0.ENABLED,u1_0.NAME,u1_0.PASSWORD,u1_0.PHONE,p1_0.ID_POLICY,p1_0.ENABLED,p1_0.EXPIRATION_DATE,p1_0.PERCENTAGE,u1_0.ROL,u1_0.STATUS from "USERS" u1_0 left join POLICY p1_0 on p1_0.ID_POLICY=u1_0.ID_POLICY where u1_0.ID_USER=?
2025-09-03 22:58:08 [main] DEBUG org.hibernate.SQL - select c1_0.ID_COMMENTS,c1_0.COMMENT_TEXT,c1_0.ID_MEDICINE,c1_0.ID_PREV_COMMENT,c1_0.ID_USER from COMMENTS c1_0
Hibernate: select c1_0.ID_COMMENTS,c1_0.COMMENT_TEXT,c1_0.ID_MEDICINE,c1_0.ID_PREV_COMMENT,c1_0.ID_USER from COMMENTS c1_0
2025-09-03 22:58:08 [main] DEBUG org.hibernate.SQL - select m1_0.ID_MEDICINE,m1_0.ACTIVE_MEDICAMENT,m1_0.BRAND,m1_0.CONCENTRATION,m1_0.DESCRIPTION,m1_0.IMAGE,m1_0.NAME,m1_0.PRESCRIPTION,m1_0.PRESENTACION,m1_0.PRICE,m1_0.SOLD_UNITS,m1_0.STOCK from MEDICINE m1_0 where m1_0.ID_MEDICINE=?
Hibernate: select m1_0.ID_MEDICINE,m1_0.ACTIVE_MEDICAMENT,m1_0.BRAND,m1_0.CONCENTRATION,m1_0.DESCRIPTION,m1_0.IMAGE,m1_0.NAME,m1_0.PRESCRIPTION,m1_0.PRESENTACION,m1_0.PRICE,m1_0.SOLD_UNITS,m1_0.STOCK from MEDICINE m1_0 where m1_0.ID_MEDICINE=?
2025-09-03 22:58:08 [main] DEBUG org.hibernate.SQL - select u1_0.ID_USER,u1_0.ADDRESS,u1_0.BIRTHDATE,u1_0.CUI,u1_0.EMAIL,u1_0.ENABLED,u1_0.NAME,u1_0.PASSWORD,u1_0.PHONE,p1_0.ID_POLICY,p1_0.ENABLED,p1_0.EXPIRATION_DATE,p1_0.PERCENTAGE,u1_0.ROL,u1_0.STATUS from "USERS" u1_0 left join POLICY p1_0 on p1_0.ID_POLICY=u1_0.ID_POLICY where u1_0.ID_USER=?
Hibernate: select u1_0.ID_USER,u1_0.ADDRESS,u1_0.BIRTHDATE,u1_0.CUI,u1_0.EMAIL,u1_0.ENABLED,u1_0.NAME,u1_0.PASSWORD,u1_0.PHONE,p1_0.ID_POLICY,p1_0.ENABLED,p1_0.EXPIRATION_DATE,p1_0.PERCENTAGE,u1_0.ROL,u1_0.STATUS from "USERS" u1_0 left join POLICY p1_0 on p1_0.ID_POLICY=u1_0.ID_POLICY where u1_0.ID_USER=?
2025-09-03 22:58:08 [main] DEBUG org.hibernate.SQL - select m1_0.ID_MEDICINE,m1_0.ACTIVE_MEDICAMENT,m1_0.BRAND,m1_0.CONCENTRATION,m1_0.DESCRIPTION,m1_0.IMAGE,m1_0.NAME,m1_0.PRESCRIPTION,m1_0.PRESENTACION,m1_0.PRICE,m1_0.SOLD_UNITS,m1_0.STOCK from MEDICINE m1_0 where m1_0.ID_MEDICINE=?
Hibernate: select m1_0.ID_MEDICINE,m1_0.ACTIVE_MEDICAMENT,m1_0.BRAND,m1_0.CONCENTRATION,m1_0.DESCRIPTION,m1_0.IMAGE,m1_0.NAME,m1_0.PRESCRIPTION,m1_0.PRESENTACION,m1_0.PRICE,m1_0.SOLD_UNITS,m1_0.STOCK from MEDICINE m1_0 where m1_0.ID_MEDICINE=?
2025-09-03 22:58:08 [main] DEBUG org.hibernate.SQL - select u1_0.ID_USER,u1_0.ADDRESS,u1_0.BIRTHDATE,u1_0.CUI,u1_0.EMAIL,u1_0.ENABLED,u1_0.NAME,u1_0.PASSWORD,u1_0.PHONE,p1_0.ID_POLICY,p1_0.ENABLED,p1_0.EXPIRATION_DATE,p1_0.PERCENTAGE,u1_0.ROL,u1_0.STATUS from "USERS" u1_0 left join POLICY p1_0 on p1_0.ID_POLICY=u1_0.ID_POLICY where u1_0.ID_USER=?
Hibernate: select u1_0.ID_USER,u1_0.ADDRESS,u1_0.BIRTHDATE,u1_0.CUI,u1_0.EMAIL,u1_0.ENABLED,u1_0.NAME,u1_0.PASSWORD,u1_0.PHONE,p1_0.ID_POLICY,p1_0.ENABLED,p1_0.EXPIRATION_DATE,p1_0.PERCENTAGE,u1_0.ROL,u1_0.STATUS from "USERS" u1_0 left join POLICY p1_0 on p1_0.ID_POLICY=u1_0.ID_POLICY where u1_0.ID_USER=?
]]></system-out>
  </testcase>
</testsuite>