<?xml version="1.0" encoding="UTF-8"?>
<testsuite xmlns:xsi="http://www.w3.org/2001/XMLSchema-instance" xsi:noNamespaceSchemaLocation="https://maven.apache.org/surefire/maven-surefire-plugin/xsd/surefire-test-report-3.0.xsd" version="3.0" name="com.sources.app.util.HibernateUtilTest" time="4.851" tests="3" errors="0" skipped="0" failures="0">
  <properties>
[...]
</properties>
  <testcase name="testOpenCloseSession" classname="com.sources.app.util.HibernateUtilTest" time="4.132">
    <system-out><![CDATA[22:57:53,042 |-INFO in ch.qos.logback.classic.LoggerContext[default] - This is logback-classic version 1.4.14
22:57:53,043 |-INFO in ch.qos.logback.classic.util.ContextInitializer@7f9dbe11 - No custom configurators were discovered as a service.
22:57:53,043 |-INFO in ch.qos.logback.classic.util.ContextInitializer@7f9dbe11 - Trying to configure with ch.qos.logback.classic.joran.SerializedModelConfigurator
22:57:53,048 |-INFO in ch.qos.logback.classic.util.ContextInitializer@7f9dbe11 - Constructed configurator of type class ch.qos.logback.classic.joran.SerializedModelConfigurator
22:57:53,049 |-INFO in ch.qos.logback.classic.LoggerContext[default] - Could NOT find resource [logback-test.scmo]
22:57:53,049 |-INFO in ch.qos.logback.classic.LoggerContext[default] - Could NOT find resource [logback.scmo]
22:57:53,050 |-INFO in ch.qos.logback.classic.util.ContextInitializer@7f9dbe11 - ch.qos.logback.classic.joran.SerializedModelConfigurator.configure() call lasted 1 milliseconds. ExecutionStatus=INVOKE_NEXT_IF_ANY
22:57:53,050 |-INFO in ch.qos.logback.classic.util.ContextInitializer@7f9dbe11 - Trying to configure with ch.qos.logback.classic.util.DefaultJoranConfigurator
22:57:53,051 |-INFO in ch.qos.logback.classic.util.ContextInitializer@7f9dbe11 - Constructed configurator of type class ch.qos.logback.classic.util.DefaultJoranConfigurator
22:57:53,051 |-INFO in ch.qos.logback.classic.LoggerContext[default] - Could NOT find resource [logback-test.xml]
22:57:53,052 |-INFO in ch.qos.logback.classic.LoggerContext[default] - Found resource [logback.xml] at [file:/Users/gp/Documents/ensurancePharmacy/backv5/target/classes/logback.xml]
22:57:53,286 |-INFO in ch.qos.logback.core.model.processor.AppenderModelHandler - Processing appender named [CONSOLE]
22:57:53,286 |-INFO in ch.qos.logback.core.model.processor.AppenderModelHandler - About to instantiate appender of type [ch.qos.logback.core.ConsoleAppender]
22:57:53,292 |-INFO in ch.qos.logback.core.model.processor.ImplicitModelHandler - Assuming default type [ch.qos.logback.classic.encoder.PatternLayoutEncoder] for [encoder] property
22:57:53,334 |-INFO in ch.qos.logback.core.model.processor.AppenderModelHandler - Processing appender named [FILE]
22:57:53,334 |-INFO in ch.qos.logback.core.model.processor.AppenderModelHandler - About to instantiate appender of type [ch.qos.logback.core.rolling.RollingFileAppender]
22:57:53,352 |-INFO in c.q.l.core.rolling.TimeBasedRollingPolicy@401132274 - No compression will be used
22:57:53,353 |-INFO in c.q.l.core.rolling.TimeBasedRollingPolicy@401132274 - Will use the pattern logs/ensurance-backv5.%d{yyyy-MM-dd}.%i.log for the active file
22:57:53,364 |-INFO in ch.qos.logback.core.rolling.SizeAndTimeBasedFNATP@104cf647 - The date pattern is 'yyyy-MM-dd' from file name pattern 'logs/ensurance-backv5.%d{yyyy-MM-dd}.%i.log'.
22:57:53,364 |-INFO in ch.qos.logback.core.rolling.SizeAndTimeBasedFNATP@104cf647 - Roll-over at midnight.
22:57:53,365 |-INFO in ch.qos.logback.core.rolling.SizeAndTimeBasedFNATP@104cf647 - Setting initial period to 2025-09-04T04:35:23.791Z
22:57:53,365 |-WARN in ch.qos.logback.core.rolling.SizeAndTimeBasedFNATP@104cf647 - SizeAndTimeBasedFNATP is deprecated. Use SizeAndTimeBasedRollingPolicy instead
22:57:53,365 |-WARN in ch.qos.logback.core.rolling.SizeAndTimeBasedFNATP@104cf647 - For more information see http://logback.qos.ch/manual/appenders.html#SizeAndTimeBasedRollingPolicy
22:57:53,367 |-INFO in ch.qos.logback.core.model.processor.ImplicitModelHandler - Assuming default type [ch.qos.logback.classic.encoder.PatternLayoutEncoder] for [encoder] property
22:57:53,369 |-INFO in ch.qos.logback.core.rolling.RollingFileAppender[FILE] - Active log file name: logs/ensurance-backv5.log
22:57:53,369 |-INFO in ch.qos.logback.core.rolling.RollingFileAppender[FILE] - File property is set to [logs/ensurance-backv5.log]
22:57:53,371 |-INFO in ch.qos.logback.classic.model.processor.RootLoggerModelHandler - Setting level of ROOT logger to INFO
22:57:53,371 |-INFO in ch.qos.logback.core.model.processor.AppenderRefModelHandler - Attaching appender named [CONSOLE] to Logger[ROOT]
22:57:53,371 |-INFO in ch.qos.logback.core.model.processor.AppenderRefModelHandler - Attaching appender named [FILE] to Logger[ROOT]
22:57:53,372 |-INFO in ch.qos.logback.classic.model.processor.LoggerModelHandler - Setting level of logger [com.sources.app] to INFO
22:57:53,373 |-INFO in ch.qos.logback.classic.model.processor.LoggerModelHandler - Setting additivity of logger [com.sources.app] to false
22:57:53,373 |-INFO in ch.qos.logback.core.model.processor.AppenderRefModelHandler - Attaching appender named [CONSOLE] to Logger[com.sources.app]
22:57:53,373 |-INFO in ch.qos.logback.core.model.processor.AppenderRefModelHandler - Attaching appender named [FILE] to Logger[com.sources.app]
22:57:53,373 |-INFO in ch.qos.logback.classic.model.processor.LoggerModelHandler - Setting level of logger [org.hibernate] to WARN
22:57:53,373 |-INFO in ch.qos.logback.classic.model.processor.LoggerModelHandler - Setting level of logger [org.hibernate.SQL] to DEBUG
22:57:53,373 |-INFO in ch.qos.logback.core.model.processor.DefaultProcessor@7488c183 - End of configuration.
22:57:53,374 |-INFO in ch.qos.logback.classic.joran.JoranConfigurator@66779435 - Registering current configuration as safe fallback point
22:57:53,374 |-INFO in ch.qos.logback.classic.util.ContextInitializer@7f9dbe11 - ch.qos.logback.classic.util.DefaultJoranConfigurator.configure() call lasted 323 milliseconds. ExecutionStatus=DO_NOT_INVOKE_NEXT_IF_ANY

⚠️ Variable DB_SCHEMA_PHARMACY no definida, usando esquema por defecto
2025-09-03 22:57:54 [main] WARN  o.hibernate.orm.connections.pooling - HHH10001002: Using built-in connection pool (not intended for production use)
2025-09-03 22:57:56 [main] DEBUG org.hibernate.SQL - drop table if exists "USERS"
Hibernate: drop table if exists "USERS"
2025-09-03 22:57:56 [main] DEBUG org.hibernate.SQL - drop table if exists BILL
Hibernate: drop table if exists BILL
2025-09-03 22:57:56 [main] DEBUG org.hibernate.SQL - drop table if exists BILL_MEDICINE
Hibernate: drop table if exists BILL_MEDICINE
2025-09-03 22:57:56 [main] DEBUG org.hibernate.SQL - drop table if exists CATEGORY
Hibernate: drop table if exists CATEGORY
2025-09-03 22:57:56 [main] DEBUG org.hibernate.SQL - drop table if exists COMMENTS
Hibernate: drop table if exists COMMENTS
2025-09-03 22:57:56 [main] DEBUG org.hibernate.SQL - drop table if exists HOSPITAL
Hibernate: drop table if exists HOSPITAL
2025-09-03 22:57:56 [main] DEBUG org.hibernate.SQL - drop table if exists MEDICINE
Hibernate: drop table if exists MEDICINE
2025-09-03 22:57:56 [main] DEBUG org.hibernate.SQL - drop table if exists MEDICINE_CATSUBCAT
Hibernate: drop table if exists MEDICINE_CATSUBCAT
2025-09-03 22:57:56 [main] DEBUG org.hibernate.SQL - drop table if exists ORDERS
Hibernate: drop table if exists ORDERS
2025-09-03 22:57:56 [main] DEBUG org.hibernate.SQL - drop table if exists ORDERS_MEDICINE
Hibernate: drop table if exists ORDERS_MEDICINE
2025-09-03 22:57:56 [main] DEBUG org.hibernate.SQL - drop table if exists POLICY
Hibernate: drop table if exists POLICY
2025-09-03 22:57:56 [main] DEBUG org.hibernate.SQL - drop table if exists PRESCRIPTION
Hibernate: drop table if exists PRESCRIPTION
2025-09-03 22:57:56 [main] DEBUG org.hibernate.SQL - drop table if exists PRESCRIPTION_MEDICINE
Hibernate: drop table if exists PRESCRIPTION_MEDICINE
2025-09-03 22:57:56 [main] DEBUG org.hibernate.SQL - drop table if exists SERVICE_APPROVALS
Hibernate: drop table if exists SERVICE_APPROVALS
2025-09-03 22:57:56 [main] DEBUG org.hibernate.SQL - drop table if exists SUBCATEGORY
Hibernate: drop table if exists SUBCATEGORY
2025-09-03 22:57:56 [main] DEBUG org.hibernate.SQL - drop table if exists SYSTEM_CONFIG
Hibernate: drop table if exists SYSTEM_CONFIG
2025-09-03 22:57:56 [main] DEBUG org.hibernate.SQL - create table "USERS" (BIRTHDATE date, ENABLED char(1), ID_POLICY bigint, ID_USER integer, ADDRESS varchar(255), CUI varchar(255), EMAIL varchar(255), NAME varchar(255), PASSWORD varchar(255), PHONE varchar(255), ROL varchar(255), STATUS varchar(255), primary key (ID_USER))
Hibernate: create table "USERS" (BIRTHDATE date, ENABLED char(1), ID_POLICY bigint, ID_USER integer, ADDRESS varchar(255), CUI varchar(255), EMAIL varchar(255), NAME varchar(255), PASSWORD varchar(255), PHONE varchar(255), ROL varchar(255), STATUS varchar(255), primary key (ID_USER))
2025-09-03 22:57:56 [main] DEBUG org.hibernate.SQL - create table BILL (COPAY float, COVERED_AMOUNT float, PATIENT_AMOUNT float, SUBTOTAL float, TAXES float, TOTAL_AMOUNT float, CREATED_AT timestamp, ID_BILL integer, ID_PRESCRIPTION bigint, INSURANCE_APPROVAL_CODE varchar(255), STATUS varchar(255), TOTAL varchar(255), primary key (ID_BILL))
Hibernate: create table BILL (COPAY float, COVERED_AMOUNT float, PATIENT_AMOUNT float, SUBTOTAL float, TAXES float, TOTAL_AMOUNT float, CREATED_AT timestamp, ID_BILL integer, ID_PRESCRIPTION bigint, INSURANCE_APPROVAL_CODE varchar(255), STATUS varchar(255), TOTAL varchar(255), primary key (ID_BILL))
2025-09-03 22:57:56 [main] DEBUG org.hibernate.SQL - create table BILL_MEDICINE (COPAY float, COST float, QUANTITY integer, ID_BILL bigint not null, ID_MEDICINE bigint not null, TOTAL varchar(255), primary key (ID_BILL, ID_MEDICINE))
Hibernate: create table BILL_MEDICINE (COPAY float, COST float, QUANTITY integer, ID_BILL bigint not null, ID_MEDICINE bigint not null, TOTAL varchar(255), primary key (ID_BILL, ID_MEDICINE))
2025-09-03 22:57:56 [main] DEBUG org.hibernate.SQL - create table CATEGORY (ID_CATEGORY integer, NAME varchar(255), primary key (ID_CATEGORY))
Hibernate: create table CATEGORY (ID_CATEGORY integer, NAME varchar(255), primary key (ID_CATEGORY))
2025-09-03 22:57:56 [main] DEBUG org.hibernate.SQL - create table COMMENTS (ID_COMMENTS integer, ID_MEDICINE bigint, ID_PREV_COMMENT bigint, ID_USER bigint, COMMENT_TEXT varchar(255), primary key (ID_COMMENTS))
Hibernate: create table COMMENTS (ID_COMMENTS integer, ID_MEDICINE bigint, ID_PREV_COMMENT bigint, ID_USER bigint, COMMENT_TEXT varchar(255), primary key (ID_COMMENTS))
2025-09-03 22:57:56 [main] DEBUG org.hibernate.SQL - create table HOSPITAL (ENABLED char(1), ID_HOSPITAL integer, ADDRESS varchar(255), EMAIL varchar(255), NAME varchar(255), PHONE varchar(255), primary key (ID_HOSPITAL))
Hibernate: create table HOSPITAL (ENABLED char(1), ID_HOSPITAL integer, ADDRESS varchar(255), EMAIL varchar(255), NAME varchar(255), PHONE varchar(255), primary key (ID_HOSPITAL))
2025-09-03 22:57:56 [main] DEBUG org.hibernate.SQL - create table MEDICINE (PRESCRIPTION boolean, PRESENTACION float, PRICE float, SOLD_UNITS integer, STOCK integer, ID_MEDICINE integer, ACTIVE_MEDICAMENT varchar(255), BRAND varchar(255), CONCENTRATION varchar(255), DESCRIPTION varchar(255), IMAGE varchar(255), NAME varchar(255), primary key (ID_MEDICINE))
Hibernate: create table MEDICINE (PRESCRIPTION boolean, PRESENTACION float, PRICE float, SOLD_UNITS integer, STOCK integer, ID_MEDICINE integer, ACTIVE_MEDICAMENT varchar(255), BRAND varchar(255), CONCENTRATION varchar(255), DESCRIPTION varchar(255), IMAGE varchar(255), NAME varchar(255), primary key (ID_MEDICINE))
2025-09-03 22:57:56 [main] DEBUG org.hibernate.SQL - create table MEDICINE_CATSUBCAT (ID_CATEGORY bigint not null, ID_MEDICINE bigint not null, ID_SUBCATEGORY bigint not null, primary key (ID_CATEGORY, ID_MEDICINE, ID_SUBCATEGORY))
Hibernate: create table MEDICINE_CATSUBCAT (ID_CATEGORY bigint not null, ID_MEDICINE bigint not null, ID_SUBCATEGORY bigint not null, primary key (ID_CATEGORY, ID_MEDICINE, ID_SUBCATEGORY))
2025-09-03 22:57:56 [main] DEBUG org.hibernate.SQL - create table ORDERS (ID_ORDER integer, ID_USER bigint not null, STATUS varchar(255), primary key (ID_ORDER))
Hibernate: create table ORDERS (ID_ORDER integer, ID_USER bigint not null, STATUS varchar(255), primary key (ID_ORDER))
2025-09-03 22:57:56 [main] DEBUG org.hibernate.SQL - create table ORDERS_MEDICINE (COST float, QUANTITY integer, ID_MEDICINE bigint not null, ID_ORDER bigint not null, TOTAL varchar(255), primary key (ID_MEDICINE, ID_ORDER))
Hibernate: create table ORDERS_MEDICINE (COST float, QUANTITY integer, ID_MEDICINE bigint not null, ID_ORDER bigint not null, TOTAL varchar(255), primary key (ID_MEDICINE, ID_ORDER))
2025-09-03 22:57:56 [main] DEBUG org.hibernate.SQL - create table POLICY (ENABLED char(1), EXPIRATION_DATE date, PERCENTAGE float, ID_POLICY integer, primary key (ID_POLICY))
Hibernate: create table POLICY (ENABLED char(1), EXPIRATION_DATE date, PERCENTAGE float, ID_POLICY integer, primary key (ID_POLICY))
2025-09-03 22:57:56 [main] DEBUG org.hibernate.SQL - create table PRESCRIPTION (APPROVED char(1), ID_HOSPITAL bigint, ID_PRESCRIPTION integer, ID_USER bigint, primary key (ID_PRESCRIPTION))
Hibernate: create table PRESCRIPTION (APPROVED char(1), ID_HOSPITAL bigint, ID_PRESCRIPTION integer, ID_USER bigint, primary key (ID_PRESCRIPTION))
2025-09-03 22:57:56 [main] DEBUG org.hibernate.SQL - create table PRESCRIPTION_MEDICINE (DOSIS float, DURACION float, FRECUENCIA float, ID_MEDICINE bigint not null, ID_PRESCRIPTION bigint not null, primary key (ID_MEDICINE, ID_PRESCRIPTION))
Hibernate: create table PRESCRIPTION_MEDICINE (DOSIS float, DURACION float, FRECUENCIA float, ID_MEDICINE bigint not null, ID_PRESCRIPTION bigint not null, primary key (ID_MEDICINE, ID_PRESCRIPTION))
2025-09-03 22:57:56 [main] DEBUG org.hibernate.SQL - create table SERVICE_APPROVALS (COVERED_AMOUNT float not null, PATIENT_AMOUNT float not null, PRESCRIPTION_TOTAL float, SERVICE_COST float not null, APPROVAL_DATE timestamp not null, COMPLETED_DATE timestamp, CREATED_AT timestamp not null, ID_APPROVAL integer, ID_HOSPITAL bigint not null, ID_USER bigint not null, APPROVAL_CODE varchar(20) not null unique, STATUS varchar(20) not null, PRESCRIPTION_ID varchar(255), REJECTION_REASON varchar(255), SERVICE_DESCRIPTION varchar(255), SERVICE_ID varchar(255) not null, SERVICE_NAME varchar(255) not null, primary key (ID_APPROVAL))
Hibernate: create table SERVICE_APPROVALS (COVERED_AMOUNT float not null, PATIENT_AMOUNT float not null, PRESCRIPTION_TOTAL float, SERVICE_COST float not null, APPROVAL_DATE timestamp not null, COMPLETED_DATE timestamp, CREATED_AT timestamp not null, ID_APPROVAL integer, ID_HOSPITAL bigint not null, ID_USER bigint not null, APPROVAL_CODE varchar(20) not null unique, STATUS varchar(20) not null, PRESCRIPTION_ID varchar(255), REJECTION_REASON varchar(255), SERVICE_DESCRIPTION varchar(255), SERVICE_ID varchar(255) not null, SERVICE_NAME varchar(255) not null, primary key (ID_APPROVAL))
2025-09-03 22:57:56 [main] DEBUG org.hibernate.SQL - create table SUBCATEGORY (ID_SUBCATEGORY integer, NAME varchar(255), primary key (ID_SUBCATEGORY))
Hibernate: create table SUBCATEGORY (ID_SUBCATEGORY integer, NAME varchar(255), primary key (ID_SUBCATEGORY))
2025-09-03 22:57:56 [main] DEBUG org.hibernate.SQL - create table SYSTEM_CONFIG (ID_CONFIG integer, LAST_UPDATED timestamp not null, CONFIG_DESCRIPTION varchar(255), CONFIG_KEY varchar(255) not null unique, CONFIG_VALUE varchar(255) not null, primary key (ID_CONFIG))
Hibernate: create table SYSTEM_CONFIG (ID_CONFIG integer, LAST_UPDATED timestamp not null, CONFIG_DESCRIPTION varchar(255), CONFIG_KEY varchar(255) not null unique, CONFIG_VALUE varchar(255) not null, primary key (ID_CONFIG))
]]></system-out>
  </testcase>
  <testcase name="testBuildSessionFactory_PrintsSchemaMessage" classname="com.sources.app.util.HibernateUtilTest" time="0.713"/>
  <testcase name="testGetSessionFactoryNotNull" classname="com.sources.app.util.HibernateUtilTest" time="0.001"/>
</testsuite>