<?xml version="1.0" encoding="UTF-8"?>
<testsuite xmlns:xsi="http://www.w3.org/2001/XMLSchema-instance" xsi:noNamespaceSchemaLocation="https://maven.apache.org/surefire/maven-surefire-plugin/xsd/surefire-test-report-3.0.xsd" version="3.0" name="com.sources.app.dao.OrderMedicineDAOTest" time="0.065" tests="6" errors="0" skipped="0" failures="0">
  <properties>
[...]
</properties>
  <testcase name="testGetAllAndGetById" classname="com.sources.app.dao.OrderMedicineDAOTest" time="0.019">
    <system-out><![CDATA[Hibernate: select om1_0.ID_MEDICINE,om1_0.ID_ORDER,om1_0.COST,om1_0.QUANTITY,om1_0.TOTAL from ORDERS_MEDICINE om1_0
Hibernate: insert into "USERS" (ADDRESS,BIRTHDATE,CUI,EMAIL,ENABLED,NAME,PASSWORD,PHONE,ID_POLICY,ROL,STATUS,ID_USER) values (?,?,?,?,?,?,?,?,?,?,?,default)
Hibernate: select u1_0.ID_USER,u1_0.ADDRESS,u1_0.BIRTHDATE,u1_0.CUI,u1_0.EMAIL,u1_0.ENABLED,u1_0.NAME,u1_0.PASSWORD,u1_0.PHONE,p1_0.ID_POLICY,p1_0.ENABLED,p1_0.EXPIRATION_DATE,p1_0.PERCENTAGE,u1_0.ROL,u1_0.STATUS from "USERS" u1_0 left join POLICY p1_0 on p1_0.ID_POLICY=u1_0.ID_POLICY where u1_0.ID_USER=?
Hibernate: insert into ORDERS (STATUS,ID_USER,ID_ORDER) values (?,?,default)
Hibernate: insert into MEDICINE (ACTIVE_MEDICAMENT,BRAND,CONCENTRATION,DESCRIPTION,IMAGE,NAME,PRESCRIPTION,PRESENTACION,PRICE,SOLD_UNITS,STOCK,ID_MEDICINE) values (?,?,?,?,?,?,?,?,?,?,?,default)
Hibernate: select o1_0.ID_ORDER,o1_0.STATUS,o1_0.ID_USER,u1_0.ID_USER,u1_0.ADDRESS,u1_0.BIRTHDATE,u1_0.CUI,u1_0.EMAIL,u1_0.ENABLED,u1_0.NAME,u1_0.PASSWORD,u1_0.PHONE,p1_0.ID_POLICY,p1_0.ENABLED,p1_0.EXPIRATION_DATE,p1_0.PERCENTAGE,u1_0.ROL,u1_0.STATUS from ORDERS o1_0 join "USERS" u1_0 on u1_0.ID_USER=o1_0.ID_USER left join POLICY p1_0 on p1_0.ID_POLICY=u1_0.ID_POLICY where o1_0.ID_ORDER=?
Hibernate: select m1_0.ID_MEDICINE,m1_0.ACTIVE_MEDICAMENT,m1_0.BRAND,m1_0.CONCENTRATION,m1_0.DESCRIPTION,m1_0.IMAGE,m1_0.NAME,m1_0.PRESCRIPTION,m1_0.PRESENTACION,m1_0.PRICE,m1_0.SOLD_UNITS,m1_0.STOCK from MEDICINE m1_0 where m1_0.ID_MEDICINE=?
Hibernate: insert into ORDERS_MEDICINE (COST,QUANTITY,TOTAL,ID_MEDICINE,ID_ORDER) values (?,?,?,?,?)
Hibernate: select om1_0.ID_MEDICINE,om1_0.ID_ORDER,om1_0.COST,om1_0.QUANTITY,om1_0.TOTAL from ORDERS_MEDICINE om1_0
Hibernate: select m1_0.ID_MEDICINE,m1_0.ACTIVE_MEDICAMENT,m1_0.BRAND,m1_0.CONCENTRATION,m1_0.DESCRIPTION,m1_0.IMAGE,m1_0.NAME,m1_0.PRESCRIPTION,m1_0.PRESENTACION,m1_0.PRICE,m1_0.SOLD_UNITS,m1_0.STOCK from MEDICINE m1_0 where m1_0.ID_MEDICINE=?
Hibernate: select o1_0.ID_ORDER,o1_0.STATUS,o1_0.ID_USER,u1_0.ID_USER,u1_0.ADDRESS,u1_0.BIRTHDATE,u1_0.CUI,u1_0.EMAIL,u1_0.ENABLED,u1_0.NAME,u1_0.PASSWORD,u1_0.PHONE,p1_0.ID_POLICY,p1_0.ENABLED,p1_0.EXPIRATION_DATE,p1_0.PERCENTAGE,u1_0.ROL,u1_0.STATUS from ORDERS o1_0 join "USERS" u1_0 on u1_0.ID_USER=o1_0.ID_USER left join POLICY p1_0 on p1_0.ID_POLICY=u1_0.ID_POLICY where o1_0.ID_ORDER=?
Hibernate: select om1_0.ID_MEDICINE,om1_0.ID_ORDER,om1_0.COST,m1_0.ID_MEDICINE,m1_0.ACTIVE_MEDICAMENT,m1_0.BRAND,m1_0.CONCENTRATION,m1_0.DESCRIPTION,m1_0.IMAGE,m1_0.NAME,m1_0.PRESCRIPTION,m1_0.PRESENTACION,m1_0.PRICE,m1_0.SOLD_UNITS,m1_0.STOCK,o1_0.ID_ORDER,o1_0.STATUS,o1_0.ID_USER,u1_0.ID_USER,u1_0.ADDRESS,u1_0.BIRTHDATE,u1_0.CUI,u1_0.EMAIL,u1_0.ENABLED,u1_0.NAME,u1_0.PASSWORD,u1_0.PHONE,p1_0.ID_POLICY,p1_0.ENABLED,p1_0.EXPIRATION_DATE,p1_0.PERCENTAGE,u1_0.ROL,u1_0.STATUS,om1_0.QUANTITY,om1_0.TOTAL from ORDERS_MEDICINE om1_0 join MEDICINE m1_0 on m1_0.ID_MEDICINE=om1_0.ID_MEDICINE join ORDERS o1_0 on o1_0.ID_ORDER=om1_0.ID_ORDER join "USERS" u1_0 on u1_0.ID_USER=o1_0.ID_USER left join POLICY p1_0 on p1_0.ID_POLICY=u1_0.ID_POLICY where (om1_0.ID_MEDICINE,om1_0.ID_ORDER) in ((?,?))
]]></system-out>
  </testcase>
  <testcase name="testUpdateOrderMedicine" classname="com.sources.app.dao.OrderMedicineDAOTest" time="0.005">
    <system-out><![CDATA[Hibernate: insert into "USERS" (ADDRESS,BIRTHDATE,CUI,EMAIL,ENABLED,NAME,PASSWORD,PHONE,ID_POLICY,ROL,STATUS,ID_USER) values (?,?,?,?,?,?,?,?,?,?,?,default)
Hibernate: select u1_0.ID_USER,u1_0.ADDRESS,u1_0.BIRTHDATE,u1_0.CUI,u1_0.EMAIL,u1_0.ENABLED,u1_0.NAME,u1_0.PASSWORD,u1_0.PHONE,p1_0.ID_POLICY,p1_0.ENABLED,p1_0.EXPIRATION_DATE,p1_0.PERCENTAGE,u1_0.ROL,u1_0.STATUS from "USERS" u1_0 left join POLICY p1_0 on p1_0.ID_POLICY=u1_0.ID_POLICY where u1_0.ID_USER=?
Hibernate: insert into ORDERS (STATUS,ID_USER,ID_ORDER) values (?,?,default)
Hibernate: insert into MEDICINE (ACTIVE_MEDICAMENT,BRAND,CONCENTRATION,DESCRIPTION,IMAGE,NAME,PRESCRIPTION,PRESENTACION,PRICE,SOLD_UNITS,STOCK,ID_MEDICINE) values (?,?,?,?,?,?,?,?,?,?,?,default)
Hibernate: select o1_0.ID_ORDER,o1_0.STATUS,o1_0.ID_USER,u1_0.ID_USER,u1_0.ADDRESS,u1_0.BIRTHDATE,u1_0.CUI,u1_0.EMAIL,u1_0.ENABLED,u1_0.NAME,u1_0.PASSWORD,u1_0.PHONE,p1_0.ID_POLICY,p1_0.ENABLED,p1_0.EXPIRATION_DATE,p1_0.PERCENTAGE,u1_0.ROL,u1_0.STATUS from ORDERS o1_0 join "USERS" u1_0 on u1_0.ID_USER=o1_0.ID_USER left join POLICY p1_0 on p1_0.ID_POLICY=u1_0.ID_POLICY where o1_0.ID_ORDER=?
Hibernate: select m1_0.ID_MEDICINE,m1_0.ACTIVE_MEDICAMENT,m1_0.BRAND,m1_0.CONCENTRATION,m1_0.DESCRIPTION,m1_0.IMAGE,m1_0.NAME,m1_0.PRESCRIPTION,m1_0.PRESENTACION,m1_0.PRICE,m1_0.SOLD_UNITS,m1_0.STOCK from MEDICINE m1_0 where m1_0.ID_MEDICINE=?
Hibernate: insert into ORDERS_MEDICINE (COST,QUANTITY,TOTAL,ID_MEDICINE,ID_ORDER) values (?,?,?,?,?)
Hibernate: update ORDERS_MEDICINE set COST=?,QUANTITY=?,TOTAL=? where ID_MEDICINE=? and ID_ORDER=?
Hibernate: select om1_0.ID_MEDICINE,om1_0.ID_ORDER,om1_0.COST,m1_0.ID_MEDICINE,m1_0.ACTIVE_MEDICAMENT,m1_0.BRAND,m1_0.CONCENTRATION,m1_0.DESCRIPTION,m1_0.IMAGE,m1_0.NAME,m1_0.PRESCRIPTION,m1_0.PRESENTACION,m1_0.PRICE,m1_0.SOLD_UNITS,m1_0.STOCK,o1_0.ID_ORDER,o1_0.STATUS,o1_0.ID_USER,u1_0.ID_USER,u1_0.ADDRESS,u1_0.BIRTHDATE,u1_0.CUI,u1_0.EMAIL,u1_0.ENABLED,u1_0.NAME,u1_0.PASSWORD,u1_0.PHONE,p1_0.ID_POLICY,p1_0.ENABLED,p1_0.EXPIRATION_DATE,p1_0.PERCENTAGE,u1_0.ROL,u1_0.STATUS,om1_0.QUANTITY,om1_0.TOTAL from ORDERS_MEDICINE om1_0 join MEDICINE m1_0 on m1_0.ID_MEDICINE=om1_0.ID_MEDICINE join ORDERS o1_0 on o1_0.ID_ORDER=om1_0.ID_ORDER join "USERS" u1_0 on u1_0.ID_USER=o1_0.ID_USER left join POLICY p1_0 on p1_0.ID_POLICY=u1_0.ID_POLICY where (om1_0.ID_MEDICINE,om1_0.ID_ORDER) in ((?,?))
]]></system-out>
  </testcase>
  <testcase name="testOrderMedicineFromJsonFile" classname="com.sources.app.dao.OrderMedicineDAOTest" time="0.004"/>
  <testcase name="testGetByIdNotFoundReturnsNull" classname="com.sources.app.dao.OrderMedicineDAOTest" time="0.003">
    <system-out><![CDATA[Hibernate: select om1_0.ID_MEDICINE,om1_0.ID_ORDER,om1_0.COST,m1_0.ID_MEDICINE,m1_0.ACTIVE_MEDICAMENT,m1_0.BRAND,m1_0.CONCENTRATION,m1_0.DESCRIPTION,m1_0.IMAGE,m1_0.NAME,m1_0.PRESCRIPTION,m1_0.PRESENTACION,m1_0.PRICE,m1_0.SOLD_UNITS,m1_0.STOCK,o1_0.ID_ORDER,o1_0.STATUS,o1_0.ID_USER,u1_0.ID_USER,u1_0.ADDRESS,u1_0.BIRTHDATE,u1_0.CUI,u1_0.EMAIL,u1_0.ENABLED,u1_0.NAME,u1_0.PASSWORD,u1_0.PHONE,p1_0.ID_POLICY,p1_0.ENABLED,p1_0.EXPIRATION_DATE,p1_0.PERCENTAGE,u1_0.ROL,u1_0.STATUS,om1_0.QUANTITY,om1_0.TOTAL from ORDERS_MEDICINE om1_0 join MEDICINE m1_0 on m1_0.ID_MEDICINE=om1_0.ID_MEDICINE join ORDERS o1_0 on o1_0.ID_ORDER=om1_0.ID_ORDER join "USERS" u1_0 on u1_0.ID_USER=o1_0.ID_USER left join POLICY p1_0 on p1_0.ID_POLICY=u1_0.ID_POLICY where (om1_0.ID_MEDICINE,om1_0.ID_ORDER) in ((?,?))
]]></system-out>
  </testcase>
  <testcase name="testDeleteByIdSuccessAndNotFound" classname="com.sources.app.dao.OrderMedicineDAOTest" time="0.013">
    <system-out><![CDATA[Hibernate: insert into "USERS" (ADDRESS,BIRTHDATE,CUI,EMAIL,ENABLED,NAME,PASSWORD,PHONE,ID_POLICY,ROL,STATUS,ID_USER) values (?,?,?,?,?,?,?,?,?,?,?,default)
Hibernate: select u1_0.ID_USER,u1_0.ADDRESS,u1_0.BIRTHDATE,u1_0.CUI,u1_0.EMAIL,u1_0.ENABLED,u1_0.NAME,u1_0.PASSWORD,u1_0.PHONE,p1_0.ID_POLICY,p1_0.ENABLED,p1_0.EXPIRATION_DATE,p1_0.PERCENTAGE,u1_0.ROL,u1_0.STATUS from "USERS" u1_0 left join POLICY p1_0 on p1_0.ID_POLICY=u1_0.ID_POLICY where u1_0.ID_USER=?
Hibernate: insert into ORDERS (STATUS,ID_USER,ID_ORDER) values (?,?,default)
Hibernate: insert into MEDICINE (ACTIVE_MEDICAMENT,BRAND,CONCENTRATION,DESCRIPTION,IMAGE,NAME,PRESCRIPTION,PRESENTACION,PRICE,SOLD_UNITS,STOCK,ID_MEDICINE) values (?,?,?,?,?,?,?,?,?,?,?,default)
Hibernate: select o1_0.ID_ORDER,o1_0.STATUS,o1_0.ID_USER,u1_0.ID_USER,u1_0.ADDRESS,u1_0.BIRTHDATE,u1_0.CUI,u1_0.EMAIL,u1_0.ENABLED,u1_0.NAME,u1_0.PASSWORD,u1_0.PHONE,p1_0.ID_POLICY,p1_0.ENABLED,p1_0.EXPIRATION_DATE,p1_0.PERCENTAGE,u1_0.ROL,u1_0.STATUS from ORDERS o1_0 join "USERS" u1_0 on u1_0.ID_USER=o1_0.ID_USER left join POLICY p1_0 on p1_0.ID_POLICY=u1_0.ID_POLICY where o1_0.ID_ORDER=?
Hibernate: select m1_0.ID_MEDICINE,m1_0.ACTIVE_MEDICAMENT,m1_0.BRAND,m1_0.CONCENTRATION,m1_0.DESCRIPTION,m1_0.IMAGE,m1_0.NAME,m1_0.PRESCRIPTION,m1_0.PRESENTACION,m1_0.PRICE,m1_0.SOLD_UNITS,m1_0.STOCK from MEDICINE m1_0 where m1_0.ID_MEDICINE=?
Hibernate: insert into ORDERS_MEDICINE (COST,QUANTITY,TOTAL,ID_MEDICINE,ID_ORDER) values (?,?,?,?,?)
Hibernate: select om1_0.ID_MEDICINE,om1_0.ID_ORDER,om1_0.COST,m1_0.ID_MEDICINE,m1_0.ACTIVE_MEDICAMENT,m1_0.BRAND,m1_0.CONCENTRATION,m1_0.DESCRIPTION,m1_0.IMAGE,m1_0.NAME,m1_0.PRESCRIPTION,m1_0.PRESENTACION,m1_0.PRICE,m1_0.SOLD_UNITS,m1_0.STOCK,o1_0.ID_ORDER,o1_0.STATUS,o1_0.ID_USER,u1_0.ID_USER,u1_0.ADDRESS,u1_0.BIRTHDATE,u1_0.CUI,u1_0.EMAIL,u1_0.ENABLED,u1_0.NAME,u1_0.PASSWORD,u1_0.PHONE,p1_0.ID_POLICY,p1_0.ENABLED,p1_0.EXPIRATION_DATE,p1_0.PERCENTAGE,u1_0.ROL,u1_0.STATUS,om1_0.QUANTITY,om1_0.TOTAL from ORDERS_MEDICINE om1_0 join MEDICINE m1_0 on m1_0.ID_MEDICINE=om1_0.ID_MEDICINE join ORDERS o1_0 on o1_0.ID_ORDER=om1_0.ID_ORDER join "USERS" u1_0 on u1_0.ID_USER=o1_0.ID_USER left join POLICY p1_0 on p1_0.ID_POLICY=u1_0.ID_POLICY where (om1_0.ID_MEDICINE,om1_0.ID_ORDER) in ((?,?))
Hibernate: delete from ORDERS_MEDICINE where ID_MEDICINE=? and ID_ORDER=?
Hibernate: select om1_0.ID_MEDICINE,om1_0.ID_ORDER,om1_0.COST,m1_0.ID_MEDICINE,m1_0.ACTIVE_MEDICAMENT,m1_0.BRAND,m1_0.CONCENTRATION,m1_0.DESCRIPTION,m1_0.IMAGE,m1_0.NAME,m1_0.PRESCRIPTION,m1_0.PRESENTACION,m1_0.PRICE,m1_0.SOLD_UNITS,m1_0.STOCK,o1_0.ID_ORDER,o1_0.STATUS,o1_0.ID_USER,u1_0.ID_USER,u1_0.ADDRESS,u1_0.BIRTHDATE,u1_0.CUI,u1_0.EMAIL,u1_0.ENABLED,u1_0.NAME,u1_0.PASSWORD,u1_0.PHONE,p1_0.ID_POLICY,p1_0.ENABLED,p1_0.EXPIRATION_DATE,p1_0.PERCENTAGE,u1_0.ROL,u1_0.STATUS,om1_0.QUANTITY,om1_0.TOTAL from ORDERS_MEDICINE om1_0 join MEDICINE m1_0 on m1_0.ID_MEDICINE=om1_0.ID_MEDICINE join ORDERS o1_0 on o1_0.ID_ORDER=om1_0.ID_ORDER join "USERS" u1_0 on u1_0.ID_USER=o1_0.ID_USER left join POLICY p1_0 on p1_0.ID_POLICY=u1_0.ID_POLICY where (om1_0.ID_MEDICINE,om1_0.ID_ORDER) in ((?,?))
Hibernate: select om1_0.ID_MEDICINE,om1_0.ID_ORDER,om1_0.COST,m1_0.ID_MEDICINE,m1_0.ACTIVE_MEDICAMENT,m1_0.BRAND,m1_0.CONCENTRATION,m1_0.DESCRIPTION,m1_0.IMAGE,m1_0.NAME,m1_0.PRESCRIPTION,m1_0.PRESENTACION,m1_0.PRICE,m1_0.SOLD_UNITS,m1_0.STOCK,o1_0.ID_ORDER,o1_0.STATUS,o1_0.ID_USER,u1_0.ID_USER,u1_0.ADDRESS,u1_0.BIRTHDATE,u1_0.CUI,u1_0.EMAIL,u1_0.ENABLED,u1_0.NAME,u1_0.PASSWORD,u1_0.PHONE,p1_0.ID_POLICY,p1_0.ENABLED,p1_0.EXPIRATION_DATE,p1_0.PERCENTAGE,u1_0.ROL,u1_0.STATUS,om1_0.QUANTITY,om1_0.TOTAL from ORDERS_MEDICINE om1_0 join MEDICINE m1_0 on m1_0.ID_MEDICINE=om1_0.ID_MEDICINE join ORDERS o1_0 on o1_0.ID_ORDER=om1_0.ID_ORDER join "USERS" u1_0 on u1_0.ID_USER=o1_0.ID_USER left join POLICY p1_0 on p1_0.ID_POLICY=u1_0.ID_POLICY where (om1_0.ID_MEDICINE,om1_0.ID_ORDER) in ((?,?))
Hibernate: select om1_0.ID_MEDICINE,om1_0.ID_ORDER,om1_0.COST,m1_0.ID_MEDICINE,m1_0.ACTIVE_MEDICAMENT,m1_0.BRAND,m1_0.CONCENTRATION,m1_0.DESCRIPTION,m1_0.IMAGE,m1_0.NAME,m1_0.PRESCRIPTION,m1_0.PRESENTACION,m1_0.PRICE,m1_0.SOLD_UNITS,m1_0.STOCK,o1_0.ID_ORDER,o1_0.STATUS,o1_0.ID_USER,u1_0.ID_USER,u1_0.ADDRESS,u1_0.BIRTHDATE,u1_0.CUI,u1_0.EMAIL,u1_0.ENABLED,u1_0.NAME,u1_0.PASSWORD,u1_0.PHONE,p1_0.ID_POLICY,p1_0.ENABLED,p1_0.EXPIRATION_DATE,p1_0.PERCENTAGE,u1_0.ROL,u1_0.STATUS,om1_0.QUANTITY,om1_0.TOTAL from ORDERS_MEDICINE om1_0 join MEDICINE m1_0 on m1_0.ID_MEDICINE=om1_0.ID_MEDICINE join ORDERS o1_0 on o1_0.ID_ORDER=om1_0.ID_ORDER join "USERS" u1_0 on u1_0.ID_USER=o1_0.ID_USER left join POLICY p1_0 on p1_0.ID_POLICY=u1_0.ID_POLICY where (om1_0.ID_MEDICINE,om1_0.ID_ORDER) in ((?,?))
]]></system-out>
  </testcase>
  <testcase name="testCreateOrderMedicineFromJsonWithDependencies" classname="com.sources.app.dao.OrderMedicineDAOTest" time="0.016">
    <system-out><![CDATA[Hibernate: insert into "USERS" (ADDRESS,BIRTHDATE,CUI,EMAIL,ENABLED,NAME,PASSWORD,PHONE,ID_POLICY,ROL,STATUS,ID_USER) values (?,?,?,?,?,?,?,?,?,?,?,default)
Hibernate: select u1_0.ID_USER,u1_0.ADDRESS,u1_0.BIRTHDATE,u1_0.CUI,u1_0.EMAIL,u1_0.ENABLED,u1_0.NAME,u1_0.PASSWORD,u1_0.PHONE,p1_0.ID_POLICY,p1_0.ENABLED,p1_0.EXPIRATION_DATE,p1_0.PERCENTAGE,u1_0.ROL,u1_0.STATUS from "USERS" u1_0 left join POLICY p1_0 on p1_0.ID_POLICY=u1_0.ID_POLICY where u1_0.ID_USER=?
Hibernate: insert into ORDERS (STATUS,ID_USER,ID_ORDER) values (?,?,default)
Hibernate: insert into MEDICINE (ACTIVE_MEDICAMENT,BRAND,CONCENTRATION,DESCRIPTION,IMAGE,NAME,PRESCRIPTION,PRESENTACION,PRICE,SOLD_UNITS,STOCK,ID_MEDICINE) values (?,?,?,?,?,?,?,?,?,?,?,default)
Hibernate: select o1_0.ID_ORDER,o1_0.STATUS,o1_0.ID_USER,u1_0.ID_USER,u1_0.ADDRESS,u1_0.BIRTHDATE,u1_0.CUI,u1_0.EMAIL,u1_0.ENABLED,u1_0.NAME,u1_0.PASSWORD,u1_0.PHONE,p1_0.ID_POLICY,p1_0.ENABLED,p1_0.EXPIRATION_DATE,p1_0.PERCENTAGE,u1_0.ROL,u1_0.STATUS from ORDERS o1_0 join "USERS" u1_0 on u1_0.ID_USER=o1_0.ID_USER left join POLICY p1_0 on p1_0.ID_POLICY=u1_0.ID_POLICY where o1_0.ID_ORDER=?
Hibernate: select m1_0.ID_MEDICINE,m1_0.ACTIVE_MEDICAMENT,m1_0.BRAND,m1_0.CONCENTRATION,m1_0.DESCRIPTION,m1_0.IMAGE,m1_0.NAME,m1_0.PRESCRIPTION,m1_0.PRESENTACION,m1_0.PRICE,m1_0.SOLD_UNITS,m1_0.STOCK from MEDICINE m1_0 where m1_0.ID_MEDICINE=?
Hibernate: insert into ORDERS_MEDICINE (COST,QUANTITY,TOTAL,ID_MEDICINE,ID_ORDER) values (?,?,?,?,?)
]]></system-out>
  </testcase>
</testsuite>